[2025-01-10T10:02:29.826+0000] {local_task_job_runner.py:123} INFO - ::group::Pre task execution logs
[2025-01-10T10:02:29.881+0000] {taskinstance.py:2613} INFO - Dependencies all met for dep_context=non-requeueable deps ti=<TaskInstance: example_bash_decorator.runme_2 manual__2025-01-10T10:02:26.491835+00:00 [queued]>
[2025-01-10T10:02:29.913+0000] {taskinstance.py:2613} INFO - Dependencies all met for dep_context=requeueable deps ti=<TaskInstance: example_bash_decorator.runme_2 manual__2025-01-10T10:02:26.491835+00:00 [queued]>
[2025-01-10T10:02:29.915+0000] {taskinstance.py:2866} INFO - Starting attempt 1 of 1
[2025-01-10T10:02:29.960+0000] {taskinstance.py:2889} INFO - Executing <Task(_BashDecoratedOperator): runme_2> on 2025-01-10 10:02:26.491835+00:00
[2025-01-10T10:02:29.990+0000] {standard_task_runner.py:104} INFO - Running: ['***', 'tasks', 'run', 'example_bash_decorator', 'runme_2', 'manual__2025-01-10T10:02:26.491835+00:00', '--job-id', '31', '--raw', '--subdir', '/home/***/.local/lib/python3.12/site-packages/***/example_dags/example_bash_decorator.py', '--cfg-path', '/tmp/tmp1dzs7oqg']
[2025-01-10T10:02:29.995+0000] {standard_task_runner.py:105} INFO - Job 31: Subtask runme_2
[2025-01-10T10:02:30.005+0000] {logging_mixin.py:190} WARNING - /home/***/.local/lib/python3.12/site-packages/***/task/task_runner/standard_task_runner.py:70 DeprecationWarning: This process (pid=7959) is multi-threaded, use of fork() may lead to deadlocks in the child.
[2025-01-10T10:02:30.006+0000] {standard_task_runner.py:72} INFO - Started process 8010 to run task
[2025-01-10T10:02:30.158+0000] {task_command.py:467} INFO - Running <TaskInstance: example_bash_decorator.runme_2 manual__2025-01-10T10:02:26.491835+00:00 [running]> on host f99ce696fe80
[2025-01-10T10:02:30.396+0000] {taskinstance.py:3132} INFO - Exporting env vars: AIRFLOW_CTX_DAG_OWNER='***' AIRFLOW_CTX_DAG_ID='example_bash_decorator' AIRFLOW_CTX_TASK_ID='runme_2' AIRFLOW_CTX_EXECUTION_DATE='2025-01-10T10:02:26.491835+00:00' AIRFLOW_CTX_TRY_NUMBER='1' AIRFLOW_CTX_DAG_RUN_ID='manual__2025-01-10T10:02:26.491835+00:00'
[2025-01-10T10:02:30.398+0000] {logging_mixin.py:190} INFO - Task instance is in running state
[2025-01-10T10:02:30.399+0000] {logging_mixin.py:190} INFO -  Previous state of the Task instance: queued
[2025-01-10T10:02:30.401+0000] {logging_mixin.py:190} INFO - Current task name:runme_2 state:running start_date:2025-01-10 10:02:29.889567+00:00
[2025-01-10T10:02:30.402+0000] {logging_mixin.py:190} INFO - Dag name:example_bash_decorator and current dag run status:running
[2025-01-10T10:02:30.404+0000] {taskinstance.py:731} INFO - ::endgroup::
[2025-01-10T10:02:30.472+0000] {subprocess.py:78} INFO - Tmp dir root location: /tmp
[2025-01-10T10:02:30.475+0000] {subprocess.py:88} INFO - Running command: ['/usr/bin/bash', '-c', 'echo example_bash_decorator__runme_2__20250110 && sleep 2']
[2025-01-10T10:02:30.521+0000] {subprocess.py:99} INFO - Output:
[2025-01-10T10:02:30.526+0000] {subprocess.py:106} INFO - example_bash_decorator__runme_2__20250110
[2025-01-10T10:02:32.530+0000] {subprocess.py:110} INFO - Command exited with return code 0
[2025-01-10T10:02:32.572+0000] {taskinstance.py:340} INFO - ::group::Post task execution logs
[2025-01-10T10:02:32.573+0000] {taskinstance.py:352} INFO - Marking task as SUCCESS. dag_id=example_bash_decorator, task_id=runme_2, run_id=manual__2025-01-10T10:02:26.491835+00:00, execution_date=20250110T100226, start_date=20250110T100229, end_date=20250110T100232
[2025-01-10T10:02:32.591+0000] {logging_mixin.py:190} INFO - Task instance in success state
[2025-01-10T10:02:32.592+0000] {logging_mixin.py:190} INFO -  Previous state of the Task instance: running
[2025-01-10T10:02:32.592+0000] {logging_mixin.py:190} INFO - Dag name:example_bash_decorator queued_at:2025-01-10 10:02:26.511358+00:00
[2025-01-10T10:02:32.593+0000] {logging_mixin.py:190} INFO - Task hostname:f99ce696fe80 operator:_BashDecoratedOperator
[2025-01-10T10:02:32.621+0000] {local_task_job_runner.py:266} INFO - Task exited with return code 0
[2025-01-10T10:02:32.663+0000] {taskinstance.py:3895} INFO - 1 downstream tasks scheduled from follow-on schedule check
[2025-01-10T10:02:32.667+0000] {local_task_job_runner.py:245} INFO - ::endgroup::
