[2025-01-10T10:01:22.402+0000] {local_task_job_runner.py:123} INFO - ::group::Pre task execution logs
[2025-01-10T10:01:22.428+0000] {taskinstance.py:2613} INFO - Dependencies all met for dep_context=non-requeueable deps ti=<TaskInstance: example_bash_decorator.run_after_loop manual__2025-01-10T10:01:12.886807+00:00 [queued]>
[2025-01-10T10:01:22.441+0000] {taskinstance.py:2613} INFO - Dependencies all met for dep_context=requeueable deps ti=<TaskInstance: example_bash_decorator.run_after_loop manual__2025-01-10T10:01:12.886807+00:00 [queued]>
[2025-01-10T10:01:22.442+0000] {taskinstance.py:2866} INFO - Starting attempt 1 of 1
[2025-01-10T10:01:22.460+0000] {taskinstance.py:2889} INFO - Executing <Task(_BashDecoratedOperator): run_after_loop> on 2025-01-10 10:01:12.886807+00:00
[2025-01-10T10:01:22.476+0000] {standard_task_runner.py:104} INFO - Running: ['***', 'tasks', 'run', 'example_bash_decorator', 'run_after_loop', 'manual__2025-01-10T10:01:12.886807+00:00', '--job-id', '12', '--raw', '--subdir', '/home/***/.local/lib/python3.12/site-packages/***/example_dags/example_bash_decorator.py', '--cfg-path', '/tmp/tmpf9nxw_cx']
[2025-01-10T10:01:22.478+0000] {standard_task_runner.py:105} INFO - Job 12: Subtask run_after_loop
[2025-01-10T10:01:22.481+0000] {logging_mixin.py:190} WARNING - /home/***/.local/lib/python3.12/site-packages/***/task/task_runner/standard_task_runner.py:70 DeprecationWarning: This process (pid=7323) is multi-threaded, use of fork() may lead to deadlocks in the child.
[2025-01-10T10:01:22.482+0000] {standard_task_runner.py:72} INFO - Started process 7330 to run task
[2025-01-10T10:01:22.555+0000] {task_command.py:467} INFO - Running <TaskInstance: example_bash_decorator.run_after_loop manual__2025-01-10T10:01:12.886807+00:00 [running]> on host f99ce696fe80
[2025-01-10T10:01:22.700+0000] {taskinstance.py:3132} INFO - Exporting env vars: AIRFLOW_CTX_DAG_OWNER='***' AIRFLOW_CTX_DAG_ID='example_bash_decorator' AIRFLOW_CTX_TASK_ID='run_after_loop' AIRFLOW_CTX_EXECUTION_DATE='2025-01-10T10:01:12.886807+00:00' AIRFLOW_CTX_TRY_NUMBER='1' AIRFLOW_CTX_DAG_RUN_ID='manual__2025-01-10T10:01:12.886807+00:00'
[2025-01-10T10:01:22.702+0000] {logging_mixin.py:190} INFO - Task instance is in running state
[2025-01-10T10:01:22.702+0000] {logging_mixin.py:190} INFO -  Previous state of the Task instance: queued
[2025-01-10T10:01:22.703+0000] {logging_mixin.py:190} INFO - Current task name:run_after_loop state:running start_date:2025-01-10 10:01:22.429412+00:00
[2025-01-10T10:01:22.704+0000] {logging_mixin.py:190} INFO - Dag name:example_bash_decorator and current dag run status:running
[2025-01-10T10:01:22.704+0000] {taskinstance.py:731} INFO - ::endgroup::
[2025-01-10T10:01:22.732+0000] {subprocess.py:78} INFO - Tmp dir root location: /tmp
[2025-01-10T10:01:22.735+0000] {subprocess.py:88} INFO - Running command: ['/usr/bin/bash', '-c', 'echo https://***.apache.org/']
[2025-01-10T10:01:22.770+0000] {subprocess.py:99} INFO - Output:
[2025-01-10T10:01:22.772+0000] {subprocess.py:106} INFO - https://***.apache.org/
[2025-01-10T10:01:22.773+0000] {subprocess.py:110} INFO - Command exited with return code 0
[2025-01-10T10:01:22.808+0000] {taskinstance.py:340} INFO - ::group::Post task execution logs
[2025-01-10T10:01:22.809+0000] {taskinstance.py:352} INFO - Marking task as SUCCESS. dag_id=example_bash_decorator, task_id=run_after_loop, run_id=manual__2025-01-10T10:01:12.886807+00:00, execution_date=20250110T100112, start_date=20250110T100122, end_date=20250110T100122
[2025-01-10T10:01:22.822+0000] {logging_mixin.py:190} INFO - Task instance in success state
[2025-01-10T10:01:22.823+0000] {logging_mixin.py:190} INFO -  Previous state of the Task instance: running
[2025-01-10T10:01:22.824+0000] {logging_mixin.py:190} INFO - Dag name:example_bash_decorator queued_at:2025-01-10 10:01:12.906719+00:00
[2025-01-10T10:01:22.825+0000] {logging_mixin.py:190} INFO - Task hostname:f99ce696fe80 operator:_BashDecoratedOperator
[2025-01-10T10:01:22.860+0000] {local_task_job_runner.py:266} INFO - Task exited with return code 0
[2025-01-10T10:01:22.886+0000] {taskinstance.py:3895} INFO - 0 downstream tasks scheduled from follow-on schedule check
[2025-01-10T10:01:22.890+0000] {local_task_job_runner.py:245} INFO - ::endgroup::
