[2025-01-10T10:01:17.205+0000] {local_task_job_runner.py:123} INFO - ::group::Pre task execution logs
[2025-01-10T10:01:17.249+0000] {taskinstance.py:2613} INFO - Dependencies all met for dep_context=non-requeueable deps ti=<TaskInstance: example_bash_decorator.this_will_skip manual__2025-01-10T10:01:12.886807+00:00 [queued]>
[2025-01-10T10:01:17.268+0000] {taskinstance.py:2613} INFO - Dependencies all met for dep_context=requeueable deps ti=<TaskInstance: example_bash_decorator.this_will_skip manual__2025-01-10T10:01:12.886807+00:00 [queued]>
[2025-01-10T10:01:17.269+0000] {taskinstance.py:2866} INFO - Starting attempt 1 of 1
[2025-01-10T10:01:17.300+0000] {taskinstance.py:2889} INFO - Executing <Task(_BashDecoratedOperator): this_will_skip> on 2025-01-10 10:01:12.886807+00:00
[2025-01-10T10:01:17.342+0000] {logging_mixin.py:190} WARNING - /home/***/.local/lib/python3.12/site-packages/***/task/task_runner/standard_task_runner.py:70 DeprecationWarning: This process (pid=7291) is multi-threaded, use of fork() may lead to deadlocks in the child.
[2025-01-10T10:01:17.352+0000] {standard_task_runner.py:72} INFO - Started process 7297 to run task
[2025-01-10T10:01:17.345+0000] {standard_task_runner.py:104} INFO - Running: ['***', 'tasks', 'run', 'example_bash_decorator', 'this_will_skip', 'manual__2025-01-10T10:01:12.886807+00:00', '--job-id', '7', '--raw', '--subdir', '/home/***/.local/lib/python3.12/site-packages/***/example_dags/example_bash_decorator.py', '--cfg-path', '/tmp/tmp711na12k']
[2025-01-10T10:01:17.354+0000] {standard_task_runner.py:105} INFO - Job 7: Subtask this_will_skip
[2025-01-10T10:01:17.665+0000] {task_command.py:467} INFO - Running <TaskInstance: example_bash_decorator.this_will_skip manual__2025-01-10T10:01:12.886807+00:00 [running]> on host f99ce696fe80
[2025-01-10T10:01:17.980+0000] {taskinstance.py:3132} INFO - Exporting env vars: AIRFLOW_CTX_DAG_OWNER='***' AIRFLOW_CTX_DAG_ID='example_bash_decorator' AIRFLOW_CTX_TASK_ID='this_will_skip' AIRFLOW_CTX_EXECUTION_DATE='2025-01-10T10:01:12.886807+00:00' AIRFLOW_CTX_TRY_NUMBER='1' AIRFLOW_CTX_DAG_RUN_ID='manual__2025-01-10T10:01:12.886807+00:00'
[2025-01-10T10:01:17.985+0000] {logging_mixin.py:190} INFO - Task instance is in running state
[2025-01-10T10:01:17.986+0000] {logging_mixin.py:190} INFO -  Previous state of the Task instance: queued
[2025-01-10T10:01:17.987+0000] {logging_mixin.py:190} INFO - Current task name:this_will_skip state:running start_date:2025-01-10 10:01:17.250281+00:00
[2025-01-10T10:01:17.987+0000] {logging_mixin.py:190} INFO - Dag name:example_bash_decorator and current dag run status:running
[2025-01-10T10:01:17.989+0000] {taskinstance.py:731} INFO - ::endgroup::
[2025-01-10T10:01:18.039+0000] {subprocess.py:78} INFO - Tmp dir root location: /tmp
[2025-01-10T10:01:18.042+0000] {subprocess.py:88} INFO - Running command: ['/usr/bin/bash', '-c', 'echo "hello world"; exit 99;']
[2025-01-10T10:01:18.079+0000] {subprocess.py:99} INFO - Output:
[2025-01-10T10:01:18.082+0000] {subprocess.py:106} INFO - hello world
[2025-01-10T10:01:18.083+0000] {subprocess.py:110} INFO - Command exited with return code 99
[2025-01-10T10:01:18.085+0000] {taskinstance.py:301} INFO - Bash command returned exit code 99. Skipping.
[2025-01-10T10:01:18.121+0000] {taskinstance.py:340} INFO - ::group::Post task execution logs
[2025-01-10T10:01:18.122+0000] {taskinstance.py:352} INFO - Marking task as SKIPPED. dag_id=example_bash_decorator, task_id=this_will_skip, run_id=manual__2025-01-10T10:01:12.886807+00:00, execution_date=20250110T100112, start_date=20250110T100117, end_date=20250110T100118
[2025-01-10T10:01:18.204+0000] {local_task_job_runner.py:266} INFO - Task exited with return code 0
[2025-01-10T10:01:18.249+0000] {taskinstance.py:3895} INFO - 0 downstream tasks scheduled from follow-on schedule check
[2025-01-10T10:01:18.252+0000] {local_task_job_runner.py:245} INFO - ::endgroup::
