[2025-01-10T10:01:55.119+0000] {local_task_job_runner.py:123} INFO - ::group::Pre task execution logs
[2025-01-10T10:01:55.165+0000] {taskinstance.py:2613} INFO - Dependencies all met for dep_context=non-requeueable deps ti=<TaskInstance: example_bash_decorator.make_dynamic_dirs manual__2025-01-10T10:01:51.890634+00:00 [queued]>
[2025-01-10T10:01:55.189+0000] {taskinstance.py:2613} INFO - Dependencies all met for dep_context=requeueable deps ti=<TaskInstance: example_bash_decorator.make_dynamic_dirs manual__2025-01-10T10:01:51.890634+00:00 [queued]>
[2025-01-10T10:01:55.196+0000] {taskinstance.py:2866} INFO - Starting attempt 1 of 1
[2025-01-10T10:01:55.238+0000] {taskinstance.py:2889} INFO - Executing <Task(_BashDecoratedOperator): make_dynamic_dirs> on 2025-01-10 10:01:51.890634+00:00
[2025-01-10T10:01:55.306+0000] {standard_task_runner.py:104} INFO - Running: ['***', 'tasks', 'run', 'example_bash_decorator', 'make_dynamic_dirs', 'manual__2025-01-10T10:01:51.890634+00:00', '--job-id', '17', '--raw', '--subdir', '/home/***/.local/lib/python3.12/site-packages/***/example_dags/example_bash_decorator.py', '--cfg-path', '/tmp/tmp5501847i']
[2025-01-10T10:01:55.324+0000] {standard_task_runner.py:105} INFO - Job 17: Subtask make_dynamic_dirs
[2025-01-10T10:01:55.326+0000] {logging_mixin.py:190} WARNING - /home/***/.local/lib/python3.12/site-packages/***/task/task_runner/standard_task_runner.py:70 DeprecationWarning: This process (pid=7630) is multi-threaded, use of fork() may lead to deadlocks in the child.
[2025-01-10T10:01:55.329+0000] {standard_task_runner.py:72} INFO - Started process 7645 to run task
[2025-01-10T10:01:55.659+0000] {task_command.py:467} INFO - Running <TaskInstance: example_bash_decorator.make_dynamic_dirs manual__2025-01-10T10:01:51.890634+00:00 [running]> on host f99ce696fe80
[2025-01-10T10:01:55.974+0000] {taskinstance.py:3132} INFO - Exporting env vars: AIRFLOW_CTX_DAG_OWNER='***' AIRFLOW_CTX_DAG_ID='example_bash_decorator' AIRFLOW_CTX_TASK_ID='make_dynamic_dirs' AIRFLOW_CTX_EXECUTION_DATE='2025-01-10T10:01:51.890634+00:00' AIRFLOW_CTX_TRY_NUMBER='1' AIRFLOW_CTX_DAG_RUN_ID='manual__2025-01-10T10:01:51.890634+00:00'
[2025-01-10T10:01:55.981+0000] {logging_mixin.py:190} INFO - Task instance is in running state
[2025-01-10T10:01:55.983+0000] {logging_mixin.py:190} INFO -  Previous state of the Task instance: queued
[2025-01-10T10:01:55.988+0000] {logging_mixin.py:190} INFO - Current task name:make_dynamic_dirs state:running start_date:2025-01-10 10:01:55.167415+00:00
[2025-01-10T10:01:55.990+0000] {logging_mixin.py:190} INFO - Dag name:example_bash_decorator and current dag run status:running
[2025-01-10T10:01:55.991+0000] {taskinstance.py:731} INFO - ::endgroup::
[2025-01-10T10:01:56.052+0000] {subprocess.py:78} INFO - Tmp dir root location: /tmp
[2025-01-10T10:01:56.060+0000] {subprocess.py:88} INFO - Running command: ['/usr/bin/bash', '-c', 'mkdir -p $AIRFLOW_HOME/$BASE_DIR/foo/bar/baz']
[2025-01-10T10:01:56.111+0000] {subprocess.py:99} INFO - Output:
[2025-01-10T10:01:56.120+0000] {subprocess.py:110} INFO - Command exited with return code 0
[2025-01-10T10:01:56.192+0000] {taskinstance.py:340} INFO - ::group::Post task execution logs
[2025-01-10T10:01:56.197+0000] {taskinstance.py:352} INFO - Marking task as SUCCESS. dag_id=example_bash_decorator, task_id=make_dynamic_dirs, run_id=manual__2025-01-10T10:01:51.890634+00:00, execution_date=20250110T100151, start_date=20250110T100155, end_date=20250110T100156
[2025-01-10T10:01:56.253+0000] {logging_mixin.py:190} INFO - Task instance in success state
[2025-01-10T10:01:56.255+0000] {logging_mixin.py:190} INFO -  Previous state of the Task instance: running
[2025-01-10T10:01:56.256+0000] {logging_mixin.py:190} INFO - Dag name:example_bash_decorator queued_at:2025-01-10 10:01:51.911452+00:00
[2025-01-10T10:01:56.256+0000] {logging_mixin.py:190} INFO - Task hostname:f99ce696fe80 operator:_BashDecoratedOperator
[2025-01-10T10:01:56.322+0000] {local_task_job_runner.py:266} INFO - Task exited with return code 0
[2025-01-10T10:01:56.381+0000] {taskinstance.py:3895} INFO - 0 downstream tasks scheduled from follow-on schedule check
[2025-01-10T10:01:56.386+0000] {local_task_job_runner.py:245} INFO - ::endgroup::
