[2025-01-10T10:01:55.176+0000] {local_task_job_runner.py:123} INFO - ::group::Pre task execution logs
[2025-01-10T10:01:55.281+0000] {taskinstance.py:2613} INFO - Dependencies all met for dep_context=non-requeueable deps ti=<TaskInstance: example_bash_decorator.sleep_in manual__2025-01-10T10:01:51.890634+00:00 [queued]>
[2025-01-10T10:01:55.374+0000] {taskinstance.py:2613} INFO - Dependencies all met for dep_context=requeueable deps ti=<TaskInstance: example_bash_decorator.sleep_in manual__2025-01-10T10:01:51.890634+00:00 [queued]>
[2025-01-10T10:01:55.376+0000] {taskinstance.py:2866} INFO - Starting attempt 1 of 1
[2025-01-10T10:01:55.442+0000] {taskinstance.py:2889} INFO - Executing <Task(_BashDecoratedOperator): sleep_in> on 2025-01-10 10:01:51.890634+00:00
[2025-01-10T10:01:55.502+0000] {standard_task_runner.py:104} INFO - Running: ['***', 'tasks', 'run', 'example_bash_decorator', 'sleep_in', 'manual__2025-01-10T10:01:51.890634+00:00', '--job-id', '21', '--raw', '--subdir', '/home/***/.local/lib/python3.12/site-packages/***/example_dags/example_bash_decorator.py', '--cfg-path', '/tmp/tmpw776ieew']
[2025-01-10T10:01:55.528+0000] {logging_mixin.py:190} WARNING - /home/***/.local/lib/python3.12/site-packages/***/task/task_runner/standard_task_runner.py:70 DeprecationWarning: This process (pid=7626) is multi-threaded, use of fork() may lead to deadlocks in the child.
[2025-01-10T10:01:55.532+0000] {standard_task_runner.py:105} INFO - Job 21: Subtask sleep_in
[2025-01-10T10:01:55.532+0000] {standard_task_runner.py:72} INFO - Started process 7654 to run task
[2025-01-10T10:01:55.781+0000] {task_command.py:467} INFO - Running <TaskInstance: example_bash_decorator.sleep_in manual__2025-01-10T10:01:51.890634+00:00 [running]> on host f99ce696fe80
[2025-01-10T10:01:56.120+0000] {taskinstance.py:3132} INFO - Exporting env vars: AIRFLOW_CTX_DAG_OWNER='***' AIRFLOW_CTX_DAG_ID='example_bash_decorator' AIRFLOW_CTX_TASK_ID='sleep_in' AIRFLOW_CTX_EXECUTION_DATE='2025-01-10T10:01:51.890634+00:00' AIRFLOW_CTX_TRY_NUMBER='1' AIRFLOW_CTX_DAG_RUN_ID='manual__2025-01-10T10:01:51.890634+00:00'
[2025-01-10T10:01:56.126+0000] {logging_mixin.py:190} INFO - Task instance is in running state
[2025-01-10T10:01:56.128+0000] {logging_mixin.py:190} INFO -  Previous state of the Task instance: queued
[2025-01-10T10:01:56.130+0000] {logging_mixin.py:190} INFO - Current task name:sleep_in state:running start_date:2025-01-10 10:01:55.295435+00:00
[2025-01-10T10:01:56.135+0000] {logging_mixin.py:190} INFO - Dag name:example_bash_decorator and current dag run status:running
[2025-01-10T10:01:56.139+0000] {taskinstance.py:731} INFO - ::endgroup::
[2025-01-10T10:01:56.141+0000] {taskinstance.py:301} INFO - No sleeping in today!
[2025-01-10T10:01:56.190+0000] {taskinstance.py:340} INFO - ::group::Post task execution logs
[2025-01-10T10:01:56.193+0000] {taskinstance.py:352} INFO - Marking task as SKIPPED. dag_id=example_bash_decorator, task_id=sleep_in, run_id=manual__2025-01-10T10:01:51.890634+00:00, execution_date=20250110T100151, start_date=20250110T100155, end_date=20250110T100156
[2025-01-10T10:01:56.303+0000] {local_task_job_runner.py:266} INFO - Task exited with return code 0
[2025-01-10T10:01:56.327+0000] {local_task_job_runner.py:245} INFO - ::endgroup::
