[2025-01-11T09:15:15.762+0000] {local_task_job_runner.py:123} INFO - ::group::Pre task execution logs
[2025-01-11T09:15:15.864+0000] {taskinstance.py:2613} INFO - Dependencies all met for dep_context=non-requeueable deps ti=<TaskInstance: first_dag.first_task scheduled__2025-01-10T16:00:00+00:00 [queued]>
[2025-01-11T09:15:15.911+0000] {taskinstance.py:2613} INFO - Dependencies all met for dep_context=requeueable deps ti=<TaskInstance: first_dag.first_task scheduled__2025-01-10T16:00:00+00:00 [queued]>
[2025-01-11T09:15:15.913+0000] {taskinstance.py:2866} INFO - Starting attempt 1 of 6
[2025-01-11T09:15:15.973+0000] {taskinstance.py:2889} INFO - Executing <Task(BashOperator): first_task> on 2025-01-10 16:00:00+00:00
[2025-01-11T09:15:15.999+0000] {standard_task_runner.py:104} INFO - Running: ['***', 'tasks', 'run', 'first_dag', 'first_task', 'scheduled__2025-01-10T16:00:00+00:00', '--job-id', '53', '--raw', '--subdir', 'DAGS_FOLDER/first_dag.py', '--cfg-path', '/tmp/tmp7nxq3dkm']
[2025-01-11T09:15:16.008+0000] {standard_task_runner.py:105} INFO - Job 53: Subtask first_task
[2025-01-11T09:15:16.018+0000] {logging_mixin.py:190} WARNING - /home/***/.local/lib/python3.12/site-packages/***/task/task_runner/standard_task_runner.py:70 DeprecationWarning: This process (pid=1563) is multi-threaded, use of fork() may lead to deadlocks in the child.
[2025-01-11T09:15:16.021+0000] {standard_task_runner.py:72} INFO - Started process 1577 to run task
[2025-01-11T09:15:16.238+0000] {task_command.py:467} INFO - Running <TaskInstance: first_dag.first_task scheduled__2025-01-10T16:00:00+00:00 [running]> on host 8c99cb857b26
[2025-01-11T09:15:16.563+0000] {taskinstance.py:3132} INFO - Exporting env vars: AIRFLOW_CTX_DAG_OWNER='Khanh' AIRFLOW_CTX_DAG_ID='first_dag' AIRFLOW_CTX_TASK_ID='first_task' AIRFLOW_CTX_EXECUTION_DATE='2025-01-10T16:00:00+00:00' AIRFLOW_CTX_TRY_NUMBER='1' AIRFLOW_CTX_DAG_RUN_ID='scheduled__2025-01-10T16:00:00+00:00'
[2025-01-11T09:15:16.565+0000] {taskinstance.py:731} INFO - ::endgroup::
[2025-01-11T09:15:16.612+0000] {subprocess.py:78} INFO - Tmp dir root location: /tmp
[2025-01-11T09:15:16.615+0000] {subprocess.py:88} INFO - Running command: ['/usr/bin/bash', '-c', 'echo hello world!']
[2025-01-11T09:15:16.638+0000] {subprocess.py:99} INFO - Output:
[2025-01-11T09:15:16.642+0000] {subprocess.py:106} INFO - hello world!
[2025-01-11T09:15:16.643+0000] {subprocess.py:110} INFO - Command exited with return code 0
[2025-01-11T09:15:16.702+0000] {taskinstance.py:340} INFO - ::group::Post task execution logs
[2025-01-11T09:15:16.703+0000] {taskinstance.py:352} INFO - Marking task as SUCCESS. dag_id=first_dag, task_id=first_task, run_id=scheduled__2025-01-10T16:00:00+00:00, execution_date=20250110T160000, start_date=20250111T091515, end_date=20250111T091516
[2025-01-11T09:15:16.788+0000] {local_task_job_runner.py:266} INFO - Task exited with return code 0
[2025-01-11T09:15:16.810+0000] {local_task_job_runner.py:245} INFO - ::endgroup::
