[2025-01-11T09:23:25.190+0000] {local_task_job_runner.py:123} INFO - ::group::Pre task execution logs
[2025-01-11T09:23:25.233+0000] {taskinstance.py:2613} INFO - Dependencies all met for dep_context=non-requeueable deps ti=<TaskInstance: first_dag_v2.second_task manual__2025-01-11T09:23:22.369048+00:00 [queued]>
[2025-01-11T09:23:25.252+0000] {taskinstance.py:2613} INFO - Dependencies all met for dep_context=requeueable deps ti=<TaskInstance: first_dag_v2.second_task manual__2025-01-11T09:23:22.369048+00:00 [queued]>
[2025-01-11T09:23:25.253+0000] {taskinstance.py:2866} INFO - Starting attempt 1 of 6
[2025-01-11T09:23:25.289+0000] {taskinstance.py:2889} INFO - Executing <Task(BashOperator): second_task> on 2025-01-11 09:23:22.369048+00:00
[2025-01-11T09:23:25.305+0000] {standard_task_runner.py:104} INFO - Running: ['***', 'tasks', 'run', 'first_dag_v2', 'second_task', 'manual__2025-01-11T09:23:22.369048+00:00', '--job-id', '71', '--raw', '--subdir', 'DAGS_FOLDER/first_dag.py', '--cfg-path', '/tmp/tmp_ottkugb']
[2025-01-11T09:23:25.310+0000] {standard_task_runner.py:105} INFO - Job 71: Subtask second_task
[2025-01-11T09:23:25.320+0000] {logging_mixin.py:190} WARNING - /home/***/.local/lib/python3.12/site-packages/***/task/task_runner/standard_task_runner.py:70 DeprecationWarning: This process (pid=1908) is multi-threaded, use of fork() may lead to deadlocks in the child.
[2025-01-11T09:23:25.321+0000] {standard_task_runner.py:72} INFO - Started process 1909 to run task
[2025-01-11T09:23:25.407+0000] {task_command.py:467} INFO - Running <TaskInstance: first_dag_v2.second_task manual__2025-01-11T09:23:22.369048+00:00 [running]> on host 8c99cb857b26
[2025-01-11T09:23:25.594+0000] {taskinstance.py:3132} INFO - Exporting env vars: AIRFLOW_CTX_DAG_OWNER='Khanh' AIRFLOW_CTX_DAG_ID='first_dag_v2' AIRFLOW_CTX_TASK_ID='second_task' AIRFLOW_CTX_EXECUTION_DATE='2025-01-11T09:23:22.369048+00:00' AIRFLOW_CTX_TRY_NUMBER='1' AIRFLOW_CTX_DAG_RUN_ID='manual__2025-01-11T09:23:22.369048+00:00'
[2025-01-11T09:23:25.596+0000] {taskinstance.py:731} INFO - ::endgroup::
[2025-01-11T09:23:25.629+0000] {subprocess.py:78} INFO - Tmp dir root location: /tmp
[2025-01-11T09:23:25.632+0000] {subprocess.py:88} INFO - Running command: ['/usr/bin/bash', '-c', 'echo hey im running after task 1']
[2025-01-11T09:23:25.654+0000] {subprocess.py:99} INFO - Output:
[2025-01-11T09:23:25.657+0000] {subprocess.py:106} INFO - hey im running after task 1
[2025-01-11T09:23:25.659+0000] {subprocess.py:110} INFO - Command exited with return code 0
[2025-01-11T09:23:25.720+0000] {taskinstance.py:340} INFO - ::group::Post task execution logs
[2025-01-11T09:23:25.722+0000] {taskinstance.py:352} INFO - Marking task as SUCCESS. dag_id=first_dag_v2, task_id=second_task, run_id=manual__2025-01-11T09:23:22.369048+00:00, execution_date=20250111T092322, start_date=20250111T092325, end_date=20250111T092325
[2025-01-11T09:23:25.798+0000] {local_task_job_runner.py:266} INFO - Task exited with return code 0
[2025-01-11T09:23:25.832+0000] {taskinstance.py:3895} INFO - 0 downstream tasks scheduled from follow-on schedule check
[2025-01-11T09:23:25.837+0000] {local_task_job_runner.py:245} INFO - ::endgroup::
