[2025-01-13T02:00:58.868+0000] {local_task_job_runner.py:123} INFO - ::group::Pre task execution logs
[2025-01-13T02:00:58.901+0000] {taskinstance.py:2613} INFO - Dependencies all met for dep_context=non-requeueable deps ti=<TaskInstance: dag_with_py_v3.greet scheduled__2025-01-11T00:00:00+00:00 [queued]>
[2025-01-13T02:00:58.913+0000] {taskinstance.py:2613} INFO - Dependencies all met for dep_context=requeueable deps ti=<TaskInstance: dag_with_py_v3.greet scheduled__2025-01-11T00:00:00+00:00 [queued]>
[2025-01-13T02:00:58.914+0000] {taskinstance.py:2866} INFO - Starting attempt 1 of 6
[2025-01-13T02:00:58.939+0000] {taskinstance.py:2889} INFO - Executing <Task(PythonOperator): greet> on 2025-01-11 00:00:00+00:00
[2025-01-13T02:00:58.952+0000] {standard_task_runner.py:104} INFO - Running: ['***', 'tasks', 'run', 'dag_with_py_v3', 'greet', 'scheduled__2025-01-11T00:00:00+00:00', '--job-id', '84', '--raw', '--subdir', 'DAGS_FOLDER/dag_python.py', '--cfg-path', '/tmp/tmp5tkg65_i']
[2025-01-13T02:00:58.955+0000] {standard_task_runner.py:105} INFO - Job 84: Subtask greet
[2025-01-13T02:00:58.960+0000] {logging_mixin.py:190} WARNING - /home/***/.local/lib/python3.12/site-packages/***/task/task_runner/standard_task_runner.py:70 DeprecationWarning: This process (pid=2099) is multi-threaded, use of fork() may lead to deadlocks in the child.
[2025-01-13T02:00:58.962+0000] {standard_task_runner.py:72} INFO - Started process 2102 to run task
[2025-01-13T02:00:59.043+0000] {task_command.py:467} INFO - Running <TaskInstance: dag_with_py_v3.greet scheduled__2025-01-11T00:00:00+00:00 [running]> on host a726eb716cdf
[2025-01-13T02:00:59.189+0000] {taskinstance.py:3132} INFO - Exporting env vars: AIRFLOW_CTX_DAG_OWNER='Khanh' AIRFLOW_CTX_DAG_ID='dag_with_py_v3' AIRFLOW_CTX_TASK_ID='greet' AIRFLOW_CTX_EXECUTION_DATE='2025-01-11T00:00:00+00:00' AIRFLOW_CTX_TRY_NUMBER='1' AIRFLOW_CTX_DAG_RUN_ID='scheduled__2025-01-11T00:00:00+00:00'
[2025-01-13T02:00:59.191+0000] {taskinstance.py:731} INFO - ::endgroup::
[2025-01-13T02:00:59.227+0000] {logging_mixin.py:190} INFO - Hello World! My name is Khanh and I am 20 years old.
[2025-01-13T02:00:59.227+0000] {python.py:240} INFO - Done. Returned value was: None
[2025-01-13T02:00:59.246+0000] {taskinstance.py:340} INFO - ::group::Post task execution logs
[2025-01-13T02:00:59.247+0000] {taskinstance.py:352} INFO - Marking task as SUCCESS. dag_id=dag_with_py_v3, task_id=greet, run_id=scheduled__2025-01-11T00:00:00+00:00, execution_date=20250111T000000, start_date=20250113T020058, end_date=20250113T020059
[2025-01-13T02:00:59.304+0000] {local_task_job_runner.py:266} INFO - Task exited with return code 0
[2025-01-13T02:00:59.346+0000] {taskinstance.py:3895} INFO - 0 downstream tasks scheduled from follow-on schedule check
[2025-01-13T02:00:59.350+0000] {local_task_job_runner.py:245} INFO - ::endgroup::
[2025-01-13T02:03:40.493+0000] {local_task_job_runner.py:123} INFO - ::group::Pre task execution logs
[2025-01-13T02:03:40.532+0000] {taskinstance.py:2613} INFO - Dependencies all met for dep_context=non-requeueable deps ti=<TaskInstance: dag_with_py_v3.greet scheduled__2025-01-11T00:00:00+00:00 [queued]>
[2025-01-13T02:03:40.547+0000] {taskinstance.py:2613} INFO - Dependencies all met for dep_context=requeueable deps ti=<TaskInstance: dag_with_py_v3.greet scheduled__2025-01-11T00:00:00+00:00 [queued]>
[2025-01-13T02:03:40.548+0000] {taskinstance.py:2866} INFO - Starting attempt 1 of 6
[2025-01-13T02:03:40.572+0000] {taskinstance.py:2889} INFO - Executing <Task(PythonOperator): greet> on 2025-01-11 00:00:00+00:00
[2025-01-13T02:03:40.585+0000] {standard_task_runner.py:104} INFO - Running: ['***', 'tasks', 'run', 'dag_with_py_v3', 'greet', 'scheduled__2025-01-11T00:00:00+00:00', '--job-id', '96', '--raw', '--subdir', 'DAGS_FOLDER/dag_python.py', '--cfg-path', '/tmp/tmp23ks9b1j']
[2025-01-13T02:03:40.589+0000] {standard_task_runner.py:105} INFO - Job 96: Subtask greet
[2025-01-13T02:03:40.590+0000] {logging_mixin.py:190} WARNING - /home/***/.local/lib/python3.12/site-packages/***/task/task_runner/standard_task_runner.py:70 DeprecationWarning: This process (pid=2271) is multi-threaded, use of fork() may lead to deadlocks in the child.
[2025-01-13T02:03:40.592+0000] {standard_task_runner.py:72} INFO - Started process 2275 to run task
[2025-01-13T02:03:40.659+0000] {task_command.py:467} INFO - Running <TaskInstance: dag_with_py_v3.greet scheduled__2025-01-11T00:00:00+00:00 [running]> on host a726eb716cdf
[2025-01-13T02:03:40.794+0000] {taskinstance.py:3132} INFO - Exporting env vars: AIRFLOW_CTX_DAG_OWNER='Khanh' AIRFLOW_CTX_DAG_ID='dag_with_py_v3' AIRFLOW_CTX_TASK_ID='greet' AIRFLOW_CTX_EXECUTION_DATE='2025-01-11T00:00:00+00:00' AIRFLOW_CTX_TRY_NUMBER='1' AIRFLOW_CTX_DAG_RUN_ID='scheduled__2025-01-11T00:00:00+00:00'
[2025-01-13T02:03:40.796+0000] {taskinstance.py:731} INFO - ::endgroup::
[2025-01-13T02:03:40.817+0000] {logging_mixin.py:190} INFO - Hello World! My name is Khanh and I am 20 years old.
[2025-01-13T02:03:40.818+0000] {python.py:240} INFO - Done. Returned value was: None
[2025-01-13T02:03:40.832+0000] {taskinstance.py:340} INFO - ::group::Post task execution logs
[2025-01-13T02:03:40.833+0000] {taskinstance.py:352} INFO - Marking task as SUCCESS. dag_id=dag_with_py_v3, task_id=greet, run_id=scheduled__2025-01-11T00:00:00+00:00, execution_date=20250111T000000, start_date=20250113T020340, end_date=20250113T020340
[2025-01-13T02:03:40.894+0000] {local_task_job_runner.py:266} INFO - Task exited with return code 0
[2025-01-13T02:03:40.913+0000] {local_task_job_runner.py:245} INFO - ::endgroup::
