[2025-01-10T10:01:17.205+0000] {local_task_job_runner.py:123} INFO - ::group::Pre task execution logs
[2025-01-10T10:01:17.252+0000] {taskinstance.py:2613} INFO - Dependencies all met for dep_context=non-requeueable deps ti=<TaskInstance: example_bash_decorator.make_dynamic_dirs manual__2025-01-10T10:01:12.886807+00:00 [queued]>
[2025-01-10T10:01:17.270+0000] {taskinstance.py:2613} INFO - Dependencies all met for dep_context=requeueable deps ti=<TaskInstance: example_bash_decorator.make_dynamic_dirs manual__2025-01-10T10:01:12.886807+00:00 [queued]>
[2025-01-10T10:01:17.271+0000] {taskinstance.py:2866} INFO - Starting attempt 1 of 1
[2025-01-10T10:01:17.304+0000] {taskinstance.py:2889} INFO - Executing <Task(_BashDecoratedOperator): make_dynamic_dirs> on 2025-01-10 10:01:12.886807+00:00
[2025-01-10T10:01:17.355+0000] {logging_mixin.py:190} WARNING - /home/***/.local/lib/python3.12/site-packages/***/task/task_runner/standard_task_runner.py:70 DeprecationWarning: This process (pid=7294) is multi-threaded, use of fork() may lead to deadlocks in the child.
[2025-01-10T10:01:17.374+0000] {standard_task_runner.py:72} INFO - Started process 7298 to run task
[2025-01-10T10:01:17.358+0000] {standard_task_runner.py:104} INFO - Running: ['***', 'tasks', 'run', 'example_bash_decorator', 'make_dynamic_dirs', 'manual__2025-01-10T10:01:12.886807+00:00', '--job-id', '5', '--raw', '--subdir', '/home/***/.local/lib/python3.12/site-packages/***/example_dags/example_bash_decorator.py', '--cfg-path', '/tmp/tmpne57fc3o']
[2025-01-10T10:01:17.380+0000] {standard_task_runner.py:105} INFO - Job 5: Subtask make_dynamic_dirs
[2025-01-10T10:01:17.696+0000] {task_command.py:467} INFO - Running <TaskInstance: example_bash_decorator.make_dynamic_dirs manual__2025-01-10T10:01:12.886807+00:00 [running]> on host f99ce696fe80
[2025-01-10T10:01:17.995+0000] {taskinstance.py:3132} INFO - Exporting env vars: AIRFLOW_CTX_DAG_OWNER='***' AIRFLOW_CTX_DAG_ID='example_bash_decorator' AIRFLOW_CTX_TASK_ID='make_dynamic_dirs' AIRFLOW_CTX_EXECUTION_DATE='2025-01-10T10:01:12.886807+00:00' AIRFLOW_CTX_TRY_NUMBER='1' AIRFLOW_CTX_DAG_RUN_ID='manual__2025-01-10T10:01:12.886807+00:00'
[2025-01-10T10:01:18.000+0000] {logging_mixin.py:190} INFO - Task instance is in running state
[2025-01-10T10:01:18.001+0000] {logging_mixin.py:190} INFO -  Previous state of the Task instance: queued
[2025-01-10T10:01:18.002+0000] {logging_mixin.py:190} INFO - Current task name:make_dynamic_dirs state:running start_date:2025-01-10 10:01:17.254440+00:00
[2025-01-10T10:01:18.003+0000] {logging_mixin.py:190} INFO - Dag name:example_bash_decorator and current dag run status:running
[2025-01-10T10:01:18.004+0000] {taskinstance.py:731} INFO - ::endgroup::
[2025-01-10T10:01:18.060+0000] {subprocess.py:78} INFO - Tmp dir root location: /tmp
[2025-01-10T10:01:18.065+0000] {subprocess.py:88} INFO - Running command: ['/usr/bin/bash', '-c', 'mkdir -p $AIRFLOW_HOME/$BASE_DIR/foo/bar/baz']
[2025-01-10T10:01:18.099+0000] {subprocess.py:99} INFO - Output:
[2025-01-10T10:01:18.111+0000] {subprocess.py:110} INFO - Command exited with return code 0
[2025-01-10T10:01:18.161+0000] {taskinstance.py:340} INFO - ::group::Post task execution logs
[2025-01-10T10:01:18.163+0000] {taskinstance.py:352} INFO - Marking task as SUCCESS. dag_id=example_bash_decorator, task_id=make_dynamic_dirs, run_id=manual__2025-01-10T10:01:12.886807+00:00, execution_date=20250110T100112, start_date=20250110T100117, end_date=20250110T100118
[2025-01-10T10:01:18.186+0000] {logging_mixin.py:190} INFO - Task instance in success state
[2025-01-10T10:01:18.187+0000] {logging_mixin.py:190} INFO -  Previous state of the Task instance: running
[2025-01-10T10:01:18.188+0000] {logging_mixin.py:190} INFO - Dag name:example_bash_decorator queued_at:2025-01-10 10:01:12.906719+00:00
[2025-01-10T10:01:18.189+0000] {logging_mixin.py:190} INFO - Task hostname:f99ce696fe80 operator:_BashDecoratedOperator
[2025-01-10T10:01:18.246+0000] {local_task_job_runner.py:266} INFO - Task exited with return code 0
[2025-01-10T10:01:18.298+0000] {taskinstance.py:3895} INFO - 0 downstream tasks scheduled from follow-on schedule check
[2025-01-10T10:01:18.304+0000] {local_task_job_runner.py:245} INFO - ::endgroup::
