[2025-01-10T10:02:29.777+0000] {local_task_job_runner.py:123} INFO - ::group::Pre task execution logs
[2025-01-10T10:02:29.843+0000] {taskinstance.py:2613} INFO - Dependencies all met for dep_context=non-requeueable deps ti=<TaskInstance: example_bash_decorator.this_will_skip manual__2025-01-10T10:02:26.491835+00:00 [queued]>
[2025-01-10T10:02:29.876+0000] {taskinstance.py:2613} INFO - Dependencies all met for dep_context=requeueable deps ti=<TaskInstance: example_bash_decorator.this_will_skip manual__2025-01-10T10:02:26.491835+00:00 [queued]>
[2025-01-10T10:02:29.879+0000] {taskinstance.py:2866} INFO - Starting attempt 1 of 1
[2025-01-10T10:02:29.926+0000] {taskinstance.py:2889} INFO - Executing <Task(_BashDecoratedOperator): this_will_skip> on 2025-01-10 10:02:26.491835+00:00
[2025-01-10T10:02:29.964+0000] {standard_task_runner.py:104} INFO - Running: ['***', 'tasks', 'run', 'example_bash_decorator', 'this_will_skip', 'manual__2025-01-10T10:02:26.491835+00:00', '--job-id', '30', '--raw', '--subdir', '/home/***/.local/lib/python3.12/site-packages/***/example_dags/example_bash_decorator.py', '--cfg-path', '/tmp/tmpb3s6ex2h']
[2025-01-10T10:02:29.976+0000] {standard_task_runner.py:105} INFO - Job 30: Subtask this_will_skip
[2025-01-10T10:02:29.976+0000] {logging_mixin.py:190} WARNING - /home/***/.local/lib/python3.12/site-packages/***/task/task_runner/standard_task_runner.py:70 DeprecationWarning: This process (pid=7963) is multi-threaded, use of fork() may lead to deadlocks in the child.
[2025-01-10T10:02:29.978+0000] {standard_task_runner.py:72} INFO - Started process 8009 to run task
[2025-01-10T10:02:30.124+0000] {task_command.py:467} INFO - Running <TaskInstance: example_bash_decorator.this_will_skip manual__2025-01-10T10:02:26.491835+00:00 [running]> on host f99ce696fe80
[2025-01-10T10:02:30.394+0000] {taskinstance.py:3132} INFO - Exporting env vars: AIRFLOW_CTX_DAG_OWNER='***' AIRFLOW_CTX_DAG_ID='example_bash_decorator' AIRFLOW_CTX_TASK_ID='this_will_skip' AIRFLOW_CTX_EXECUTION_DATE='2025-01-10T10:02:26.491835+00:00' AIRFLOW_CTX_TRY_NUMBER='1' AIRFLOW_CTX_DAG_RUN_ID='manual__2025-01-10T10:02:26.491835+00:00'
[2025-01-10T10:02:30.401+0000] {logging_mixin.py:190} INFO - Task instance is in running state
[2025-01-10T10:02:30.404+0000] {logging_mixin.py:190} INFO -  Previous state of the Task instance: queued
[2025-01-10T10:02:30.410+0000] {logging_mixin.py:190} INFO - Current task name:this_will_skip state:running start_date:2025-01-10 10:02:29.845762+00:00
[2025-01-10T10:02:30.413+0000] {logging_mixin.py:190} INFO - Dag name:example_bash_decorator and current dag run status:running
[2025-01-10T10:02:30.415+0000] {taskinstance.py:731} INFO - ::endgroup::
[2025-01-10T10:02:30.478+0000] {subprocess.py:78} INFO - Tmp dir root location: /tmp
[2025-01-10T10:02:30.480+0000] {subprocess.py:88} INFO - Running command: ['/usr/bin/bash', '-c', 'echo "hello world"; exit 99;']
[2025-01-10T10:02:30.527+0000] {subprocess.py:99} INFO - Output:
[2025-01-10T10:02:30.529+0000] {subprocess.py:106} INFO - hello world
[2025-01-10T10:02:30.531+0000] {subprocess.py:110} INFO - Command exited with return code 99
[2025-01-10T10:02:30.532+0000] {taskinstance.py:301} INFO - Bash command returned exit code 99. Skipping.
[2025-01-10T10:02:30.579+0000] {taskinstance.py:340} INFO - ::group::Post task execution logs
[2025-01-10T10:02:30.581+0000] {taskinstance.py:352} INFO - Marking task as SKIPPED. dag_id=example_bash_decorator, task_id=this_will_skip, run_id=manual__2025-01-10T10:02:26.491835+00:00, execution_date=20250110T100226, start_date=20250110T100229, end_date=20250110T100230
[2025-01-10T10:02:30.710+0000] {local_task_job_runner.py:266} INFO - Task exited with return code 0
[2025-01-10T10:02:30.779+0000] {taskinstance.py:3895} INFO - 0 downstream tasks scheduled from follow-on schedule check
[2025-01-10T10:02:30.783+0000] {local_task_job_runner.py:245} INFO - ::endgroup::
