[2025-01-10T10:02:29.618+0000] {local_task_job_runner.py:123} INFO - ::group::Pre task execution logs
[2025-01-10T10:02:29.663+0000] {taskinstance.py:2613} INFO - Dependencies all met for dep_context=non-requeueable deps ti=<TaskInstance: example_bash_decorator.make_dynamic_dirs manual__2025-01-10T10:02:26.491835+00:00 [queued]>
[2025-01-10T10:02:29.687+0000] {taskinstance.py:2613} INFO - Dependencies all met for dep_context=requeueable deps ti=<TaskInstance: example_bash_decorator.make_dynamic_dirs manual__2025-01-10T10:02:26.491835+00:00 [queued]>
[2025-01-10T10:02:29.689+0000] {taskinstance.py:2866} INFO - Starting attempt 1 of 1
[2025-01-10T10:02:29.745+0000] {taskinstance.py:2889} INFO - Executing <Task(_BashDecoratedOperator): make_dynamic_dirs> on 2025-01-10 10:02:26.491835+00:00
[2025-01-10T10:02:29.790+0000] {standard_task_runner.py:104} INFO - Running: ['***', 'tasks', 'run', 'example_bash_decorator', 'make_dynamic_dirs', 'manual__2025-01-10T10:02:26.491835+00:00', '--job-id', '26', '--raw', '--subdir', '/home/***/.local/lib/python3.12/site-packages/***/example_dags/example_bash_decorator.py', '--cfg-path', '/tmp/tmpiexx91r0']
[2025-01-10T10:02:29.795+0000] {standard_task_runner.py:105} INFO - Job 26: Subtask make_dynamic_dirs
[2025-01-10T10:02:29.804+0000] {logging_mixin.py:190} WARNING - /home/***/.local/lib/python3.12/site-packages/***/task/task_runner/standard_task_runner.py:70 DeprecationWarning: This process (pid=7966) is multi-threaded, use of fork() may lead to deadlocks in the child.
[2025-01-10T10:02:29.813+0000] {standard_task_runner.py:72} INFO - Started process 7994 to run task
[2025-01-10T10:02:29.952+0000] {task_command.py:467} INFO - Running <TaskInstance: example_bash_decorator.make_dynamic_dirs manual__2025-01-10T10:02:26.491835+00:00 [running]> on host f99ce696fe80
[2025-01-10T10:02:30.204+0000] {taskinstance.py:3132} INFO - Exporting env vars: AIRFLOW_CTX_DAG_OWNER='***' AIRFLOW_CTX_DAG_ID='example_bash_decorator' AIRFLOW_CTX_TASK_ID='make_dynamic_dirs' AIRFLOW_CTX_EXECUTION_DATE='2025-01-10T10:02:26.491835+00:00' AIRFLOW_CTX_TRY_NUMBER='1' AIRFLOW_CTX_DAG_RUN_ID='manual__2025-01-10T10:02:26.491835+00:00'
[2025-01-10T10:02:30.220+0000] {logging_mixin.py:190} INFO - Task instance is in running state
[2025-01-10T10:02:30.224+0000] {logging_mixin.py:190} INFO -  Previous state of the Task instance: queued
[2025-01-10T10:02:30.226+0000] {logging_mixin.py:190} INFO - Current task name:make_dynamic_dirs state:running start_date:2025-01-10 10:02:29.664549+00:00
[2025-01-10T10:02:30.229+0000] {logging_mixin.py:190} INFO - Dag name:example_bash_decorator and current dag run status:running
[2025-01-10T10:02:30.230+0000] {taskinstance.py:731} INFO - ::endgroup::
[2025-01-10T10:02:30.303+0000] {subprocess.py:78} INFO - Tmp dir root location: /tmp
[2025-01-10T10:02:30.305+0000] {subprocess.py:88} INFO - Running command: ['/usr/bin/bash', '-c', 'mkdir -p $AIRFLOW_HOME/$BASE_DIR/foo/bar/baz']
[2025-01-10T10:02:30.343+0000] {subprocess.py:99} INFO - Output:
[2025-01-10T10:02:30.356+0000] {subprocess.py:110} INFO - Command exited with return code 0
[2025-01-10T10:02:30.434+0000] {taskinstance.py:340} INFO - ::group::Post task execution logs
[2025-01-10T10:02:30.441+0000] {taskinstance.py:352} INFO - Marking task as SUCCESS. dag_id=example_bash_decorator, task_id=make_dynamic_dirs, run_id=manual__2025-01-10T10:02:26.491835+00:00, execution_date=20250110T100226, start_date=20250110T100229, end_date=20250110T100230
[2025-01-10T10:02:30.466+0000] {logging_mixin.py:190} INFO - Task instance in success state
[2025-01-10T10:02:30.468+0000] {logging_mixin.py:190} INFO -  Previous state of the Task instance: running
[2025-01-10T10:02:30.477+0000] {logging_mixin.py:190} INFO - Dag name:example_bash_decorator queued_at:2025-01-10 10:02:26.511358+00:00
[2025-01-10T10:02:30.483+0000] {logging_mixin.py:190} INFO - Task hostname:f99ce696fe80 operator:_BashDecoratedOperator
[2025-01-10T10:02:30.532+0000] {local_task_job_runner.py:266} INFO - Task exited with return code 0
[2025-01-10T10:02:30.552+0000] {local_task_job_runner.py:245} INFO - ::endgroup::
