[2025-01-10T10:02:29.598+0000] {local_task_job_runner.py:123} INFO - ::group::Pre task execution logs
[2025-01-10T10:02:29.650+0000] {taskinstance.py:2613} INFO - Dependencies all met for dep_context=non-requeueable deps ti=<TaskInstance: example_bash_decorator.also_run_this manual__2025-01-10T10:02:26.491835+00:00 [queued]>
[2025-01-10T10:02:29.671+0000] {taskinstance.py:2613} INFO - Dependencies all met for dep_context=requeueable deps ti=<TaskInstance: example_bash_decorator.also_run_this manual__2025-01-10T10:02:26.491835+00:00 [queued]>
[2025-01-10T10:02:29.675+0000] {taskinstance.py:2866} INFO - Starting attempt 1 of 1
[2025-01-10T10:02:29.725+0000] {taskinstance.py:2889} INFO - Executing <Task(_BashDecoratedOperator): also_run_this> on 2025-01-10 10:02:26.491835+00:00
[2025-01-10T10:02:29.749+0000] {standard_task_runner.py:104} INFO - Running: ['***', 'tasks', 'run', 'example_bash_decorator', 'also_run_this', 'manual__2025-01-10T10:02:26.491835+00:00', '--job-id', '24', '--raw', '--subdir', '/home/***/.local/lib/python3.12/site-packages/***/example_dags/example_bash_decorator.py', '--cfg-path', '/tmp/tmp5tsshjhd']
[2025-01-10T10:02:29.756+0000] {standard_task_runner.py:105} INFO - Job 24: Subtask also_run_this
[2025-01-10T10:02:29.763+0000] {logging_mixin.py:190} WARNING - /home/***/.local/lib/python3.12/site-packages/***/task/task_runner/standard_task_runner.py:70 DeprecationWarning: This process (pid=7962) is multi-threaded, use of fork() may lead to deadlocks in the child.
[2025-01-10T10:02:29.768+0000] {standard_task_runner.py:72} INFO - Started process 7990 to run task
[2025-01-10T10:02:29.921+0000] {task_command.py:467} INFO - Running <TaskInstance: example_bash_decorator.also_run_this manual__2025-01-10T10:02:26.491835+00:00 [running]> on host f99ce696fe80
[2025-01-10T10:02:30.240+0000] {taskinstance.py:3132} INFO - Exporting env vars: AIRFLOW_CTX_DAG_OWNER='***' AIRFLOW_CTX_DAG_ID='example_bash_decorator' AIRFLOW_CTX_TASK_ID='also_run_this' AIRFLOW_CTX_EXECUTION_DATE='2025-01-10T10:02:26.491835+00:00' AIRFLOW_CTX_TRY_NUMBER='1' AIRFLOW_CTX_DAG_RUN_ID='manual__2025-01-10T10:02:26.491835+00:00'
[2025-01-10T10:02:30.248+0000] {logging_mixin.py:190} INFO - Task instance is in running state
[2025-01-10T10:02:30.251+0000] {logging_mixin.py:190} INFO -  Previous state of the Task instance: queued
[2025-01-10T10:02:30.252+0000] {logging_mixin.py:190} INFO - Current task name:also_run_this state:running start_date:2025-01-10 10:02:29.652778+00:00
[2025-01-10T10:02:30.257+0000] {logging_mixin.py:190} INFO - Dag name:example_bash_decorator and current dag run status:running
[2025-01-10T10:02:30.258+0000] {taskinstance.py:731} INFO - ::endgroup::
[2025-01-10T10:02:30.313+0000] {subprocess.py:78} INFO - Tmp dir root location: /tmp
[2025-01-10T10:02:30.318+0000] {subprocess.py:88} INFO - Running command: ['/usr/bin/bash', '-c', 'echo "ti_key=example_bash_decorator__also_run_this__20250110"']
[2025-01-10T10:02:30.365+0000] {subprocess.py:99} INFO - Output:
[2025-01-10T10:02:30.371+0000] {subprocess.py:106} INFO - ti_key=example_bash_decorator__also_run_this__20250110
[2025-01-10T10:02:30.373+0000] {subprocess.py:110} INFO - Command exited with return code 0
[2025-01-10T10:02:30.458+0000] {taskinstance.py:340} INFO - ::group::Post task execution logs
[2025-01-10T10:02:30.460+0000] {taskinstance.py:352} INFO - Marking task as SUCCESS. dag_id=example_bash_decorator, task_id=also_run_this, run_id=manual__2025-01-10T10:02:26.491835+00:00, execution_date=20250110T100226, start_date=20250110T100229, end_date=20250110T100230
[2025-01-10T10:02:30.483+0000] {logging_mixin.py:190} INFO - Task instance in success state
[2025-01-10T10:02:30.485+0000] {logging_mixin.py:190} INFO -  Previous state of the Task instance: running
[2025-01-10T10:02:30.487+0000] {logging_mixin.py:190} INFO - Dag name:example_bash_decorator queued_at:2025-01-10 10:02:26.511358+00:00
[2025-01-10T10:02:30.490+0000] {logging_mixin.py:190} INFO - Task hostname:f99ce696fe80 operator:_BashDecoratedOperator
[2025-01-10T10:02:30.537+0000] {local_task_job_runner.py:266} INFO - Task exited with return code 0
[2025-01-10T10:02:30.560+0000] {local_task_job_runner.py:245} INFO - ::endgroup::
