[2025-01-10T10:01:55.099+0000] {local_task_job_runner.py:123} INFO - ::group::Pre task execution logs
[2025-01-10T10:01:55.138+0000] {taskinstance.py:2613} INFO - Dependencies all met for dep_context=non-requeueable deps ti=<TaskInstance: example_bash_decorator.runme_2 manual__2025-01-10T10:01:51.890634+00:00 [queued]>
[2025-01-10T10:01:55.160+0000] {taskinstance.py:2613} INFO - Dependencies all met for dep_context=requeueable deps ti=<TaskInstance: example_bash_decorator.runme_2 manual__2025-01-10T10:01:51.890634+00:00 [queued]>
[2025-01-10T10:01:55.162+0000] {taskinstance.py:2866} INFO - Starting attempt 1 of 1
[2025-01-10T10:01:55.196+0000] {taskinstance.py:2889} INFO - Executing <Task(_BashDecoratedOperator): runme_2> on 2025-01-10 10:01:51.890634+00:00
[2025-01-10T10:01:55.254+0000] {standard_task_runner.py:104} INFO - Running: ['***', 'tasks', 'run', 'example_bash_decorator', 'runme_2', 'manual__2025-01-10T10:01:51.890634+00:00', '--job-id', '15', '--raw', '--subdir', '/home/***/.local/lib/python3.12/site-packages/***/example_dags/example_bash_decorator.py', '--cfg-path', '/tmp/tmphvnhwhao']
[2025-01-10T10:01:55.270+0000] {standard_task_runner.py:105} INFO - Job 15: Subtask runme_2
[2025-01-10T10:01:55.268+0000] {logging_mixin.py:190} WARNING - /home/***/.local/lib/python3.12/site-packages/***/task/task_runner/standard_task_runner.py:70 DeprecationWarning: This process (pid=7623) is multi-threaded, use of fork() may lead to deadlocks in the child.
[2025-01-10T10:01:55.291+0000] {standard_task_runner.py:72} INFO - Started process 7641 to run task
[2025-01-10T10:01:55.686+0000] {task_command.py:467} INFO - Running <TaskInstance: example_bash_decorator.runme_2 manual__2025-01-10T10:01:51.890634+00:00 [running]> on host f99ce696fe80
[2025-01-10T10:01:56.043+0000] {taskinstance.py:3132} INFO - Exporting env vars: AIRFLOW_CTX_DAG_OWNER='***' AIRFLOW_CTX_DAG_ID='example_bash_decorator' AIRFLOW_CTX_TASK_ID='runme_2' AIRFLOW_CTX_EXECUTION_DATE='2025-01-10T10:01:51.890634+00:00' AIRFLOW_CTX_TRY_NUMBER='1' AIRFLOW_CTX_DAG_RUN_ID='manual__2025-01-10T10:01:51.890634+00:00'
[2025-01-10T10:01:56.047+0000] {logging_mixin.py:190} INFO - Task instance is in running state
[2025-01-10T10:01:56.050+0000] {logging_mixin.py:190} INFO -  Previous state of the Task instance: queued
[2025-01-10T10:01:56.053+0000] {logging_mixin.py:190} INFO - Current task name:runme_2 state:running start_date:2025-01-10 10:01:55.139734+00:00
[2025-01-10T10:01:56.055+0000] {logging_mixin.py:190} INFO - Dag name:example_bash_decorator and current dag run status:running
[2025-01-10T10:01:56.058+0000] {taskinstance.py:731} INFO - ::endgroup::
[2025-01-10T10:01:56.114+0000] {subprocess.py:78} INFO - Tmp dir root location: /tmp
[2025-01-10T10:01:56.118+0000] {subprocess.py:88} INFO - Running command: ['/usr/bin/bash', '-c', 'echo example_bash_decorator__runme_2__20250110 && sleep 2']
[2025-01-10T10:01:56.178+0000] {subprocess.py:99} INFO - Output:
[2025-01-10T10:01:56.180+0000] {subprocess.py:106} INFO - example_bash_decorator__runme_2__20250110
[2025-01-10T10:01:58.187+0000] {subprocess.py:110} INFO - Command exited with return code 0
[2025-01-10T10:01:58.228+0000] {taskinstance.py:340} INFO - ::group::Post task execution logs
[2025-01-10T10:01:58.229+0000] {taskinstance.py:352} INFO - Marking task as SUCCESS. dag_id=example_bash_decorator, task_id=runme_2, run_id=manual__2025-01-10T10:01:51.890634+00:00, execution_date=20250110T100151, start_date=20250110T100155, end_date=20250110T100158
[2025-01-10T10:01:58.247+0000] {logging_mixin.py:190} INFO - Task instance in success state
[2025-01-10T10:01:58.248+0000] {logging_mixin.py:190} INFO -  Previous state of the Task instance: running
[2025-01-10T10:01:58.248+0000] {logging_mixin.py:190} INFO - Dag name:example_bash_decorator queued_at:2025-01-10 10:01:51.911452+00:00
[2025-01-10T10:01:58.249+0000] {logging_mixin.py:190} INFO - Task hostname:f99ce696fe80 operator:_BashDecoratedOperator
[2025-01-10T10:01:58.285+0000] {local_task_job_runner.py:266} INFO - Task exited with return code 0
[2025-01-10T10:01:58.324+0000] {taskinstance.py:3895} INFO - 1 downstream tasks scheduled from follow-on schedule check
[2025-01-10T10:01:58.327+0000] {local_task_job_runner.py:245} INFO - ::endgroup::
