[2025-01-11T08:06:29.213+0000] {processor.py:186} INFO - Started process (PID=394) to work on /home/airflow/.local/lib/python3.12/site-packages/airflow/example_dags/example_branch_operator.py
[2025-01-11T08:06:29.215+0000] {processor.py:914} INFO - Processing file /home/airflow/.local/lib/python3.12/site-packages/airflow/example_dags/example_branch_operator.py for tasks to queue
[2025-01-11T08:06:29.219+0000] {logging_mixin.py:190} INFO - [2025-01-11T08:06:29.218+0000] {dagbag.py:588} INFO - Filling up the DagBag from /home/airflow/.local/lib/python3.12/site-packages/airflow/example_dags/example_branch_operator.py
[2025-01-11T08:06:29.258+0000] {processor.py:925} INFO - DAG(s) 'example_branch_operator' retrieved from /home/airflow/.local/lib/python3.12/site-packages/airflow/example_dags/example_branch_operator.py
[2025-01-11T08:06:29.554+0000] {logging_mixin.py:190} INFO - [2025-01-11T08:06:29.553+0000] {dag.py:3239} INFO - Sync 1 DAGs
[2025-01-11T08:06:29.607+0000] {logging_mixin.py:190} INFO - [2025-01-11T08:06:29.606+0000] {dag.py:4180} INFO - Setting next_dagrun for example_branch_operator to 2025-01-10 00:00:00+00:00, run_after=2025-01-11 00:00:00+00:00
[2025-01-11T08:06:29.650+0000] {processor.py:208} INFO - Processing /home/airflow/.local/lib/python3.12/site-packages/airflow/example_dags/example_branch_operator.py took 0.449 seconds
[2025-01-11T08:07:00.556+0000] {processor.py:186} INFO - Started process (PID=685) to work on /home/airflow/.local/lib/python3.12/site-packages/airflow/example_dags/example_branch_operator.py
[2025-01-11T08:07:00.558+0000] {processor.py:914} INFO - Processing file /home/airflow/.local/lib/python3.12/site-packages/airflow/example_dags/example_branch_operator.py for tasks to queue
[2025-01-11T08:07:00.563+0000] {logging_mixin.py:190} INFO - [2025-01-11T08:07:00.562+0000] {dagbag.py:588} INFO - Filling up the DagBag from /home/airflow/.local/lib/python3.12/site-packages/airflow/example_dags/example_branch_operator.py
[2025-01-11T08:07:00.603+0000] {processor.py:925} INFO - DAG(s) 'example_branch_operator' retrieved from /home/airflow/.local/lib/python3.12/site-packages/airflow/example_dags/example_branch_operator.py
[2025-01-11T08:07:00.667+0000] {logging_mixin.py:190} INFO - [2025-01-11T08:07:00.666+0000] {dag.py:3239} INFO - Sync 1 DAGs
[2025-01-11T08:07:00.716+0000] {logging_mixin.py:190} INFO - [2025-01-11T08:07:00.716+0000] {dag.py:4180} INFO - Setting next_dagrun for example_branch_operator to 2025-01-10 00:00:00+00:00, run_after=2025-01-11 00:00:00+00:00
[2025-01-11T08:07:00.758+0000] {processor.py:208} INFO - Processing /home/airflow/.local/lib/python3.12/site-packages/airflow/example_dags/example_branch_operator.py took 0.215 seconds
[2025-01-11T08:07:31.832+0000] {processor.py:186} INFO - Started process (PID=971) to work on /home/airflow/.local/lib/python3.12/site-packages/airflow/example_dags/example_branch_operator.py
[2025-01-11T08:07:31.834+0000] {processor.py:914} INFO - Processing file /home/airflow/.local/lib/python3.12/site-packages/airflow/example_dags/example_branch_operator.py for tasks to queue
[2025-01-11T08:07:31.837+0000] {logging_mixin.py:190} INFO - [2025-01-11T08:07:31.837+0000] {dagbag.py:588} INFO - Filling up the DagBag from /home/airflow/.local/lib/python3.12/site-packages/airflow/example_dags/example_branch_operator.py
[2025-01-11T08:07:31.868+0000] {processor.py:925} INFO - DAG(s) 'example_branch_operator' retrieved from /home/airflow/.local/lib/python3.12/site-packages/airflow/example_dags/example_branch_operator.py
[2025-01-11T08:07:31.941+0000] {logging_mixin.py:190} INFO - [2025-01-11T08:07:31.941+0000] {dag.py:3239} INFO - Sync 1 DAGs
[2025-01-11T08:07:32.003+0000] {logging_mixin.py:190} INFO - [2025-01-11T08:07:32.002+0000] {dag.py:4180} INFO - Setting next_dagrun for example_branch_operator to 2025-01-10 00:00:00+00:00, run_after=2025-01-11 00:00:00+00:00
[2025-01-11T08:07:32.046+0000] {processor.py:208} INFO - Processing /home/airflow/.local/lib/python3.12/site-packages/airflow/example_dags/example_branch_operator.py took 0.223 seconds
[2025-01-11T08:08:03.539+0000] {processor.py:186} INFO - Started process (PID=1262) to work on /home/airflow/.local/lib/python3.12/site-packages/airflow/example_dags/example_branch_operator.py
[2025-01-11T08:08:03.542+0000] {processor.py:914} INFO - Processing file /home/airflow/.local/lib/python3.12/site-packages/airflow/example_dags/example_branch_operator.py for tasks to queue
[2025-01-11T08:08:03.546+0000] {logging_mixin.py:190} INFO - [2025-01-11T08:08:03.546+0000] {dagbag.py:588} INFO - Filling up the DagBag from /home/airflow/.local/lib/python3.12/site-packages/airflow/example_dags/example_branch_operator.py
[2025-01-11T08:08:03.588+0000] {processor.py:925} INFO - DAG(s) 'example_branch_operator' retrieved from /home/airflow/.local/lib/python3.12/site-packages/airflow/example_dags/example_branch_operator.py
[2025-01-11T08:08:03.664+0000] {logging_mixin.py:190} INFO - [2025-01-11T08:08:03.663+0000] {dag.py:3239} INFO - Sync 1 DAGs
[2025-01-11T08:08:03.727+0000] {logging_mixin.py:190} INFO - [2025-01-11T08:08:03.727+0000] {dag.py:4180} INFO - Setting next_dagrun for example_branch_operator to 2025-01-10 00:00:00+00:00, run_after=2025-01-11 00:00:00+00:00
[2025-01-11T08:08:03.766+0000] {processor.py:208} INFO - Processing /home/airflow/.local/lib/python3.12/site-packages/airflow/example_dags/example_branch_operator.py took 0.239 seconds
[2025-01-11T08:08:35.833+0000] {processor.py:186} INFO - Started process (PID=1553) to work on /home/airflow/.local/lib/python3.12/site-packages/airflow/example_dags/example_branch_operator.py
[2025-01-11T08:08:35.835+0000] {processor.py:914} INFO - Processing file /home/airflow/.local/lib/python3.12/site-packages/airflow/example_dags/example_branch_operator.py for tasks to queue
[2025-01-11T08:08:35.841+0000] {logging_mixin.py:190} INFO - [2025-01-11T08:08:35.840+0000] {dagbag.py:588} INFO - Filling up the DagBag from /home/airflow/.local/lib/python3.12/site-packages/airflow/example_dags/example_branch_operator.py
[2025-01-11T08:08:35.879+0000] {processor.py:925} INFO - DAG(s) 'example_branch_operator' retrieved from /home/airflow/.local/lib/python3.12/site-packages/airflow/example_dags/example_branch_operator.py
[2025-01-11T08:08:35.947+0000] {logging_mixin.py:190} INFO - [2025-01-11T08:08:35.947+0000] {dag.py:3239} INFO - Sync 1 DAGs
[2025-01-11T08:08:36.003+0000] {logging_mixin.py:190} INFO - [2025-01-11T08:08:36.003+0000] {dag.py:4180} INFO - Setting next_dagrun for example_branch_operator to 2025-01-10 00:00:00+00:00, run_after=2025-01-11 00:00:00+00:00
[2025-01-11T08:08:36.064+0000] {processor.py:208} INFO - Processing /home/airflow/.local/lib/python3.12/site-packages/airflow/example_dags/example_branch_operator.py took 0.249 seconds
[2025-01-11T08:09:07.281+0000] {processor.py:186} INFO - Started process (PID=1844) to work on /home/airflow/.local/lib/python3.12/site-packages/airflow/example_dags/example_branch_operator.py
[2025-01-11T08:09:07.283+0000] {processor.py:914} INFO - Processing file /home/airflow/.local/lib/python3.12/site-packages/airflow/example_dags/example_branch_operator.py for tasks to queue
[2025-01-11T08:09:07.287+0000] {logging_mixin.py:190} INFO - [2025-01-11T08:09:07.286+0000] {dagbag.py:588} INFO - Filling up the DagBag from /home/airflow/.local/lib/python3.12/site-packages/airflow/example_dags/example_branch_operator.py
[2025-01-11T08:09:07.319+0000] {processor.py:925} INFO - DAG(s) 'example_branch_operator' retrieved from /home/airflow/.local/lib/python3.12/site-packages/airflow/example_dags/example_branch_operator.py
[2025-01-11T08:09:07.376+0000] {logging_mixin.py:190} INFO - [2025-01-11T08:09:07.375+0000] {dag.py:3239} INFO - Sync 1 DAGs
[2025-01-11T08:09:07.441+0000] {logging_mixin.py:190} INFO - [2025-01-11T08:09:07.440+0000] {dag.py:4180} INFO - Setting next_dagrun for example_branch_operator to 2025-01-10 00:00:00+00:00, run_after=2025-01-11 00:00:00+00:00
[2025-01-11T08:09:07.481+0000] {processor.py:208} INFO - Processing /home/airflow/.local/lib/python3.12/site-packages/airflow/example_dags/example_branch_operator.py took 0.210 seconds
[2025-01-11T08:09:38.463+0000] {processor.py:186} INFO - Started process (PID=2130) to work on /home/airflow/.local/lib/python3.12/site-packages/airflow/example_dags/example_branch_operator.py
[2025-01-11T08:09:38.465+0000] {processor.py:914} INFO - Processing file /home/airflow/.local/lib/python3.12/site-packages/airflow/example_dags/example_branch_operator.py for tasks to queue
[2025-01-11T08:09:38.470+0000] {logging_mixin.py:190} INFO - [2025-01-11T08:09:38.469+0000] {dagbag.py:588} INFO - Filling up the DagBag from /home/airflow/.local/lib/python3.12/site-packages/airflow/example_dags/example_branch_operator.py
[2025-01-11T08:09:38.511+0000] {processor.py:925} INFO - DAG(s) 'example_branch_operator' retrieved from /home/airflow/.local/lib/python3.12/site-packages/airflow/example_dags/example_branch_operator.py
[2025-01-11T08:09:38.580+0000] {logging_mixin.py:190} INFO - [2025-01-11T08:09:38.580+0000] {dag.py:3239} INFO - Sync 1 DAGs
[2025-01-11T08:09:38.638+0000] {logging_mixin.py:190} INFO - [2025-01-11T08:09:38.638+0000] {dag.py:4180} INFO - Setting next_dagrun for example_branch_operator to 2025-01-10 00:00:00+00:00, run_after=2025-01-11 00:00:00+00:00
[2025-01-11T08:09:38.706+0000] {processor.py:208} INFO - Processing /home/airflow/.local/lib/python3.12/site-packages/airflow/example_dags/example_branch_operator.py took 0.255 seconds
