[2025-01-11T08:06:30.195+0000] {processor.py:186} INFO - Started process (PID=404) to work on /home/airflow/.local/lib/python3.12/site-packages/airflow/example_dags/example_params_trigger_ui.py
[2025-01-11T08:06:30.197+0000] {processor.py:914} INFO - Processing file /home/airflow/.local/lib/python3.12/site-packages/airflow/example_dags/example_params_trigger_ui.py for tasks to queue
[2025-01-11T08:06:30.201+0000] {logging_mixin.py:190} INFO - [2025-01-11T08:06:30.200+0000] {dagbag.py:588} INFO - Filling up the DagBag from /home/airflow/.local/lib/python3.12/site-packages/airflow/example_dags/example_params_trigger_ui.py
[2025-01-11T08:06:30.222+0000] {processor.py:925} INFO - DAG(s) 'example_params_trigger_ui' retrieved from /home/airflow/.local/lib/python3.12/site-packages/airflow/example_dags/example_params_trigger_ui.py
[2025-01-11T08:06:30.333+0000] {logging_mixin.py:190} INFO - [2025-01-11T08:06:30.333+0000] {dag.py:3239} INFO - Sync 1 DAGs
[2025-01-11T08:06:30.373+0000] {logging_mixin.py:190} INFO - [2025-01-11T08:06:30.372+0000] {dag.py:4180} INFO - Setting next_dagrun for example_params_trigger_ui to None, run_after=None
[2025-01-11T08:06:30.418+0000] {processor.py:208} INFO - Processing /home/airflow/.local/lib/python3.12/site-packages/airflow/example_dags/example_params_trigger_ui.py took 0.236 seconds
[2025-01-11T08:07:01.051+0000] {processor.py:186} INFO - Started process (PID=695) to work on /home/airflow/.local/lib/python3.12/site-packages/airflow/example_dags/example_params_trigger_ui.py
[2025-01-11T08:07:01.053+0000] {processor.py:914} INFO - Processing file /home/airflow/.local/lib/python3.12/site-packages/airflow/example_dags/example_params_trigger_ui.py for tasks to queue
[2025-01-11T08:07:01.057+0000] {logging_mixin.py:190} INFO - [2025-01-11T08:07:01.056+0000] {dagbag.py:588} INFO - Filling up the DagBag from /home/airflow/.local/lib/python3.12/site-packages/airflow/example_dags/example_params_trigger_ui.py
[2025-01-11T08:07:01.075+0000] {processor.py:925} INFO - DAG(s) 'example_params_trigger_ui' retrieved from /home/airflow/.local/lib/python3.12/site-packages/airflow/example_dags/example_params_trigger_ui.py
[2025-01-11T08:07:01.157+0000] {logging_mixin.py:190} INFO - [2025-01-11T08:07:01.157+0000] {dag.py:3239} INFO - Sync 1 DAGs
[2025-01-11T08:07:01.183+0000] {logging_mixin.py:190} INFO - [2025-01-11T08:07:01.183+0000] {dag.py:4180} INFO - Setting next_dagrun for example_params_trigger_ui to None, run_after=None
[2025-01-11T08:07:01.245+0000] {processor.py:208} INFO - Processing /home/airflow/.local/lib/python3.12/site-packages/airflow/example_dags/example_params_trigger_ui.py took 0.205 seconds
[2025-01-11T08:07:32.126+0000] {processor.py:186} INFO - Started process (PID=981) to work on /home/airflow/.local/lib/python3.12/site-packages/airflow/example_dags/example_params_trigger_ui.py
[2025-01-11T08:07:32.128+0000] {processor.py:914} INFO - Processing file /home/airflow/.local/lib/python3.12/site-packages/airflow/example_dags/example_params_trigger_ui.py for tasks to queue
[2025-01-11T08:07:32.132+0000] {logging_mixin.py:190} INFO - [2025-01-11T08:07:32.132+0000] {dagbag.py:588} INFO - Filling up the DagBag from /home/airflow/.local/lib/python3.12/site-packages/airflow/example_dags/example_params_trigger_ui.py
[2025-01-11T08:07:32.157+0000] {processor.py:925} INFO - DAG(s) 'example_params_trigger_ui' retrieved from /home/airflow/.local/lib/python3.12/site-packages/airflow/example_dags/example_params_trigger_ui.py
[2025-01-11T08:07:32.245+0000] {logging_mixin.py:190} INFO - [2025-01-11T08:07:32.245+0000] {dag.py:3239} INFO - Sync 1 DAGs
[2025-01-11T08:07:32.275+0000] {logging_mixin.py:190} INFO - [2025-01-11T08:07:32.275+0000] {dag.py:4180} INFO - Setting next_dagrun for example_params_trigger_ui to None, run_after=None
[2025-01-11T08:07:32.341+0000] {processor.py:208} INFO - Processing /home/airflow/.local/lib/python3.12/site-packages/airflow/example_dags/example_params_trigger_ui.py took 0.226 seconds
[2025-01-11T08:08:03.833+0000] {processor.py:186} INFO - Started process (PID=1267) to work on /home/airflow/.local/lib/python3.12/site-packages/airflow/example_dags/example_params_trigger_ui.py
[2025-01-11T08:08:03.835+0000] {processor.py:914} INFO - Processing file /home/airflow/.local/lib/python3.12/site-packages/airflow/example_dags/example_params_trigger_ui.py for tasks to queue
[2025-01-11T08:08:03.838+0000] {logging_mixin.py:190} INFO - [2025-01-11T08:08:03.838+0000] {dagbag.py:588} INFO - Filling up the DagBag from /home/airflow/.local/lib/python3.12/site-packages/airflow/example_dags/example_params_trigger_ui.py
[2025-01-11T08:08:03.860+0000] {processor.py:925} INFO - DAG(s) 'example_params_trigger_ui' retrieved from /home/airflow/.local/lib/python3.12/site-packages/airflow/example_dags/example_params_trigger_ui.py
[2025-01-11T08:08:03.956+0000] {logging_mixin.py:190} INFO - [2025-01-11T08:08:03.956+0000] {dag.py:3239} INFO - Sync 1 DAGs
[2025-01-11T08:08:03.985+0000] {logging_mixin.py:190} INFO - [2025-01-11T08:08:03.984+0000] {dag.py:4180} INFO - Setting next_dagrun for example_params_trigger_ui to None, run_after=None
[2025-01-11T08:08:04.026+0000] {processor.py:208} INFO - Processing /home/airflow/.local/lib/python3.12/site-packages/airflow/example_dags/example_params_trigger_ui.py took 0.202 seconds
[2025-01-11T08:08:35.953+0000] {processor.py:186} INFO - Started process (PID=1558) to work on /home/airflow/.local/lib/python3.12/site-packages/airflow/example_dags/example_params_trigger_ui.py
[2025-01-11T08:08:35.955+0000] {processor.py:914} INFO - Processing file /home/airflow/.local/lib/python3.12/site-packages/airflow/example_dags/example_params_trigger_ui.py for tasks to queue
[2025-01-11T08:08:35.960+0000] {logging_mixin.py:190} INFO - [2025-01-11T08:08:35.959+0000] {dagbag.py:588} INFO - Filling up the DagBag from /home/airflow/.local/lib/python3.12/site-packages/airflow/example_dags/example_params_trigger_ui.py
[2025-01-11T08:08:35.984+0000] {processor.py:925} INFO - DAG(s) 'example_params_trigger_ui' retrieved from /home/airflow/.local/lib/python3.12/site-packages/airflow/example_dags/example_params_trigger_ui.py
[2025-01-11T08:08:36.075+0000] {logging_mixin.py:190} INFO - [2025-01-11T08:08:36.074+0000] {dag.py:3239} INFO - Sync 1 DAGs
[2025-01-11T08:08:36.106+0000] {logging_mixin.py:190} INFO - [2025-01-11T08:08:36.105+0000] {dag.py:4180} INFO - Setting next_dagrun for example_params_trigger_ui to None, run_after=None
[2025-01-11T08:08:36.150+0000] {processor.py:208} INFO - Processing /home/airflow/.local/lib/python3.12/site-packages/airflow/example_dags/example_params_trigger_ui.py took 0.209 seconds
[2025-01-11T08:09:07.571+0000] {processor.py:186} INFO - Started process (PID=1849) to work on /home/airflow/.local/lib/python3.12/site-packages/airflow/example_dags/example_params_trigger_ui.py
[2025-01-11T08:09:07.574+0000] {processor.py:914} INFO - Processing file /home/airflow/.local/lib/python3.12/site-packages/airflow/example_dags/example_params_trigger_ui.py for tasks to queue
[2025-01-11T08:09:07.580+0000] {logging_mixin.py:190} INFO - [2025-01-11T08:09:07.580+0000] {dagbag.py:588} INFO - Filling up the DagBag from /home/airflow/.local/lib/python3.12/site-packages/airflow/example_dags/example_params_trigger_ui.py
[2025-01-11T08:09:07.606+0000] {processor.py:925} INFO - DAG(s) 'example_params_trigger_ui' retrieved from /home/airflow/.local/lib/python3.12/site-packages/airflow/example_dags/example_params_trigger_ui.py
[2025-01-11T08:09:07.715+0000] {logging_mixin.py:190} INFO - [2025-01-11T08:09:07.715+0000] {dag.py:3239} INFO - Sync 1 DAGs
[2025-01-11T08:09:07.748+0000] {logging_mixin.py:190} INFO - [2025-01-11T08:09:07.747+0000] {dag.py:4180} INFO - Setting next_dagrun for example_params_trigger_ui to None, run_after=None
[2025-01-11T08:09:07.795+0000] {processor.py:208} INFO - Processing /home/airflow/.local/lib/python3.12/site-packages/airflow/example_dags/example_params_trigger_ui.py took 0.240 seconds
[2025-01-11T08:09:39.374+0000] {processor.py:186} INFO - Started process (PID=2145) to work on /home/airflow/.local/lib/python3.12/site-packages/airflow/example_dags/example_params_trigger_ui.py
[2025-01-11T08:09:39.376+0000] {processor.py:914} INFO - Processing file /home/airflow/.local/lib/python3.12/site-packages/airflow/example_dags/example_params_trigger_ui.py for tasks to queue
[2025-01-11T08:09:39.381+0000] {logging_mixin.py:190} INFO - [2025-01-11T08:09:39.380+0000] {dagbag.py:588} INFO - Filling up the DagBag from /home/airflow/.local/lib/python3.12/site-packages/airflow/example_dags/example_params_trigger_ui.py
[2025-01-11T08:09:39.410+0000] {processor.py:925} INFO - DAG(s) 'example_params_trigger_ui' retrieved from /home/airflow/.local/lib/python3.12/site-packages/airflow/example_dags/example_params_trigger_ui.py
[2025-01-11T08:09:39.563+0000] {logging_mixin.py:190} INFO - [2025-01-11T08:09:39.562+0000] {dag.py:3239} INFO - Sync 1 DAGs
[2025-01-11T08:09:39.610+0000] {logging_mixin.py:190} INFO - [2025-01-11T08:09:39.609+0000] {dag.py:4180} INFO - Setting next_dagrun for example_params_trigger_ui to None, run_after=None
[2025-01-11T08:09:39.690+0000] {processor.py:208} INFO - Processing /home/airflow/.local/lib/python3.12/site-packages/airflow/example_dags/example_params_trigger_ui.py took 0.334 seconds
