[2025-01-11T08:06:32.478+0000] {processor.py:186} INFO - Started process (PID=459) to work on /home/airflow/.local/lib/python3.12/site-packages/airflow/example_dags/example_setup_teardown.py
[2025-01-11T08:06:32.480+0000] {processor.py:914} INFO - Processing file /home/airflow/.local/lib/python3.12/site-packages/airflow/example_dags/example_setup_teardown.py for tasks to queue
[2025-01-11T08:06:32.485+0000] {logging_mixin.py:190} INFO - [2025-01-11T08:06:32.484+0000] {dagbag.py:588} INFO - Filling up the DagBag from /home/airflow/.local/lib/python3.12/site-packages/airflow/example_dags/example_setup_teardown.py
[2025-01-11T08:06:32.500+0000] {processor.py:925} INFO - DAG(s) 'example_setup_teardown' retrieved from /home/airflow/.local/lib/python3.12/site-packages/airflow/example_dags/example_setup_teardown.py
[2025-01-11T08:06:32.543+0000] {logging_mixin.py:190} INFO - [2025-01-11T08:06:32.542+0000] {dag.py:3239} INFO - Sync 1 DAGs
[2025-01-11T08:06:32.579+0000] {logging_mixin.py:190} INFO - [2025-01-11T08:06:32.578+0000] {dag.py:4180} INFO - Setting next_dagrun for example_setup_teardown to None, run_after=None
[2025-01-11T08:06:32.617+0000] {processor.py:208} INFO - Processing /home/airflow/.local/lib/python3.12/site-packages/airflow/example_dags/example_setup_teardown.py took 0.149 seconds
[2025-01-11T08:07:03.818+0000] {processor.py:186} INFO - Started process (PID=750) to work on /home/airflow/.local/lib/python3.12/site-packages/airflow/example_dags/example_setup_teardown.py
[2025-01-11T08:07:03.820+0000] {processor.py:914} INFO - Processing file /home/airflow/.local/lib/python3.12/site-packages/airflow/example_dags/example_setup_teardown.py for tasks to queue
[2025-01-11T08:07:03.825+0000] {logging_mixin.py:190} INFO - [2025-01-11T08:07:03.824+0000] {dagbag.py:588} INFO - Filling up the DagBag from /home/airflow/.local/lib/python3.12/site-packages/airflow/example_dags/example_setup_teardown.py
[2025-01-11T08:07:03.845+0000] {processor.py:925} INFO - DAG(s) 'example_setup_teardown' retrieved from /home/airflow/.local/lib/python3.12/site-packages/airflow/example_dags/example_setup_teardown.py
[2025-01-11T08:07:03.891+0000] {logging_mixin.py:190} INFO - [2025-01-11T08:07:03.891+0000] {dag.py:3239} INFO - Sync 1 DAGs
[2025-01-11T08:07:03.925+0000] {logging_mixin.py:190} INFO - [2025-01-11T08:07:03.925+0000] {dag.py:4180} INFO - Setting next_dagrun for example_setup_teardown to None, run_after=None
[2025-01-11T08:07:03.996+0000] {processor.py:208} INFO - Processing /home/airflow/.local/lib/python3.12/site-packages/airflow/example_dags/example_setup_teardown.py took 0.192 seconds
[2025-01-11T08:07:35.261+0000] {processor.py:186} INFO - Started process (PID=1038) to work on /home/airflow/.local/lib/python3.12/site-packages/airflow/example_dags/example_setup_teardown.py
[2025-01-11T08:07:35.264+0000] {processor.py:914} INFO - Processing file /home/airflow/.local/lib/python3.12/site-packages/airflow/example_dags/example_setup_teardown.py for tasks to queue
[2025-01-11T08:07:35.269+0000] {logging_mixin.py:190} INFO - [2025-01-11T08:07:35.268+0000] {dagbag.py:588} INFO - Filling up the DagBag from /home/airflow/.local/lib/python3.12/site-packages/airflow/example_dags/example_setup_teardown.py
[2025-01-11T08:07:35.293+0000] {processor.py:925} INFO - DAG(s) 'example_setup_teardown' retrieved from /home/airflow/.local/lib/python3.12/site-packages/airflow/example_dags/example_setup_teardown.py
[2025-01-11T08:07:35.333+0000] {logging_mixin.py:190} INFO - [2025-01-11T08:07:35.333+0000] {dag.py:3239} INFO - Sync 1 DAGs
[2025-01-11T08:07:35.363+0000] {logging_mixin.py:190} INFO - [2025-01-11T08:07:35.362+0000] {dag.py:4180} INFO - Setting next_dagrun for example_setup_teardown to None, run_after=None
[2025-01-11T08:07:35.429+0000] {processor.py:208} INFO - Processing /home/airflow/.local/lib/python3.12/site-packages/airflow/example_dags/example_setup_teardown.py took 0.178 seconds
[2025-01-11T08:08:06.127+0000] {processor.py:186} INFO - Started process (PID=1327) to work on /home/airflow/.local/lib/python3.12/site-packages/airflow/example_dags/example_setup_teardown.py
[2025-01-11T08:08:06.129+0000] {processor.py:914} INFO - Processing file /home/airflow/.local/lib/python3.12/site-packages/airflow/example_dags/example_setup_teardown.py for tasks to queue
[2025-01-11T08:08:06.133+0000] {logging_mixin.py:190} INFO - [2025-01-11T08:08:06.133+0000] {dagbag.py:588} INFO - Filling up the DagBag from /home/airflow/.local/lib/python3.12/site-packages/airflow/example_dags/example_setup_teardown.py
[2025-01-11T08:08:06.150+0000] {processor.py:925} INFO - DAG(s) 'example_setup_teardown' retrieved from /home/airflow/.local/lib/python3.12/site-packages/airflow/example_dags/example_setup_teardown.py
[2025-01-11T08:08:06.191+0000] {logging_mixin.py:190} INFO - [2025-01-11T08:08:06.190+0000] {dag.py:3239} INFO - Sync 1 DAGs
[2025-01-11T08:08:06.224+0000] {logging_mixin.py:190} INFO - [2025-01-11T08:08:06.224+0000] {dag.py:4180} INFO - Setting next_dagrun for example_setup_teardown to None, run_after=None
[2025-01-11T08:08:06.259+0000] {processor.py:208} INFO - Processing /home/airflow/.local/lib/python3.12/site-packages/airflow/example_dags/example_setup_teardown.py took 0.143 seconds
[2025-01-11T08:08:38.508+0000] {processor.py:186} INFO - Started process (PID=1620) to work on /home/airflow/.local/lib/python3.12/site-packages/airflow/example_dags/example_setup_teardown.py
[2025-01-11T08:08:38.509+0000] {processor.py:914} INFO - Processing file /home/airflow/.local/lib/python3.12/site-packages/airflow/example_dags/example_setup_teardown.py for tasks to queue
[2025-01-11T08:08:38.513+0000] {logging_mixin.py:190} INFO - [2025-01-11T08:08:38.513+0000] {dagbag.py:588} INFO - Filling up the DagBag from /home/airflow/.local/lib/python3.12/site-packages/airflow/example_dags/example_setup_teardown.py
[2025-01-11T08:08:38.529+0000] {processor.py:925} INFO - DAG(s) 'example_setup_teardown' retrieved from /home/airflow/.local/lib/python3.12/site-packages/airflow/example_dags/example_setup_teardown.py
[2025-01-11T08:08:38.574+0000] {logging_mixin.py:190} INFO - [2025-01-11T08:08:38.574+0000] {dag.py:3239} INFO - Sync 1 DAGs
[2025-01-11T08:08:38.606+0000] {logging_mixin.py:190} INFO - [2025-01-11T08:08:38.605+0000] {dag.py:4180} INFO - Setting next_dagrun for example_setup_teardown to None, run_after=None
[2025-01-11T08:08:38.642+0000] {processor.py:208} INFO - Processing /home/airflow/.local/lib/python3.12/site-packages/airflow/example_dags/example_setup_teardown.py took 0.145 seconds
[2025-01-11T08:09:10.802+0000] {processor.py:186} INFO - Started process (PID=1911) to work on /home/airflow/.local/lib/python3.12/site-packages/airflow/example_dags/example_setup_teardown.py
[2025-01-11T08:09:10.804+0000] {processor.py:914} INFO - Processing file /home/airflow/.local/lib/python3.12/site-packages/airflow/example_dags/example_setup_teardown.py for tasks to queue
[2025-01-11T08:09:10.808+0000] {logging_mixin.py:190} INFO - [2025-01-11T08:09:10.807+0000] {dagbag.py:588} INFO - Filling up the DagBag from /home/airflow/.local/lib/python3.12/site-packages/airflow/example_dags/example_setup_teardown.py
[2025-01-11T08:09:10.823+0000] {processor.py:925} INFO - DAG(s) 'example_setup_teardown' retrieved from /home/airflow/.local/lib/python3.12/site-packages/airflow/example_dags/example_setup_teardown.py
[2025-01-11T08:09:10.866+0000] {logging_mixin.py:190} INFO - [2025-01-11T08:09:10.866+0000] {dag.py:3239} INFO - Sync 1 DAGs
[2025-01-11T08:09:10.899+0000] {logging_mixin.py:190} INFO - [2025-01-11T08:09:10.898+0000] {dag.py:4180} INFO - Setting next_dagrun for example_setup_teardown to None, run_after=None
[2025-01-11T08:09:10.946+0000] {processor.py:208} INFO - Processing /home/airflow/.local/lib/python3.12/site-packages/airflow/example_dags/example_setup_teardown.py took 0.157 seconds
[2025-01-11T08:09:41.482+0000] {processor.py:186} INFO - Started process (PID=2225) to work on /home/airflow/.local/lib/python3.12/site-packages/airflow/example_dags/example_setup_teardown.py
[2025-01-11T08:09:41.484+0000] {processor.py:914} INFO - Processing file /home/airflow/.local/lib/python3.12/site-packages/airflow/example_dags/example_setup_teardown.py for tasks to queue
[2025-01-11T08:09:41.490+0000] {logging_mixin.py:190} INFO - [2025-01-11T08:09:41.489+0000] {dagbag.py:588} INFO - Filling up the DagBag from /home/airflow/.local/lib/python3.12/site-packages/airflow/example_dags/example_setup_teardown.py
[2025-01-11T08:09:41.516+0000] {processor.py:925} INFO - DAG(s) 'example_setup_teardown' retrieved from /home/airflow/.local/lib/python3.12/site-packages/airflow/example_dags/example_setup_teardown.py
[2025-01-11T08:09:41.560+0000] {logging_mixin.py:190} INFO - [2025-01-11T08:09:41.559+0000] {dag.py:3239} INFO - Sync 1 DAGs
[2025-01-11T08:09:41.591+0000] {logging_mixin.py:190} INFO - [2025-01-11T08:09:41.590+0000] {dag.py:4180} INFO - Setting next_dagrun for example_setup_teardown to None, run_after=None
[2025-01-11T08:09:41.659+0000] {processor.py:208} INFO - Processing /home/airflow/.local/lib/python3.12/site-packages/airflow/example_dags/example_setup_teardown.py took 0.189 seconds
