[2025-01-11T08:06:23.225+0000] {processor.py:186} INFO - Started process (PID=289) to work on /home/airflow/.local/lib/python3.12/site-packages/airflow/example_dags/example_branch_python_dop_operator_3.py
[2025-01-11T08:06:23.227+0000] {processor.py:914} INFO - Processing file /home/airflow/.local/lib/python3.12/site-packages/airflow/example_dags/example_branch_python_dop_operator_3.py for tasks to queue
[2025-01-11T08:06:23.231+0000] {logging_mixin.py:190} INFO - [2025-01-11T08:06:23.231+0000] {dagbag.py:588} INFO - Filling up the DagBag from /home/airflow/.local/lib/python3.12/site-packages/airflow/example_dags/example_branch_python_dop_operator_3.py
[2025-01-11T08:06:23.250+0000] {processor.py:925} INFO - DAG(s) 'example_branch_dop_operator_v3' retrieved from /home/airflow/.local/lib/python3.12/site-packages/airflow/example_dags/example_branch_python_dop_operator_3.py
[2025-01-11T08:06:23.296+0000] {logging_mixin.py:190} INFO - [2025-01-11T08:06:23.296+0000] {dag.py:3239} INFO - Sync 1 DAGs
[2025-01-11T08:06:23.358+0000] {logging_mixin.py:190} INFO - [2025-01-11T08:06:23.358+0000] {dag.py:4180} INFO - Setting next_dagrun for example_branch_dop_operator_v3 to 2025-01-11 08:05:00+00:00, run_after=2025-01-11 08:06:00+00:00
[2025-01-11T08:06:23.412+0000] {processor.py:208} INFO - Processing /home/airflow/.local/lib/python3.12/site-packages/airflow/example_dags/example_branch_python_dop_operator_3.py took 0.196 seconds
[2025-01-11T08:06:53.982+0000] {processor.py:186} INFO - Started process (PID=575) to work on /home/airflow/.local/lib/python3.12/site-packages/airflow/example_dags/example_branch_python_dop_operator_3.py
[2025-01-11T08:06:53.984+0000] {processor.py:914} INFO - Processing file /home/airflow/.local/lib/python3.12/site-packages/airflow/example_dags/example_branch_python_dop_operator_3.py for tasks to queue
[2025-01-11T08:06:53.988+0000] {logging_mixin.py:190} INFO - [2025-01-11T08:06:53.988+0000] {dagbag.py:588} INFO - Filling up the DagBag from /home/airflow/.local/lib/python3.12/site-packages/airflow/example_dags/example_branch_python_dop_operator_3.py
[2025-01-11T08:06:54.007+0000] {processor.py:925} INFO - DAG(s) 'example_branch_dop_operator_v3' retrieved from /home/airflow/.local/lib/python3.12/site-packages/airflow/example_dags/example_branch_python_dop_operator_3.py
[2025-01-11T08:06:54.046+0000] {logging_mixin.py:190} INFO - [2025-01-11T08:06:54.046+0000] {dag.py:3239} INFO - Sync 1 DAGs
[2025-01-11T08:06:54.096+0000] {logging_mixin.py:190} INFO - [2025-01-11T08:06:54.096+0000] {dag.py:4180} INFO - Setting next_dagrun for example_branch_dop_operator_v3 to 2025-01-11 08:05:00+00:00, run_after=2025-01-11 08:06:00+00:00
[2025-01-11T08:06:54.163+0000] {processor.py:208} INFO - Processing /home/airflow/.local/lib/python3.12/site-packages/airflow/example_dags/example_branch_python_dop_operator_3.py took 0.193 seconds
[2025-01-11T08:07:24.776+0000] {processor.py:186} INFO - Started process (PID=866) to work on /home/airflow/.local/lib/python3.12/site-packages/airflow/example_dags/example_branch_python_dop_operator_3.py
[2025-01-11T08:07:24.778+0000] {processor.py:914} INFO - Processing file /home/airflow/.local/lib/python3.12/site-packages/airflow/example_dags/example_branch_python_dop_operator_3.py for tasks to queue
[2025-01-11T08:07:24.783+0000] {logging_mixin.py:190} INFO - [2025-01-11T08:07:24.782+0000] {dagbag.py:588} INFO - Filling up the DagBag from /home/airflow/.local/lib/python3.12/site-packages/airflow/example_dags/example_branch_python_dop_operator_3.py
[2025-01-11T08:07:24.810+0000] {processor.py:925} INFO - DAG(s) 'example_branch_dop_operator_v3' retrieved from /home/airflow/.local/lib/python3.12/site-packages/airflow/example_dags/example_branch_python_dop_operator_3.py
[2025-01-11T08:07:24.857+0000] {logging_mixin.py:190} INFO - [2025-01-11T08:07:24.856+0000] {dag.py:3239} INFO - Sync 1 DAGs
[2025-01-11T08:07:24.911+0000] {logging_mixin.py:190} INFO - [2025-01-11T08:07:24.910+0000] {dag.py:4180} INFO - Setting next_dagrun for example_branch_dop_operator_v3 to 2025-01-11 08:06:00+00:00, run_after=2025-01-11 08:07:00+00:00
[2025-01-11T08:07:24.964+0000] {processor.py:208} INFO - Processing /home/airflow/.local/lib/python3.12/site-packages/airflow/example_dags/example_branch_python_dop_operator_3.py took 0.198 seconds
[2025-01-11T08:07:55.689+0000] {processor.py:186} INFO - Started process (PID=1159) to work on /home/airflow/.local/lib/python3.12/site-packages/airflow/example_dags/example_branch_python_dop_operator_3.py
[2025-01-11T08:07:55.691+0000] {processor.py:914} INFO - Processing file /home/airflow/.local/lib/python3.12/site-packages/airflow/example_dags/example_branch_python_dop_operator_3.py for tasks to queue
[2025-01-11T08:07:55.696+0000] {logging_mixin.py:190} INFO - [2025-01-11T08:07:55.695+0000] {dagbag.py:588} INFO - Filling up the DagBag from /home/airflow/.local/lib/python3.12/site-packages/airflow/example_dags/example_branch_python_dop_operator_3.py
[2025-01-11T08:07:55.715+0000] {processor.py:925} INFO - DAG(s) 'example_branch_dop_operator_v3' retrieved from /home/airflow/.local/lib/python3.12/site-packages/airflow/example_dags/example_branch_python_dop_operator_3.py
[2025-01-11T08:07:55.761+0000] {logging_mixin.py:190} INFO - [2025-01-11T08:07:55.760+0000] {dag.py:3239} INFO - Sync 1 DAGs
[2025-01-11T08:07:55.827+0000] {logging_mixin.py:190} INFO - [2025-01-11T08:07:55.827+0000] {dag.py:4180} INFO - Setting next_dagrun for example_branch_dop_operator_v3 to 2025-01-11 08:06:00+00:00, run_after=2025-01-11 08:07:00+00:00
[2025-01-11T08:07:55.898+0000] {processor.py:208} INFO - Processing /home/airflow/.local/lib/python3.12/site-packages/airflow/example_dags/example_branch_python_dop_operator_3.py took 0.219 seconds
[2025-01-11T08:08:26.391+0000] {processor.py:186} INFO - Started process (PID=1448) to work on /home/airflow/.local/lib/python3.12/site-packages/airflow/example_dags/example_branch_python_dop_operator_3.py
[2025-01-11T08:08:26.393+0000] {processor.py:914} INFO - Processing file /home/airflow/.local/lib/python3.12/site-packages/airflow/example_dags/example_branch_python_dop_operator_3.py for tasks to queue
[2025-01-11T08:08:26.397+0000] {logging_mixin.py:190} INFO - [2025-01-11T08:08:26.397+0000] {dagbag.py:588} INFO - Filling up the DagBag from /home/airflow/.local/lib/python3.12/site-packages/airflow/example_dags/example_branch_python_dop_operator_3.py
[2025-01-11T08:08:26.420+0000] {processor.py:925} INFO - DAG(s) 'example_branch_dop_operator_v3' retrieved from /home/airflow/.local/lib/python3.12/site-packages/airflow/example_dags/example_branch_python_dop_operator_3.py
[2025-01-11T08:08:26.459+0000] {logging_mixin.py:190} INFO - [2025-01-11T08:08:26.458+0000] {dag.py:3239} INFO - Sync 1 DAGs
[2025-01-11T08:08:26.512+0000] {logging_mixin.py:190} INFO - [2025-01-11T08:08:26.511+0000] {dag.py:4180} INFO - Setting next_dagrun for example_branch_dop_operator_v3 to 2025-01-11 08:07:00+00:00, run_after=2025-01-11 08:08:00+00:00
[2025-01-11T08:08:26.558+0000] {processor.py:208} INFO - Processing /home/airflow/.local/lib/python3.12/site-packages/airflow/example_dags/example_branch_python_dop_operator_3.py took 0.177 seconds
[2025-01-11T08:08:57.560+0000] {processor.py:186} INFO - Started process (PID=1741) to work on /home/airflow/.local/lib/python3.12/site-packages/airflow/example_dags/example_branch_python_dop_operator_3.py
[2025-01-11T08:08:57.562+0000] {processor.py:914} INFO - Processing file /home/airflow/.local/lib/python3.12/site-packages/airflow/example_dags/example_branch_python_dop_operator_3.py for tasks to queue
[2025-01-11T08:08:57.566+0000] {logging_mixin.py:190} INFO - [2025-01-11T08:08:57.565+0000] {dagbag.py:588} INFO - Filling up the DagBag from /home/airflow/.local/lib/python3.12/site-packages/airflow/example_dags/example_branch_python_dop_operator_3.py
[2025-01-11T08:08:57.583+0000] {processor.py:925} INFO - DAG(s) 'example_branch_dop_operator_v3' retrieved from /home/airflow/.local/lib/python3.12/site-packages/airflow/example_dags/example_branch_python_dop_operator_3.py
[2025-01-11T08:08:57.622+0000] {logging_mixin.py:190} INFO - [2025-01-11T08:08:57.621+0000] {dag.py:3239} INFO - Sync 1 DAGs
[2025-01-11T08:08:57.709+0000] {logging_mixin.py:190} INFO - [2025-01-11T08:08:57.709+0000] {dag.py:4180} INFO - Setting next_dagrun for example_branch_dop_operator_v3 to 2025-01-11 08:07:00+00:00, run_after=2025-01-11 08:08:00+00:00
[2025-01-11T08:08:57.762+0000] {processor.py:208} INFO - Processing /home/airflow/.local/lib/python3.12/site-packages/airflow/example_dags/example_branch_python_dop_operator_3.py took 0.213 seconds
[2025-01-11T08:09:28.015+0000] {processor.py:186} INFO - Started process (PID=2032) to work on /home/airflow/.local/lib/python3.12/site-packages/airflow/example_dags/example_branch_python_dop_operator_3.py
[2025-01-11T08:09:28.019+0000] {processor.py:914} INFO - Processing file /home/airflow/.local/lib/python3.12/site-packages/airflow/example_dags/example_branch_python_dop_operator_3.py for tasks to queue
[2025-01-11T08:09:28.025+0000] {logging_mixin.py:190} INFO - [2025-01-11T08:09:28.024+0000] {dagbag.py:588} INFO - Filling up the DagBag from /home/airflow/.local/lib/python3.12/site-packages/airflow/example_dags/example_branch_python_dop_operator_3.py
[2025-01-11T08:09:28.043+0000] {processor.py:925} INFO - DAG(s) 'example_branch_dop_operator_v3' retrieved from /home/airflow/.local/lib/python3.12/site-packages/airflow/example_dags/example_branch_python_dop_operator_3.py
[2025-01-11T08:09:28.111+0000] {logging_mixin.py:190} INFO - [2025-01-11T08:09:28.110+0000] {dag.py:3239} INFO - Sync 1 DAGs
[2025-01-11T08:09:28.161+0000] {logging_mixin.py:190} INFO - [2025-01-11T08:09:28.161+0000] {dag.py:4180} INFO - Setting next_dagrun for example_branch_dop_operator_v3 to 2025-01-11 08:08:00+00:00, run_after=2025-01-11 08:09:00+00:00
[2025-01-11T08:09:28.201+0000] {processor.py:208} INFO - Processing /home/airflow/.local/lib/python3.12/site-packages/airflow/example_dags/example_branch_python_dop_operator_3.py took 0.198 seconds
[2025-01-11T08:09:58.727+0000] {processor.py:186} INFO - Started process (PID=2323) to work on /home/airflow/.local/lib/python3.12/site-packages/airflow/example_dags/example_branch_python_dop_operator_3.py
[2025-01-11T08:09:58.729+0000] {processor.py:914} INFO - Processing file /home/airflow/.local/lib/python3.12/site-packages/airflow/example_dags/example_branch_python_dop_operator_3.py for tasks to queue
[2025-01-11T08:09:58.735+0000] {logging_mixin.py:190} INFO - [2025-01-11T08:09:58.734+0000] {dagbag.py:588} INFO - Filling up the DagBag from /home/airflow/.local/lib/python3.12/site-packages/airflow/example_dags/example_branch_python_dop_operator_3.py
[2025-01-11T08:09:58.770+0000] {processor.py:925} INFO - DAG(s) 'example_branch_dop_operator_v3' retrieved from /home/airflow/.local/lib/python3.12/site-packages/airflow/example_dags/example_branch_python_dop_operator_3.py
[2025-01-11T08:09:58.825+0000] {logging_mixin.py:190} INFO - [2025-01-11T08:09:58.824+0000] {dag.py:3239} INFO - Sync 1 DAGs
[2025-01-11T08:09:58.911+0000] {logging_mixin.py:190} INFO - [2025-01-11T08:09:58.910+0000] {dag.py:4180} INFO - Setting next_dagrun for example_branch_dop_operator_v3 to 2025-01-11 08:08:00+00:00, run_after=2025-01-11 08:09:00+00:00
[2025-01-11T08:09:58.969+0000] {processor.py:208} INFO - Processing /home/airflow/.local/lib/python3.12/site-packages/airflow/example_dags/example_branch_python_dop_operator_3.py took 0.253 seconds
