[2025-01-11T08:06:20.571+0000] {processor.py:186} INFO - Started process (PID=206) to work on /home/airflow/.local/lib/python3.12/site-packages/airflow/example_dags/example_python_decorator.py
[2025-01-11T08:06:20.574+0000] {processor.py:914} INFO - Processing file /home/airflow/.local/lib/python3.12/site-packages/airflow/example_dags/example_python_decorator.py for tasks to queue
[2025-01-11T08:06:20.581+0000] {logging_mixin.py:190} INFO - [2025-01-11T08:06:20.580+0000] {dagbag.py:588} INFO - Filling up the DagBag from /home/airflow/.local/lib/python3.12/site-packages/airflow/example_dags/example_python_decorator.py
[2025-01-11T08:06:20.630+0000] {processor.py:925} INFO - DAG(s) 'example_python_decorator' retrieved from /home/airflow/.local/lib/python3.12/site-packages/airflow/example_dags/example_python_decorator.py
[2025-01-11T08:06:21.000+0000] {logging_mixin.py:190} INFO - [2025-01-11T08:06:20.999+0000] {dag.py:3239} INFO - Sync 1 DAGs
[2025-01-11T08:06:21.027+0000] {logging_mixin.py:190} INFO - [2025-01-11T08:06:21.027+0000] {dag.py:4180} INFO - Setting next_dagrun for example_python_decorator to None, run_after=None
[2025-01-11T08:06:21.069+0000] {processor.py:208} INFO - Processing /home/airflow/.local/lib/python3.12/site-packages/airflow/example_dags/example_python_decorator.py took 0.516 seconds
[2025-01-11T08:06:51.527+0000] {processor.py:186} INFO - Started process (PID=502) to work on /home/airflow/.local/lib/python3.12/site-packages/airflow/example_dags/example_python_decorator.py
[2025-01-11T08:06:51.528+0000] {processor.py:914} INFO - Processing file /home/airflow/.local/lib/python3.12/site-packages/airflow/example_dags/example_python_decorator.py for tasks to queue
[2025-01-11T08:06:51.533+0000] {logging_mixin.py:190} INFO - [2025-01-11T08:06:51.532+0000] {dagbag.py:588} INFO - Filling up the DagBag from /home/airflow/.local/lib/python3.12/site-packages/airflow/example_dags/example_python_decorator.py
[2025-01-11T08:06:51.563+0000] {processor.py:925} INFO - DAG(s) 'example_python_decorator' retrieved from /home/airflow/.local/lib/python3.12/site-packages/airflow/example_dags/example_python_decorator.py
[2025-01-11T08:06:51.610+0000] {logging_mixin.py:190} INFO - [2025-01-11T08:06:51.609+0000] {dag.py:3239} INFO - Sync 1 DAGs
[2025-01-11T08:06:51.643+0000] {logging_mixin.py:190} INFO - [2025-01-11T08:06:51.643+0000] {dag.py:4180} INFO - Setting next_dagrun for example_python_decorator to None, run_after=None
[2025-01-11T08:06:51.715+0000] {processor.py:208} INFO - Processing /home/airflow/.local/lib/python3.12/site-packages/airflow/example_dags/example_python_decorator.py took 0.200 seconds
[2025-01-11T08:07:22.299+0000] {processor.py:186} INFO - Started process (PID=793) to work on /home/airflow/.local/lib/python3.12/site-packages/airflow/example_dags/example_python_decorator.py
[2025-01-11T08:07:22.301+0000] {processor.py:914} INFO - Processing file /home/airflow/.local/lib/python3.12/site-packages/airflow/example_dags/example_python_decorator.py for tasks to queue
[2025-01-11T08:07:22.306+0000] {logging_mixin.py:190} INFO - [2025-01-11T08:07:22.305+0000] {dagbag.py:588} INFO - Filling up the DagBag from /home/airflow/.local/lib/python3.12/site-packages/airflow/example_dags/example_python_decorator.py
[2025-01-11T08:07:22.332+0000] {processor.py:925} INFO - DAG(s) 'example_python_decorator' retrieved from /home/airflow/.local/lib/python3.12/site-packages/airflow/example_dags/example_python_decorator.py
[2025-01-11T08:07:22.378+0000] {logging_mixin.py:190} INFO - [2025-01-11T08:07:22.377+0000] {dag.py:3239} INFO - Sync 1 DAGs
[2025-01-11T08:07:22.410+0000] {logging_mixin.py:190} INFO - [2025-01-11T08:07:22.410+0000] {dag.py:4180} INFO - Setting next_dagrun for example_python_decorator to None, run_after=None
[2025-01-11T08:07:22.446+0000] {processor.py:208} INFO - Processing /home/airflow/.local/lib/python3.12/site-packages/airflow/example_dags/example_python_decorator.py took 0.160 seconds
[2025-01-11T08:07:52.829+0000] {processor.py:186} INFO - Started process (PID=1084) to work on /home/airflow/.local/lib/python3.12/site-packages/airflow/example_dags/example_python_decorator.py
[2025-01-11T08:07:52.831+0000] {processor.py:914} INFO - Processing file /home/airflow/.local/lib/python3.12/site-packages/airflow/example_dags/example_python_decorator.py for tasks to queue
[2025-01-11T08:07:52.835+0000] {logging_mixin.py:190} INFO - [2025-01-11T08:07:52.834+0000] {dagbag.py:588} INFO - Filling up the DagBag from /home/airflow/.local/lib/python3.12/site-packages/airflow/example_dags/example_python_decorator.py
[2025-01-11T08:07:52.862+0000] {processor.py:925} INFO - DAG(s) 'example_python_decorator' retrieved from /home/airflow/.local/lib/python3.12/site-packages/airflow/example_dags/example_python_decorator.py
[2025-01-11T08:07:52.908+0000] {logging_mixin.py:190} INFO - [2025-01-11T08:07:52.907+0000] {dag.py:3239} INFO - Sync 1 DAGs
[2025-01-11T08:07:52.942+0000] {logging_mixin.py:190} INFO - [2025-01-11T08:07:52.942+0000] {dag.py:4180} INFO - Setting next_dagrun for example_python_decorator to None, run_after=None
[2025-01-11T08:07:53.012+0000] {processor.py:208} INFO - Processing /home/airflow/.local/lib/python3.12/site-packages/airflow/example_dags/example_python_decorator.py took 0.195 seconds
[2025-01-11T08:08:23.498+0000] {processor.py:186} INFO - Started process (PID=1375) to work on /home/airflow/.local/lib/python3.12/site-packages/airflow/example_dags/example_python_decorator.py
[2025-01-11T08:08:23.500+0000] {processor.py:914} INFO - Processing file /home/airflow/.local/lib/python3.12/site-packages/airflow/example_dags/example_python_decorator.py for tasks to queue
[2025-01-11T08:08:23.505+0000] {logging_mixin.py:190} INFO - [2025-01-11T08:08:23.505+0000] {dagbag.py:588} INFO - Filling up the DagBag from /home/airflow/.local/lib/python3.12/site-packages/airflow/example_dags/example_python_decorator.py
[2025-01-11T08:08:23.531+0000] {processor.py:925} INFO - DAG(s) 'example_python_decorator' retrieved from /home/airflow/.local/lib/python3.12/site-packages/airflow/example_dags/example_python_decorator.py
[2025-01-11T08:08:23.577+0000] {logging_mixin.py:190} INFO - [2025-01-11T08:08:23.576+0000] {dag.py:3239} INFO - Sync 1 DAGs
[2025-01-11T08:08:23.608+0000] {logging_mixin.py:190} INFO - [2025-01-11T08:08:23.607+0000] {dag.py:4180} INFO - Setting next_dagrun for example_python_decorator to None, run_after=None
[2025-01-11T08:08:23.667+0000] {processor.py:208} INFO - Processing /home/airflow/.local/lib/python3.12/site-packages/airflow/example_dags/example_python_decorator.py took 0.182 seconds
[2025-01-11T08:08:54.071+0000] {processor.py:186} INFO - Started process (PID=1666) to work on /home/airflow/.local/lib/python3.12/site-packages/airflow/example_dags/example_python_decorator.py
[2025-01-11T08:08:54.073+0000] {processor.py:914} INFO - Processing file /home/airflow/.local/lib/python3.12/site-packages/airflow/example_dags/example_python_decorator.py for tasks to queue
[2025-01-11T08:08:54.079+0000] {logging_mixin.py:190} INFO - [2025-01-11T08:08:54.079+0000] {dagbag.py:588} INFO - Filling up the DagBag from /home/airflow/.local/lib/python3.12/site-packages/airflow/example_dags/example_python_decorator.py
[2025-01-11T08:08:54.113+0000] {processor.py:925} INFO - DAG(s) 'example_python_decorator' retrieved from /home/airflow/.local/lib/python3.12/site-packages/airflow/example_dags/example_python_decorator.py
[2025-01-11T08:08:54.157+0000] {logging_mixin.py:190} INFO - [2025-01-11T08:08:54.156+0000] {dag.py:3239} INFO - Sync 1 DAGs
[2025-01-11T08:08:54.189+0000] {logging_mixin.py:190} INFO - [2025-01-11T08:08:54.188+0000] {dag.py:4180} INFO - Setting next_dagrun for example_python_decorator to None, run_after=None
[2025-01-11T08:08:54.235+0000] {processor.py:208} INFO - Processing /home/airflow/.local/lib/python3.12/site-packages/airflow/example_dags/example_python_decorator.py took 0.181 seconds
[2025-01-11T08:09:24.529+0000] {processor.py:186} INFO - Started process (PID=1957) to work on /home/airflow/.local/lib/python3.12/site-packages/airflow/example_dags/example_python_decorator.py
[2025-01-11T08:09:24.531+0000] {processor.py:914} INFO - Processing file /home/airflow/.local/lib/python3.12/site-packages/airflow/example_dags/example_python_decorator.py for tasks to queue
[2025-01-11T08:09:24.536+0000] {logging_mixin.py:190} INFO - [2025-01-11T08:09:24.535+0000] {dagbag.py:588} INFO - Filling up the DagBag from /home/airflow/.local/lib/python3.12/site-packages/airflow/example_dags/example_python_decorator.py
[2025-01-11T08:09:24.570+0000] {processor.py:925} INFO - DAG(s) 'example_python_decorator' retrieved from /home/airflow/.local/lib/python3.12/site-packages/airflow/example_dags/example_python_decorator.py
[2025-01-11T08:09:24.625+0000] {logging_mixin.py:190} INFO - [2025-01-11T08:09:24.624+0000] {dag.py:3239} INFO - Sync 1 DAGs
[2025-01-11T08:09:24.659+0000] {logging_mixin.py:190} INFO - [2025-01-11T08:09:24.659+0000] {dag.py:4180} INFO - Setting next_dagrun for example_python_decorator to None, run_after=None
[2025-01-11T08:09:24.703+0000] {processor.py:208} INFO - Processing /home/airflow/.local/lib/python3.12/site-packages/airflow/example_dags/example_python_decorator.py took 0.187 seconds
[2025-01-11T08:09:55.009+0000] {processor.py:186} INFO - Started process (PID=2248) to work on /home/airflow/.local/lib/python3.12/site-packages/airflow/example_dags/example_python_decorator.py
[2025-01-11T08:09:55.011+0000] {processor.py:914} INFO - Processing file /home/airflow/.local/lib/python3.12/site-packages/airflow/example_dags/example_python_decorator.py for tasks to queue
[2025-01-11T08:09:55.016+0000] {logging_mixin.py:190} INFO - [2025-01-11T08:09:55.015+0000] {dagbag.py:588} INFO - Filling up the DagBag from /home/airflow/.local/lib/python3.12/site-packages/airflow/example_dags/example_python_decorator.py
[2025-01-11T08:09:55.051+0000] {processor.py:925} INFO - DAG(s) 'example_python_decorator' retrieved from /home/airflow/.local/lib/python3.12/site-packages/airflow/example_dags/example_python_decorator.py
[2025-01-11T08:09:55.104+0000] {logging_mixin.py:190} INFO - [2025-01-11T08:09:55.103+0000] {dag.py:3239} INFO - Sync 1 DAGs
[2025-01-11T08:09:55.135+0000] {logging_mixin.py:190} INFO - [2025-01-11T08:09:55.135+0000] {dag.py:4180} INFO - Setting next_dagrun for example_python_decorator to None, run_after=None
[2025-01-11T08:09:55.171+0000] {processor.py:208} INFO - Processing /home/airflow/.local/lib/python3.12/site-packages/airflow/example_dags/example_python_decorator.py took 0.177 seconds
