[2025-01-11T08:06:25.149+0000] {processor.py:186} INFO - Started process (PID=309) to work on /home/airflow/.local/lib/python3.12/site-packages/airflow/example_dags/example_nested_branch_dag.py
[2025-01-11T08:06:25.152+0000] {processor.py:914} INFO - Processing file /home/airflow/.local/lib/python3.12/site-packages/airflow/example_dags/example_nested_branch_dag.py for tasks to queue
[2025-01-11T08:06:25.162+0000] {logging_mixin.py:190} INFO - [2025-01-11T08:06:25.161+0000] {dagbag.py:588} INFO - Filling up the DagBag from /home/airflow/.local/lib/python3.12/site-packages/airflow/example_dags/example_nested_branch_dag.py
[2025-01-11T08:06:25.193+0000] {processor.py:925} INFO - DAG(s) 'example_nested_branch_dag' retrieved from /home/airflow/.local/lib/python3.12/site-packages/airflow/example_dags/example_nested_branch_dag.py
[2025-01-11T08:06:25.241+0000] {logging_mixin.py:190} INFO - [2025-01-11T08:06:25.241+0000] {dag.py:3239} INFO - Sync 1 DAGs
[2025-01-11T08:06:25.295+0000] {logging_mixin.py:190} INFO - [2025-01-11T08:06:25.294+0000] {dag.py:4180} INFO - Setting next_dagrun for example_nested_branch_dag to 2025-01-10 00:00:00+00:00, run_after=2025-01-11 00:00:00+00:00
[2025-01-11T08:06:25.343+0000] {processor.py:208} INFO - Processing /home/airflow/.local/lib/python3.12/site-packages/airflow/example_dags/example_nested_branch_dag.py took 0.212 seconds
[2025-01-11T08:06:56.795+0000] {processor.py:186} INFO - Started process (PID=600) to work on /home/airflow/.local/lib/python3.12/site-packages/airflow/example_dags/example_nested_branch_dag.py
[2025-01-11T08:06:56.797+0000] {processor.py:914} INFO - Processing file /home/airflow/.local/lib/python3.12/site-packages/airflow/example_dags/example_nested_branch_dag.py for tasks to queue
[2025-01-11T08:06:56.803+0000] {logging_mixin.py:190} INFO - [2025-01-11T08:06:56.802+0000] {dagbag.py:588} INFO - Filling up the DagBag from /home/airflow/.local/lib/python3.12/site-packages/airflow/example_dags/example_nested_branch_dag.py
[2025-01-11T08:06:56.830+0000] {processor.py:925} INFO - DAG(s) 'example_nested_branch_dag' retrieved from /home/airflow/.local/lib/python3.12/site-packages/airflow/example_dags/example_nested_branch_dag.py
[2025-01-11T08:06:56.879+0000] {logging_mixin.py:190} INFO - [2025-01-11T08:06:56.878+0000] {dag.py:3239} INFO - Sync 1 DAGs
[2025-01-11T08:06:56.935+0000] {logging_mixin.py:190} INFO - [2025-01-11T08:06:56.935+0000] {dag.py:4180} INFO - Setting next_dagrun for example_nested_branch_dag to 2025-01-10 00:00:00+00:00, run_after=2025-01-11 00:00:00+00:00
[2025-01-11T08:06:56.975+0000] {processor.py:208} INFO - Processing /home/airflow/.local/lib/python3.12/site-packages/airflow/example_dags/example_nested_branch_dag.py took 0.205 seconds
[2025-01-11T08:07:27.104+0000] {processor.py:186} INFO - Started process (PID=886) to work on /home/airflow/.local/lib/python3.12/site-packages/airflow/example_dags/example_nested_branch_dag.py
[2025-01-11T08:07:27.106+0000] {processor.py:914} INFO - Processing file /home/airflow/.local/lib/python3.12/site-packages/airflow/example_dags/example_nested_branch_dag.py for tasks to queue
[2025-01-11T08:07:27.110+0000] {logging_mixin.py:190} INFO - [2025-01-11T08:07:27.109+0000] {dagbag.py:588} INFO - Filling up the DagBag from /home/airflow/.local/lib/python3.12/site-packages/airflow/example_dags/example_nested_branch_dag.py
[2025-01-11T08:07:27.129+0000] {processor.py:925} INFO - DAG(s) 'example_nested_branch_dag' retrieved from /home/airflow/.local/lib/python3.12/site-packages/airflow/example_dags/example_nested_branch_dag.py
[2025-01-11T08:07:27.168+0000] {logging_mixin.py:190} INFO - [2025-01-11T08:07:27.167+0000] {dag.py:3239} INFO - Sync 1 DAGs
[2025-01-11T08:07:27.220+0000] {logging_mixin.py:190} INFO - [2025-01-11T08:07:27.220+0000] {dag.py:4180} INFO - Setting next_dagrun for example_nested_branch_dag to 2025-01-10 00:00:00+00:00, run_after=2025-01-11 00:00:00+00:00
[2025-01-11T08:07:27.290+0000] {processor.py:208} INFO - Processing /home/airflow/.local/lib/python3.12/site-packages/airflow/example_dags/example_nested_branch_dag.py took 0.196 seconds
[2025-01-11T08:07:58.113+0000] {processor.py:186} INFO - Started process (PID=1174) to work on /home/airflow/.local/lib/python3.12/site-packages/airflow/example_dags/example_nested_branch_dag.py
[2025-01-11T08:07:58.116+0000] {processor.py:914} INFO - Processing file /home/airflow/.local/lib/python3.12/site-packages/airflow/example_dags/example_nested_branch_dag.py for tasks to queue
[2025-01-11T08:07:58.121+0000] {logging_mixin.py:190} INFO - [2025-01-11T08:07:58.121+0000] {dagbag.py:588} INFO - Filling up the DagBag from /home/airflow/.local/lib/python3.12/site-packages/airflow/example_dags/example_nested_branch_dag.py
[2025-01-11T08:07:58.157+0000] {processor.py:925} INFO - DAG(s) 'example_nested_branch_dag' retrieved from /home/airflow/.local/lib/python3.12/site-packages/airflow/example_dags/example_nested_branch_dag.py
[2025-01-11T08:07:58.217+0000] {logging_mixin.py:190} INFO - [2025-01-11T08:07:58.217+0000] {dag.py:3239} INFO - Sync 1 DAGs
[2025-01-11T08:07:58.276+0000] {logging_mixin.py:190} INFO - [2025-01-11T08:07:58.276+0000] {dag.py:4180} INFO - Setting next_dagrun for example_nested_branch_dag to 2025-01-10 00:00:00+00:00, run_after=2025-01-11 00:00:00+00:00
[2025-01-11T08:07:58.353+0000] {processor.py:208} INFO - Processing /home/airflow/.local/lib/python3.12/site-packages/airflow/example_dags/example_nested_branch_dag.py took 0.268 seconds
[2025-01-11T08:08:28.701+0000] {processor.py:186} INFO - Started process (PID=1465) to work on /home/airflow/.local/lib/python3.12/site-packages/airflow/example_dags/example_nested_branch_dag.py
[2025-01-11T08:08:28.703+0000] {processor.py:914} INFO - Processing file /home/airflow/.local/lib/python3.12/site-packages/airflow/example_dags/example_nested_branch_dag.py for tasks to queue
[2025-01-11T08:08:28.709+0000] {logging_mixin.py:190} INFO - [2025-01-11T08:08:28.708+0000] {dagbag.py:588} INFO - Filling up the DagBag from /home/airflow/.local/lib/python3.12/site-packages/airflow/example_dags/example_nested_branch_dag.py
[2025-01-11T08:08:28.740+0000] {processor.py:925} INFO - DAG(s) 'example_nested_branch_dag' retrieved from /home/airflow/.local/lib/python3.12/site-packages/airflow/example_dags/example_nested_branch_dag.py
[2025-01-11T08:08:28.825+0000] {logging_mixin.py:190} INFO - [2025-01-11T08:08:28.821+0000] {dag.py:3239} INFO - Sync 1 DAGs
[2025-01-11T08:08:28.926+0000] {logging_mixin.py:190} INFO - [2025-01-11T08:08:28.925+0000] {dag.py:4180} INFO - Setting next_dagrun for example_nested_branch_dag to 2025-01-10 00:00:00+00:00, run_after=2025-01-11 00:00:00+00:00
[2025-01-11T08:08:28.994+0000] {processor.py:208} INFO - Processing /home/airflow/.local/lib/python3.12/site-packages/airflow/example_dags/example_nested_branch_dag.py took 0.309 seconds
[2025-01-11T08:08:59.202+0000] {processor.py:186} INFO - Started process (PID=1756) to work on /home/airflow/.local/lib/python3.12/site-packages/airflow/example_dags/example_nested_branch_dag.py
[2025-01-11T08:08:59.204+0000] {processor.py:914} INFO - Processing file /home/airflow/.local/lib/python3.12/site-packages/airflow/example_dags/example_nested_branch_dag.py for tasks to queue
[2025-01-11T08:08:59.210+0000] {logging_mixin.py:190} INFO - [2025-01-11T08:08:59.209+0000] {dagbag.py:588} INFO - Filling up the DagBag from /home/airflow/.local/lib/python3.12/site-packages/airflow/example_dags/example_nested_branch_dag.py
[2025-01-11T08:08:59.238+0000] {processor.py:925} INFO - DAG(s) 'example_nested_branch_dag' retrieved from /home/airflow/.local/lib/python3.12/site-packages/airflow/example_dags/example_nested_branch_dag.py
[2025-01-11T08:08:59.296+0000] {logging_mixin.py:190} INFO - [2025-01-11T08:08:59.296+0000] {dag.py:3239} INFO - Sync 1 DAGs
[2025-01-11T08:08:59.366+0000] {logging_mixin.py:190} INFO - [2025-01-11T08:08:59.365+0000] {dag.py:4180} INFO - Setting next_dagrun for example_nested_branch_dag to 2025-01-10 00:00:00+00:00, run_after=2025-01-11 00:00:00+00:00
[2025-01-11T08:08:59.443+0000] {processor.py:208} INFO - Processing /home/airflow/.local/lib/python3.12/site-packages/airflow/example_dags/example_nested_branch_dag.py took 0.255 seconds
[2025-01-11T08:09:29.829+0000] {processor.py:186} INFO - Started process (PID=2052) to work on /home/airflow/.local/lib/python3.12/site-packages/airflow/example_dags/example_nested_branch_dag.py
[2025-01-11T08:09:29.831+0000] {processor.py:914} INFO - Processing file /home/airflow/.local/lib/python3.12/site-packages/airflow/example_dags/example_nested_branch_dag.py for tasks to queue
[2025-01-11T08:09:29.836+0000] {logging_mixin.py:190} INFO - [2025-01-11T08:09:29.835+0000] {dagbag.py:588} INFO - Filling up the DagBag from /home/airflow/.local/lib/python3.12/site-packages/airflow/example_dags/example_nested_branch_dag.py
[2025-01-11T08:09:29.856+0000] {processor.py:925} INFO - DAG(s) 'example_nested_branch_dag' retrieved from /home/airflow/.local/lib/python3.12/site-packages/airflow/example_dags/example_nested_branch_dag.py
[2025-01-11T08:09:29.906+0000] {logging_mixin.py:190} INFO - [2025-01-11T08:09:29.906+0000] {dag.py:3239} INFO - Sync 1 DAGs
[2025-01-11T08:09:29.955+0000] {logging_mixin.py:190} INFO - [2025-01-11T08:09:29.954+0000] {dag.py:4180} INFO - Setting next_dagrun for example_nested_branch_dag to 2025-01-10 00:00:00+00:00, run_after=2025-01-11 00:00:00+00:00
[2025-01-11T08:09:30.016+0000] {processor.py:208} INFO - Processing /home/airflow/.local/lib/python3.12/site-packages/airflow/example_dags/example_nested_branch_dag.py took 0.200 seconds
[2025-01-11T08:10:00.399+0000] {processor.py:186} INFO - Started process (PID=2343) to work on /home/airflow/.local/lib/python3.12/site-packages/airflow/example_dags/example_nested_branch_dag.py
[2025-01-11T08:10:00.401+0000] {processor.py:914} INFO - Processing file /home/airflow/.local/lib/python3.12/site-packages/airflow/example_dags/example_nested_branch_dag.py for tasks to queue
[2025-01-11T08:10:00.405+0000] {logging_mixin.py:190} INFO - [2025-01-11T08:10:00.405+0000] {dagbag.py:588} INFO - Filling up the DagBag from /home/airflow/.local/lib/python3.12/site-packages/airflow/example_dags/example_nested_branch_dag.py
[2025-01-11T08:10:00.426+0000] {processor.py:925} INFO - DAG(s) 'example_nested_branch_dag' retrieved from /home/airflow/.local/lib/python3.12/site-packages/airflow/example_dags/example_nested_branch_dag.py
[2025-01-11T08:10:00.476+0000] {logging_mixin.py:190} INFO - [2025-01-11T08:10:00.476+0000] {dag.py:3239} INFO - Sync 1 DAGs
[2025-01-11T08:10:00.534+0000] {logging_mixin.py:190} INFO - [2025-01-11T08:10:00.534+0000] {dag.py:4180} INFO - Setting next_dagrun for example_nested_branch_dag to 2025-01-10 00:00:00+00:00, run_after=2025-01-11 00:00:00+00:00
[2025-01-11T08:10:00.589+0000] {processor.py:208} INFO - Processing /home/airflow/.local/lib/python3.12/site-packages/airflow/example_dags/example_nested_branch_dag.py took 0.200 seconds
