[2025-01-11T08:06:24.675+0000] {processor.py:186} INFO - Started process (PID=299) to work on /home/airflow/.local/lib/python3.12/site-packages/airflow/example_dags/example_sensor_decorator.py
[2025-01-11T08:06:24.678+0000] {processor.py:914} INFO - Processing file /home/airflow/.local/lib/python3.12/site-packages/airflow/example_dags/example_sensor_decorator.py for tasks to queue
[2025-01-11T08:06:24.683+0000] {logging_mixin.py:190} INFO - [2025-01-11T08:06:24.682+0000] {dagbag.py:588} INFO - Filling up the DagBag from /home/airflow/.local/lib/python3.12/site-packages/airflow/example_dags/example_sensor_decorator.py
[2025-01-11T08:06:24.698+0000] {processor.py:925} INFO - DAG(s) 'example_sensor_decorator' retrieved from /home/airflow/.local/lib/python3.12/site-packages/airflow/example_dags/example_sensor_decorator.py
[2025-01-11T08:06:24.742+0000] {logging_mixin.py:190} INFO - [2025-01-11T08:06:24.742+0000] {dag.py:3239} INFO - Sync 1 DAGs
[2025-01-11T08:06:24.783+0000] {logging_mixin.py:190} INFO - [2025-01-11T08:06:24.783+0000] {dag.py:4180} INFO - Setting next_dagrun for example_sensor_decorator to None, run_after=None
[2025-01-11T08:06:24.823+0000] {processor.py:208} INFO - Processing /home/airflow/.local/lib/python3.12/site-packages/airflow/example_dags/example_sensor_decorator.py took 0.160 seconds
[2025-01-11T08:06:55.089+0000] {processor.py:186} INFO - Started process (PID=585) to work on /home/airflow/.local/lib/python3.12/site-packages/airflow/example_dags/example_sensor_decorator.py
[2025-01-11T08:06:55.091+0000] {processor.py:914} INFO - Processing file /home/airflow/.local/lib/python3.12/site-packages/airflow/example_dags/example_sensor_decorator.py for tasks to queue
[2025-01-11T08:06:55.098+0000] {logging_mixin.py:190} INFO - [2025-01-11T08:06:55.097+0000] {dagbag.py:588} INFO - Filling up the DagBag from /home/airflow/.local/lib/python3.12/site-packages/airflow/example_dags/example_sensor_decorator.py
[2025-01-11T08:06:55.130+0000] {processor.py:925} INFO - DAG(s) 'example_sensor_decorator' retrieved from /home/airflow/.local/lib/python3.12/site-packages/airflow/example_dags/example_sensor_decorator.py
[2025-01-11T08:06:55.190+0000] {logging_mixin.py:190} INFO - [2025-01-11T08:06:55.189+0000] {dag.py:3239} INFO - Sync 1 DAGs
[2025-01-11T08:06:55.228+0000] {logging_mixin.py:190} INFO - [2025-01-11T08:06:55.227+0000] {dag.py:4180} INFO - Setting next_dagrun for example_sensor_decorator to None, run_after=None
[2025-01-11T08:06:55.295+0000] {processor.py:208} INFO - Processing /home/airflow/.local/lib/python3.12/site-packages/airflow/example_dags/example_sensor_decorator.py took 0.226 seconds
[2025-01-11T08:07:26.050+0000] {processor.py:186} INFO - Started process (PID=873) to work on /home/airflow/.local/lib/python3.12/site-packages/airflow/example_dags/example_sensor_decorator.py
[2025-01-11T08:07:26.052+0000] {processor.py:914} INFO - Processing file /home/airflow/.local/lib/python3.12/site-packages/airflow/example_dags/example_sensor_decorator.py for tasks to queue
[2025-01-11T08:07:26.056+0000] {logging_mixin.py:190} INFO - [2025-01-11T08:07:26.055+0000] {dagbag.py:588} INFO - Filling up the DagBag from /home/airflow/.local/lib/python3.12/site-packages/airflow/example_dags/example_sensor_decorator.py
[2025-01-11T08:07:26.071+0000] {processor.py:925} INFO - DAG(s) 'example_sensor_decorator' retrieved from /home/airflow/.local/lib/python3.12/site-packages/airflow/example_dags/example_sensor_decorator.py
[2025-01-11T08:07:26.120+0000] {logging_mixin.py:190} INFO - [2025-01-11T08:07:26.120+0000] {dag.py:3239} INFO - Sync 1 DAGs
[2025-01-11T08:07:26.177+0000] {logging_mixin.py:190} INFO - [2025-01-11T08:07:26.177+0000] {dag.py:4180} INFO - Setting next_dagrun for example_sensor_decorator to None, run_after=None
[2025-01-11T08:07:26.248+0000] {processor.py:208} INFO - Processing /home/airflow/.local/lib/python3.12/site-packages/airflow/example_dags/example_sensor_decorator.py took 0.210 seconds
[2025-01-11T08:07:56.758+0000] {processor.py:186} INFO - Started process (PID=1164) to work on /home/airflow/.local/lib/python3.12/site-packages/airflow/example_dags/example_sensor_decorator.py
[2025-01-11T08:07:56.761+0000] {processor.py:914} INFO - Processing file /home/airflow/.local/lib/python3.12/site-packages/airflow/example_dags/example_sensor_decorator.py for tasks to queue
[2025-01-11T08:07:56.765+0000] {logging_mixin.py:190} INFO - [2025-01-11T08:07:56.765+0000] {dagbag.py:588} INFO - Filling up the DagBag from /home/airflow/.local/lib/python3.12/site-packages/airflow/example_dags/example_sensor_decorator.py
[2025-01-11T08:07:56.782+0000] {processor.py:925} INFO - DAG(s) 'example_sensor_decorator' retrieved from /home/airflow/.local/lib/python3.12/site-packages/airflow/example_dags/example_sensor_decorator.py
[2025-01-11T08:07:56.820+0000] {logging_mixin.py:190} INFO - [2025-01-11T08:07:56.819+0000] {dag.py:3239} INFO - Sync 1 DAGs
[2025-01-11T08:07:56.852+0000] {logging_mixin.py:190} INFO - [2025-01-11T08:07:56.851+0000] {dag.py:4180} INFO - Setting next_dagrun for example_sensor_decorator to None, run_after=None
[2025-01-11T08:07:56.925+0000] {processor.py:208} INFO - Processing /home/airflow/.local/lib/python3.12/site-packages/airflow/example_dags/example_sensor_decorator.py took 0.181 seconds
[2025-01-11T08:08:27.440+0000] {processor.py:186} INFO - Started process (PID=1455) to work on /home/airflow/.local/lib/python3.12/site-packages/airflow/example_dags/example_sensor_decorator.py
[2025-01-11T08:08:27.442+0000] {processor.py:914} INFO - Processing file /home/airflow/.local/lib/python3.12/site-packages/airflow/example_dags/example_sensor_decorator.py for tasks to queue
[2025-01-11T08:08:27.447+0000] {logging_mixin.py:190} INFO - [2025-01-11T08:08:27.446+0000] {dagbag.py:588} INFO - Filling up the DagBag from /home/airflow/.local/lib/python3.12/site-packages/airflow/example_dags/example_sensor_decorator.py
[2025-01-11T08:08:27.463+0000] {processor.py:925} INFO - DAG(s) 'example_sensor_decorator' retrieved from /home/airflow/.local/lib/python3.12/site-packages/airflow/example_dags/example_sensor_decorator.py
[2025-01-11T08:08:27.504+0000] {logging_mixin.py:190} INFO - [2025-01-11T08:08:27.504+0000] {dag.py:3239} INFO - Sync 1 DAGs
[2025-01-11T08:08:27.534+0000] {logging_mixin.py:190} INFO - [2025-01-11T08:08:27.534+0000] {dag.py:4180} INFO - Setting next_dagrun for example_sensor_decorator to None, run_after=None
[2025-01-11T08:08:27.603+0000] {processor.py:208} INFO - Processing /home/airflow/.local/lib/python3.12/site-packages/airflow/example_dags/example_sensor_decorator.py took 0.174 seconds
[2025-01-11T08:08:57.881+0000] {processor.py:186} INFO - Started process (PID=1746) to work on /home/airflow/.local/lib/python3.12/site-packages/airflow/example_dags/example_sensor_decorator.py
[2025-01-11T08:08:57.884+0000] {processor.py:914} INFO - Processing file /home/airflow/.local/lib/python3.12/site-packages/airflow/example_dags/example_sensor_decorator.py for tasks to queue
[2025-01-11T08:08:57.893+0000] {logging_mixin.py:190} INFO - [2025-01-11T08:08:57.891+0000] {dagbag.py:588} INFO - Filling up the DagBag from /home/airflow/.local/lib/python3.12/site-packages/airflow/example_dags/example_sensor_decorator.py
[2025-01-11T08:08:57.914+0000] {processor.py:925} INFO - DAG(s) 'example_sensor_decorator' retrieved from /home/airflow/.local/lib/python3.12/site-packages/airflow/example_dags/example_sensor_decorator.py
[2025-01-11T08:08:57.976+0000] {logging_mixin.py:190} INFO - [2025-01-11T08:08:57.975+0000] {dag.py:3239} INFO - Sync 1 DAGs
[2025-01-11T08:08:58.018+0000] {logging_mixin.py:190} INFO - [2025-01-11T08:08:58.017+0000] {dag.py:4180} INFO - Setting next_dagrun for example_sensor_decorator to None, run_after=None
[2025-01-11T08:08:58.082+0000] {processor.py:208} INFO - Processing /home/airflow/.local/lib/python3.12/site-packages/airflow/example_dags/example_sensor_decorator.py took 0.215 seconds
[2025-01-11T08:09:28.299+0000] {processor.py:186} INFO - Started process (PID=2037) to work on /home/airflow/.local/lib/python3.12/site-packages/airflow/example_dags/example_sensor_decorator.py
[2025-01-11T08:09:28.301+0000] {processor.py:914} INFO - Processing file /home/airflow/.local/lib/python3.12/site-packages/airflow/example_dags/example_sensor_decorator.py for tasks to queue
[2025-01-11T08:09:28.306+0000] {logging_mixin.py:190} INFO - [2025-01-11T08:09:28.305+0000] {dagbag.py:588} INFO - Filling up the DagBag from /home/airflow/.local/lib/python3.12/site-packages/airflow/example_dags/example_sensor_decorator.py
[2025-01-11T08:09:28.319+0000] {processor.py:925} INFO - DAG(s) 'example_sensor_decorator' retrieved from /home/airflow/.local/lib/python3.12/site-packages/airflow/example_dags/example_sensor_decorator.py
[2025-01-11T08:09:28.360+0000] {logging_mixin.py:190} INFO - [2025-01-11T08:09:28.360+0000] {dag.py:3239} INFO - Sync 1 DAGs
[2025-01-11T08:09:28.386+0000] {logging_mixin.py:190} INFO - [2025-01-11T08:09:28.385+0000] {dag.py:4180} INFO - Setting next_dagrun for example_sensor_decorator to None, run_after=None
[2025-01-11T08:09:28.423+0000] {processor.py:208} INFO - Processing /home/airflow/.local/lib/python3.12/site-packages/airflow/example_dags/example_sensor_decorator.py took 0.134 seconds
[2025-01-11T08:09:58.733+0000] {processor.py:186} INFO - Started process (PID=2326) to work on /home/airflow/.local/lib/python3.12/site-packages/airflow/example_dags/example_sensor_decorator.py
[2025-01-11T08:09:58.735+0000] {processor.py:914} INFO - Processing file /home/airflow/.local/lib/python3.12/site-packages/airflow/example_dags/example_sensor_decorator.py for tasks to queue
[2025-01-11T08:09:58.741+0000] {logging_mixin.py:190} INFO - [2025-01-11T08:09:58.739+0000] {dagbag.py:588} INFO - Filling up the DagBag from /home/airflow/.local/lib/python3.12/site-packages/airflow/example_dags/example_sensor_decorator.py
[2025-01-11T08:09:58.767+0000] {processor.py:925} INFO - DAG(s) 'example_sensor_decorator' retrieved from /home/airflow/.local/lib/python3.12/site-packages/airflow/example_dags/example_sensor_decorator.py
[2025-01-11T08:09:58.825+0000] {logging_mixin.py:190} INFO - [2025-01-11T08:09:58.824+0000] {dag.py:3239} INFO - Sync 1 DAGs
[2025-01-11T08:09:58.872+0000] {logging_mixin.py:190} INFO - [2025-01-11T08:09:58.872+0000] {dag.py:4180} INFO - Setting next_dagrun for example_sensor_decorator to None, run_after=None
[2025-01-11T08:09:58.954+0000] {processor.py:208} INFO - Processing /home/airflow/.local/lib/python3.12/site-packages/airflow/example_dags/example_sensor_decorator.py took 0.237 seconds
