[2025-01-11T08:06:20.862+0000] {processor.py:186} INFO - Started process (PID=219) to work on /home/airflow/.local/lib/python3.12/site-packages/airflow/example_dags/example_branch_operator_decorator.py
[2025-01-11T08:06:20.865+0000] {processor.py:914} INFO - Processing file /home/airflow/.local/lib/python3.12/site-packages/airflow/example_dags/example_branch_operator_decorator.py for tasks to queue
[2025-01-11T08:06:20.869+0000] {logging_mixin.py:190} INFO - [2025-01-11T08:06:20.868+0000] {dagbag.py:588} INFO - Filling up the DagBag from /home/airflow/.local/lib/python3.12/site-packages/airflow/example_dags/example_branch_operator_decorator.py
[2025-01-11T08:06:20.916+0000] {processor.py:925} INFO - DAG(s) 'example_branch_python_operator_decorator' retrieved from /home/airflow/.local/lib/python3.12/site-packages/airflow/example_dags/example_branch_operator_decorator.py
[2025-01-11T08:06:21.200+0000] {logging_mixin.py:190} INFO - [2025-01-11T08:06:21.199+0000] {dag.py:3239} INFO - Sync 1 DAGs
[2025-01-11T08:06:21.244+0000] {logging_mixin.py:190} INFO - [2025-01-11T08:06:21.243+0000] {dag.py:4180} INFO - Setting next_dagrun for example_branch_python_operator_decorator to 2025-01-10 00:00:00+00:00, run_after=2025-01-11 00:00:00+00:00
[2025-01-11T08:06:21.284+0000] {processor.py:208} INFO - Processing /home/airflow/.local/lib/python3.12/site-packages/airflow/example_dags/example_branch_operator_decorator.py took 0.433 seconds
[2025-01-11T08:06:51.801+0000] {processor.py:186} INFO - Started process (PID=512) to work on /home/airflow/.local/lib/python3.12/site-packages/airflow/example_dags/example_branch_operator_decorator.py
[2025-01-11T08:06:51.803+0000] {processor.py:914} INFO - Processing file /home/airflow/.local/lib/python3.12/site-packages/airflow/example_dags/example_branch_operator_decorator.py for tasks to queue
[2025-01-11T08:06:51.807+0000] {logging_mixin.py:190} INFO - [2025-01-11T08:06:51.806+0000] {dagbag.py:588} INFO - Filling up the DagBag from /home/airflow/.local/lib/python3.12/site-packages/airflow/example_dags/example_branch_operator_decorator.py
[2025-01-11T08:06:51.852+0000] {processor.py:925} INFO - DAG(s) 'example_branch_python_operator_decorator' retrieved from /home/airflow/.local/lib/python3.12/site-packages/airflow/example_dags/example_branch_operator_decorator.py
[2025-01-11T08:06:51.911+0000] {logging_mixin.py:190} INFO - [2025-01-11T08:06:51.910+0000] {dag.py:3239} INFO - Sync 1 DAGs
[2025-01-11T08:06:51.959+0000] {logging_mixin.py:190} INFO - [2025-01-11T08:06:51.958+0000] {dag.py:4180} INFO - Setting next_dagrun for example_branch_python_operator_decorator to 2025-01-10 00:00:00+00:00, run_after=2025-01-11 00:00:00+00:00
[2025-01-11T08:06:52.027+0000] {processor.py:208} INFO - Processing /home/airflow/.local/lib/python3.12/site-packages/airflow/example_dags/example_branch_operator_decorator.py took 0.237 seconds
[2025-01-11T08:07:22.517+0000] {processor.py:186} INFO - Started process (PID=803) to work on /home/airflow/.local/lib/python3.12/site-packages/airflow/example_dags/example_branch_operator_decorator.py
[2025-01-11T08:07:22.518+0000] {processor.py:914} INFO - Processing file /home/airflow/.local/lib/python3.12/site-packages/airflow/example_dags/example_branch_operator_decorator.py for tasks to queue
[2025-01-11T08:07:22.523+0000] {logging_mixin.py:190} INFO - [2025-01-11T08:07:22.522+0000] {dagbag.py:588} INFO - Filling up the DagBag from /home/airflow/.local/lib/python3.12/site-packages/airflow/example_dags/example_branch_operator_decorator.py
[2025-01-11T08:07:22.566+0000] {processor.py:925} INFO - DAG(s) 'example_branch_python_operator_decorator' retrieved from /home/airflow/.local/lib/python3.12/site-packages/airflow/example_dags/example_branch_operator_decorator.py
[2025-01-11T08:07:22.627+0000] {logging_mixin.py:190} INFO - [2025-01-11T08:07:22.626+0000] {dag.py:3239} INFO - Sync 1 DAGs
[2025-01-11T08:07:22.680+0000] {logging_mixin.py:190} INFO - [2025-01-11T08:07:22.680+0000] {dag.py:4180} INFO - Setting next_dagrun for example_branch_python_operator_decorator to 2025-01-10 00:00:00+00:00, run_after=2025-01-11 00:00:00+00:00
[2025-01-11T08:07:22.727+0000] {processor.py:208} INFO - Processing /home/airflow/.local/lib/python3.12/site-packages/airflow/example_dags/example_branch_operator_decorator.py took 0.220 seconds
[2025-01-11T08:07:53.385+0000] {processor.py:186} INFO - Started process (PID=1099) to work on /home/airflow/.local/lib/python3.12/site-packages/airflow/example_dags/example_branch_operator_decorator.py
[2025-01-11T08:07:53.387+0000] {processor.py:914} INFO - Processing file /home/airflow/.local/lib/python3.12/site-packages/airflow/example_dags/example_branch_operator_decorator.py for tasks to queue
[2025-01-11T08:07:53.392+0000] {logging_mixin.py:190} INFO - [2025-01-11T08:07:53.392+0000] {dagbag.py:588} INFO - Filling up the DagBag from /home/airflow/.local/lib/python3.12/site-packages/airflow/example_dags/example_branch_operator_decorator.py
[2025-01-11T08:07:53.443+0000] {processor.py:925} INFO - DAG(s) 'example_branch_python_operator_decorator' retrieved from /home/airflow/.local/lib/python3.12/site-packages/airflow/example_dags/example_branch_operator_decorator.py
[2025-01-11T08:07:53.518+0000] {logging_mixin.py:190} INFO - [2025-01-11T08:07:53.517+0000] {dag.py:3239} INFO - Sync 1 DAGs
[2025-01-11T08:07:53.578+0000] {logging_mixin.py:190} INFO - [2025-01-11T08:07:53.578+0000] {dag.py:4180} INFO - Setting next_dagrun for example_branch_python_operator_decorator to 2025-01-10 00:00:00+00:00, run_after=2025-01-11 00:00:00+00:00
[2025-01-11T08:07:53.622+0000] {processor.py:208} INFO - Processing /home/airflow/.local/lib/python3.12/site-packages/airflow/example_dags/example_branch_operator_decorator.py took 0.247 seconds
[2025-01-11T08:08:24.083+0000] {processor.py:186} INFO - Started process (PID=1390) to work on /home/airflow/.local/lib/python3.12/site-packages/airflow/example_dags/example_branch_operator_decorator.py
[2025-01-11T08:08:24.085+0000] {processor.py:914} INFO - Processing file /home/airflow/.local/lib/python3.12/site-packages/airflow/example_dags/example_branch_operator_decorator.py for tasks to queue
[2025-01-11T08:08:24.090+0000] {logging_mixin.py:190} INFO - [2025-01-11T08:08:24.089+0000] {dagbag.py:588} INFO - Filling up the DagBag from /home/airflow/.local/lib/python3.12/site-packages/airflow/example_dags/example_branch_operator_decorator.py
[2025-01-11T08:08:24.130+0000] {processor.py:925} INFO - DAG(s) 'example_branch_python_operator_decorator' retrieved from /home/airflow/.local/lib/python3.12/site-packages/airflow/example_dags/example_branch_operator_decorator.py
[2025-01-11T08:08:24.188+0000] {logging_mixin.py:190} INFO - [2025-01-11T08:08:24.188+0000] {dag.py:3239} INFO - Sync 1 DAGs
[2025-01-11T08:08:24.235+0000] {logging_mixin.py:190} INFO - [2025-01-11T08:08:24.235+0000] {dag.py:4180} INFO - Setting next_dagrun for example_branch_python_operator_decorator to 2025-01-10 00:00:00+00:00, run_after=2025-01-11 00:00:00+00:00
[2025-01-11T08:08:24.272+0000] {processor.py:208} INFO - Processing /home/airflow/.local/lib/python3.12/site-packages/airflow/example_dags/example_branch_operator_decorator.py took 0.202 seconds
[2025-01-11T08:08:54.883+0000] {processor.py:186} INFO - Started process (PID=1686) to work on /home/airflow/.local/lib/python3.12/site-packages/airflow/example_dags/example_branch_operator_decorator.py
[2025-01-11T08:08:54.886+0000] {processor.py:914} INFO - Processing file /home/airflow/.local/lib/python3.12/site-packages/airflow/example_dags/example_branch_operator_decorator.py for tasks to queue
[2025-01-11T08:08:54.891+0000] {logging_mixin.py:190} INFO - [2025-01-11T08:08:54.890+0000] {dagbag.py:588} INFO - Filling up the DagBag from /home/airflow/.local/lib/python3.12/site-packages/airflow/example_dags/example_branch_operator_decorator.py
[2025-01-11T08:08:54.941+0000] {processor.py:925} INFO - DAG(s) 'example_branch_python_operator_decorator' retrieved from /home/airflow/.local/lib/python3.12/site-packages/airflow/example_dags/example_branch_operator_decorator.py
[2025-01-11T08:08:55.000+0000] {logging_mixin.py:190} INFO - [2025-01-11T08:08:54.999+0000] {dag.py:3239} INFO - Sync 1 DAGs
[2025-01-11T08:08:55.055+0000] {logging_mixin.py:190} INFO - [2025-01-11T08:08:55.054+0000] {dag.py:4180} INFO - Setting next_dagrun for example_branch_python_operator_decorator to 2025-01-10 00:00:00+00:00, run_after=2025-01-11 00:00:00+00:00
[2025-01-11T08:08:55.117+0000] {processor.py:208} INFO - Processing /home/airflow/.local/lib/python3.12/site-packages/airflow/example_dags/example_branch_operator_decorator.py took 0.246 seconds
[2025-01-11T08:09:25.363+0000] {processor.py:186} INFO - Started process (PID=1977) to work on /home/airflow/.local/lib/python3.12/site-packages/airflow/example_dags/example_branch_operator_decorator.py
[2025-01-11T08:09:25.365+0000] {processor.py:914} INFO - Processing file /home/airflow/.local/lib/python3.12/site-packages/airflow/example_dags/example_branch_operator_decorator.py for tasks to queue
[2025-01-11T08:09:25.370+0000] {logging_mixin.py:190} INFO - [2025-01-11T08:09:25.370+0000] {dagbag.py:588} INFO - Filling up the DagBag from /home/airflow/.local/lib/python3.12/site-packages/airflow/example_dags/example_branch_operator_decorator.py
[2025-01-11T08:09:25.420+0000] {processor.py:925} INFO - DAG(s) 'example_branch_python_operator_decorator' retrieved from /home/airflow/.local/lib/python3.12/site-packages/airflow/example_dags/example_branch_operator_decorator.py
[2025-01-11T08:09:25.477+0000] {logging_mixin.py:190} INFO - [2025-01-11T08:09:25.476+0000] {dag.py:3239} INFO - Sync 1 DAGs
[2025-01-11T08:09:25.534+0000] {logging_mixin.py:190} INFO - [2025-01-11T08:09:25.533+0000] {dag.py:4180} INFO - Setting next_dagrun for example_branch_python_operator_decorator to 2025-01-10 00:00:00+00:00, run_after=2025-01-11 00:00:00+00:00
[2025-01-11T08:09:25.576+0000] {processor.py:208} INFO - Processing /home/airflow/.local/lib/python3.12/site-packages/airflow/example_dags/example_branch_operator_decorator.py took 0.226 seconds
[2025-01-11T08:09:55.794+0000] {processor.py:186} INFO - Started process (PID=2268) to work on /home/airflow/.local/lib/python3.12/site-packages/airflow/example_dags/example_branch_operator_decorator.py
[2025-01-11T08:09:55.796+0000] {processor.py:914} INFO - Processing file /home/airflow/.local/lib/python3.12/site-packages/airflow/example_dags/example_branch_operator_decorator.py for tasks to queue
[2025-01-11T08:09:55.801+0000] {logging_mixin.py:190} INFO - [2025-01-11T08:09:55.801+0000] {dagbag.py:588} INFO - Filling up the DagBag from /home/airflow/.local/lib/python3.12/site-packages/airflow/example_dags/example_branch_operator_decorator.py
[2025-01-11T08:09:55.849+0000] {processor.py:925} INFO - DAG(s) 'example_branch_python_operator_decorator' retrieved from /home/airflow/.local/lib/python3.12/site-packages/airflow/example_dags/example_branch_operator_decorator.py
[2025-01-11T08:09:55.916+0000] {logging_mixin.py:190} INFO - [2025-01-11T08:09:55.915+0000] {dag.py:3239} INFO - Sync 1 DAGs
[2025-01-11T08:09:55.986+0000] {logging_mixin.py:190} INFO - [2025-01-11T08:09:55.986+0000] {dag.py:4180} INFO - Setting next_dagrun for example_branch_python_operator_decorator to 2025-01-10 00:00:00+00:00, run_after=2025-01-11 00:00:00+00:00
[2025-01-11T08:09:56.040+0000] {processor.py:208} INFO - Processing /home/airflow/.local/lib/python3.12/site-packages/airflow/example_dags/example_branch_operator_decorator.py took 0.258 seconds
