[2025-01-11T08:06:29.730+0000] {processor.py:186} INFO - Started process (PID=399) to work on /home/airflow/.local/lib/python3.12/site-packages/airflow/example_dags/example_dag_decorator.py
[2025-01-11T08:06:29.732+0000] {processor.py:914} INFO - Processing file /home/airflow/.local/lib/python3.12/site-packages/airflow/example_dags/example_dag_decorator.py for tasks to queue
[2025-01-11T08:06:29.736+0000] {logging_mixin.py:190} INFO - [2025-01-11T08:06:29.735+0000] {dagbag.py:588} INFO - Filling up the DagBag from /home/airflow/.local/lib/python3.12/site-packages/airflow/example_dags/example_dag_decorator.py
[2025-01-11T08:06:29.757+0000] {processor.py:925} INFO - DAG(s) 'example_dag_decorator' retrieved from /home/airflow/.local/lib/python3.12/site-packages/airflow/example_dags/example_dag_decorator.py
[2025-01-11T08:06:30.031+0000] {logging_mixin.py:190} INFO - [2025-01-11T08:06:30.031+0000] {dag.py:3239} INFO - Sync 1 DAGs
[2025-01-11T08:06:30.064+0000] {logging_mixin.py:190} INFO - [2025-01-11T08:06:30.064+0000] {dag.py:4180} INFO - Setting next_dagrun for example_dag_decorator to None, run_after=None
[2025-01-11T08:06:30.109+0000] {processor.py:208} INFO - Processing /home/airflow/.local/lib/python3.12/site-packages/airflow/example_dags/example_dag_decorator.py took 0.388 seconds
[2025-01-11T08:07:00.832+0000] {processor.py:186} INFO - Started process (PID=690) to work on /home/airflow/.local/lib/python3.12/site-packages/airflow/example_dags/example_dag_decorator.py
[2025-01-11T08:07:00.834+0000] {processor.py:914} INFO - Processing file /home/airflow/.local/lib/python3.12/site-packages/airflow/example_dags/example_dag_decorator.py for tasks to queue
[2025-01-11T08:07:00.838+0000] {logging_mixin.py:190} INFO - [2025-01-11T08:07:00.837+0000] {dagbag.py:588} INFO - Filling up the DagBag from /home/airflow/.local/lib/python3.12/site-packages/airflow/example_dags/example_dag_decorator.py
[2025-01-11T08:07:00.859+0000] {processor.py:925} INFO - DAG(s) 'example_dag_decorator' retrieved from /home/airflow/.local/lib/python3.12/site-packages/airflow/example_dags/example_dag_decorator.py
[2025-01-11T08:07:00.913+0000] {logging_mixin.py:190} INFO - [2025-01-11T08:07:00.912+0000] {dag.py:3239} INFO - Sync 1 DAGs
[2025-01-11T08:07:00.942+0000] {logging_mixin.py:190} INFO - [2025-01-11T08:07:00.942+0000] {dag.py:4180} INFO - Setting next_dagrun for example_dag_decorator to None, run_after=None
[2025-01-11T08:07:00.974+0000] {processor.py:208} INFO - Processing /home/airflow/.local/lib/python3.12/site-packages/airflow/example_dags/example_dag_decorator.py took 0.153 seconds
[2025-01-11T08:07:31.995+0000] {processor.py:186} INFO - Started process (PID=976) to work on /home/airflow/.local/lib/python3.12/site-packages/airflow/example_dags/example_dag_decorator.py
[2025-01-11T08:07:31.997+0000] {processor.py:914} INFO - Processing file /home/airflow/.local/lib/python3.12/site-packages/airflow/example_dags/example_dag_decorator.py for tasks to queue
[2025-01-11T08:07:32.002+0000] {logging_mixin.py:190} INFO - [2025-01-11T08:07:32.001+0000] {dagbag.py:588} INFO - Filling up the DagBag from /home/airflow/.local/lib/python3.12/site-packages/airflow/example_dags/example_dag_decorator.py
[2025-01-11T08:07:32.027+0000] {processor.py:925} INFO - DAG(s) 'example_dag_decorator' retrieved from /home/airflow/.local/lib/python3.12/site-packages/airflow/example_dags/example_dag_decorator.py
[2025-01-11T08:07:32.285+0000] {logging_mixin.py:190} INFO - [2025-01-11T08:07:32.285+0000] {dag.py:3239} INFO - Sync 1 DAGs
[2025-01-11T08:07:32.313+0000] {logging_mixin.py:190} INFO - [2025-01-11T08:07:32.312+0000] {dag.py:4180} INFO - Setting next_dagrun for example_dag_decorator to None, run_after=None
[2025-01-11T08:07:32.354+0000] {processor.py:208} INFO - Processing /home/airflow/.local/lib/python3.12/site-packages/airflow/example_dags/example_dag_decorator.py took 0.371 seconds
[2025-01-11T08:08:04.007+0000] {processor.py:186} INFO - Started process (PID=1272) to work on /home/airflow/.local/lib/python3.12/site-packages/airflow/example_dags/example_dag_decorator.py
[2025-01-11T08:08:04.008+0000] {processor.py:914} INFO - Processing file /home/airflow/.local/lib/python3.12/site-packages/airflow/example_dags/example_dag_decorator.py for tasks to queue
[2025-01-11T08:08:04.013+0000] {logging_mixin.py:190} INFO - [2025-01-11T08:08:04.012+0000] {dagbag.py:588} INFO - Filling up the DagBag from /home/airflow/.local/lib/python3.12/site-packages/airflow/example_dags/example_dag_decorator.py
[2025-01-11T08:08:04.039+0000] {processor.py:925} INFO - DAG(s) 'example_dag_decorator' retrieved from /home/airflow/.local/lib/python3.12/site-packages/airflow/example_dags/example_dag_decorator.py
[2025-01-11T08:08:04.265+0000] {logging_mixin.py:190} INFO - [2025-01-11T08:08:04.264+0000] {dag.py:3239} INFO - Sync 1 DAGs
[2025-01-11T08:08:04.298+0000] {logging_mixin.py:190} INFO - [2025-01-11T08:08:04.297+0000] {dag.py:4180} INFO - Setting next_dagrun for example_dag_decorator to None, run_after=None
[2025-01-11T08:08:04.334+0000] {processor.py:208} INFO - Processing /home/airflow/.local/lib/python3.12/site-packages/airflow/example_dags/example_dag_decorator.py took 0.338 seconds
[2025-01-11T08:08:36.234+0000] {processor.py:186} INFO - Started process (PID=1568) to work on /home/airflow/.local/lib/python3.12/site-packages/airflow/example_dags/example_dag_decorator.py
[2025-01-11T08:08:36.236+0000] {processor.py:914} INFO - Processing file /home/airflow/.local/lib/python3.12/site-packages/airflow/example_dags/example_dag_decorator.py for tasks to queue
[2025-01-11T08:08:36.241+0000] {logging_mixin.py:190} INFO - [2025-01-11T08:08:36.240+0000] {dagbag.py:588} INFO - Filling up the DagBag from /home/airflow/.local/lib/python3.12/site-packages/airflow/example_dags/example_dag_decorator.py
[2025-01-11T08:08:36.261+0000] {processor.py:925} INFO - DAG(s) 'example_dag_decorator' retrieved from /home/airflow/.local/lib/python3.12/site-packages/airflow/example_dags/example_dag_decorator.py
[2025-01-11T08:08:36.538+0000] {logging_mixin.py:190} INFO - [2025-01-11T08:08:36.538+0000] {dag.py:3239} INFO - Sync 1 DAGs
[2025-01-11T08:08:36.573+0000] {logging_mixin.py:190} INFO - [2025-01-11T08:08:36.572+0000] {dag.py:4180} INFO - Setting next_dagrun for example_dag_decorator to None, run_after=None
[2025-01-11T08:08:36.616+0000] {processor.py:208} INFO - Processing /home/airflow/.local/lib/python3.12/site-packages/airflow/example_dags/example_dag_decorator.py took 0.395 seconds
[2025-01-11T08:09:08.449+0000] {processor.py:186} INFO - Started process (PID=1859) to work on /home/airflow/.local/lib/python3.12/site-packages/airflow/example_dags/example_dag_decorator.py
[2025-01-11T08:09:08.452+0000] {processor.py:914} INFO - Processing file /home/airflow/.local/lib/python3.12/site-packages/airflow/example_dags/example_dag_decorator.py for tasks to queue
[2025-01-11T08:09:08.457+0000] {logging_mixin.py:190} INFO - [2025-01-11T08:09:08.456+0000] {dagbag.py:588} INFO - Filling up the DagBag from /home/airflow/.local/lib/python3.12/site-packages/airflow/example_dags/example_dag_decorator.py
[2025-01-11T08:09:08.479+0000] {processor.py:925} INFO - DAG(s) 'example_dag_decorator' retrieved from /home/airflow/.local/lib/python3.12/site-packages/airflow/example_dags/example_dag_decorator.py
[2025-01-11T08:09:08.526+0000] {logging_mixin.py:190} INFO - [2025-01-11T08:09:08.525+0000] {dag.py:3239} INFO - Sync 1 DAGs
[2025-01-11T08:09:08.557+0000] {logging_mixin.py:190} INFO - [2025-01-11T08:09:08.557+0000] {dag.py:4180} INFO - Setting next_dagrun for example_dag_decorator to None, run_after=None
[2025-01-11T08:09:08.627+0000] {processor.py:208} INFO - Processing /home/airflow/.local/lib/python3.12/site-packages/airflow/example_dags/example_dag_decorator.py took 0.189 seconds
[2025-01-11T08:09:38.825+0000] {processor.py:186} INFO - Started process (PID=2140) to work on /home/airflow/.local/lib/python3.12/site-packages/airflow/example_dags/example_dag_decorator.py
[2025-01-11T08:09:38.827+0000] {processor.py:914} INFO - Processing file /home/airflow/.local/lib/python3.12/site-packages/airflow/example_dags/example_dag_decorator.py for tasks to queue
[2025-01-11T08:09:38.833+0000] {logging_mixin.py:190} INFO - [2025-01-11T08:09:38.832+0000] {dagbag.py:588} INFO - Filling up the DagBag from /home/airflow/.local/lib/python3.12/site-packages/airflow/example_dags/example_dag_decorator.py
[2025-01-11T08:09:38.867+0000] {processor.py:925} INFO - DAG(s) 'example_dag_decorator' retrieved from /home/airflow/.local/lib/python3.12/site-packages/airflow/example_dags/example_dag_decorator.py
[2025-01-11T08:09:39.177+0000] {logging_mixin.py:190} INFO - [2025-01-11T08:09:39.176+0000] {dag.py:3239} INFO - Sync 1 DAGs
[2025-01-11T08:09:39.213+0000] {logging_mixin.py:190} INFO - [2025-01-11T08:09:39.212+0000] {dag.py:4180} INFO - Setting next_dagrun for example_dag_decorator to None, run_after=None
[2025-01-11T08:09:39.269+0000] {processor.py:208} INFO - Processing /home/airflow/.local/lib/python3.12/site-packages/airflow/example_dags/example_dag_decorator.py took 0.460 seconds
