[2025-01-11T08:06:31.985+0000] {processor.py:186} INFO - Started process (PID=449) to work on /home/airflow/.local/lib/python3.12/site-packages/airflow/example_dags/example_complex.py
[2025-01-11T08:06:31.987+0000] {processor.py:914} INFO - Processing file /home/airflow/.local/lib/python3.12/site-packages/airflow/example_dags/example_complex.py for tasks to queue
[2025-01-11T08:06:31.992+0000] {logging_mixin.py:190} INFO - [2025-01-11T08:06:31.991+0000] {dagbag.py:588} INFO - Filling up the DagBag from /home/airflow/.local/lib/python3.12/site-packages/airflow/example_dags/example_complex.py
[2025-01-11T08:06:32.021+0000] {processor.py:925} INFO - DAG(s) 'example_complex' retrieved from /home/airflow/.local/lib/python3.12/site-packages/airflow/example_dags/example_complex.py
[2025-01-11T08:06:32.099+0000] {logging_mixin.py:190} INFO - [2025-01-11T08:06:32.098+0000] {dag.py:3239} INFO - Sync 1 DAGs
[2025-01-11T08:06:32.133+0000] {logging_mixin.py:190} INFO - [2025-01-11T08:06:32.132+0000] {dag.py:4180} INFO - Setting next_dagrun for example_complex to None, run_after=None
[2025-01-11T08:06:32.180+0000] {processor.py:208} INFO - Processing /home/airflow/.local/lib/python3.12/site-packages/airflow/example_dags/example_complex.py took 0.205 seconds
[2025-01-11T08:07:02.754+0000] {processor.py:186} INFO - Started process (PID=737) to work on /home/airflow/.local/lib/python3.12/site-packages/airflow/example_dags/example_complex.py
[2025-01-11T08:07:02.756+0000] {processor.py:914} INFO - Processing file /home/airflow/.local/lib/python3.12/site-packages/airflow/example_dags/example_complex.py for tasks to queue
[2025-01-11T08:07:02.761+0000] {logging_mixin.py:190} INFO - [2025-01-11T08:07:02.760+0000] {dagbag.py:588} INFO - Filling up the DagBag from /home/airflow/.local/lib/python3.12/site-packages/airflow/example_dags/example_complex.py
[2025-01-11T08:07:02.792+0000] {processor.py:925} INFO - DAG(s) 'example_complex' retrieved from /home/airflow/.local/lib/python3.12/site-packages/airflow/example_dags/example_complex.py
[2025-01-11T08:07:02.861+0000] {logging_mixin.py:190} INFO - [2025-01-11T08:07:02.860+0000] {dag.py:3239} INFO - Sync 1 DAGs
[2025-01-11T08:07:02.893+0000] {logging_mixin.py:190} INFO - [2025-01-11T08:07:02.893+0000] {dag.py:4180} INFO - Setting next_dagrun for example_complex to None, run_after=None
[2025-01-11T08:07:02.942+0000] {processor.py:208} INFO - Processing /home/airflow/.local/lib/python3.12/site-packages/airflow/example_dags/example_complex.py took 0.199 seconds
[2025-01-11T08:07:35.005+0000] {processor.py:186} INFO - Started process (PID=1028) to work on /home/airflow/.local/lib/python3.12/site-packages/airflow/example_dags/example_complex.py
[2025-01-11T08:07:35.007+0000] {processor.py:914} INFO - Processing file /home/airflow/.local/lib/python3.12/site-packages/airflow/example_dags/example_complex.py for tasks to queue
[2025-01-11T08:07:35.012+0000] {logging_mixin.py:190} INFO - [2025-01-11T08:07:35.012+0000] {dagbag.py:588} INFO - Filling up the DagBag from /home/airflow/.local/lib/python3.12/site-packages/airflow/example_dags/example_complex.py
[2025-01-11T08:07:35.037+0000] {processor.py:925} INFO - DAG(s) 'example_complex' retrieved from /home/airflow/.local/lib/python3.12/site-packages/airflow/example_dags/example_complex.py
[2025-01-11T08:07:35.114+0000] {logging_mixin.py:190} INFO - [2025-01-11T08:07:35.114+0000] {dag.py:3239} INFO - Sync 1 DAGs
[2025-01-11T08:07:35.150+0000] {logging_mixin.py:190} INFO - [2025-01-11T08:07:35.150+0000] {dag.py:4180} INFO - Setting next_dagrun for example_complex to None, run_after=None
[2025-01-11T08:07:35.192+0000] {processor.py:208} INFO - Processing /home/airflow/.local/lib/python3.12/site-packages/airflow/example_dags/example_complex.py took 0.198 seconds
[2025-01-11T08:08:05.851+0000] {processor.py:186} INFO - Started process (PID=1319) to work on /home/airflow/.local/lib/python3.12/site-packages/airflow/example_dags/example_complex.py
[2025-01-11T08:08:05.853+0000] {processor.py:914} INFO - Processing file /home/airflow/.local/lib/python3.12/site-packages/airflow/example_dags/example_complex.py for tasks to queue
[2025-01-11T08:08:05.857+0000] {logging_mixin.py:190} INFO - [2025-01-11T08:08:05.856+0000] {dagbag.py:588} INFO - Filling up the DagBag from /home/airflow/.local/lib/python3.12/site-packages/airflow/example_dags/example_complex.py
[2025-01-11T08:08:05.879+0000] {processor.py:925} INFO - DAG(s) 'example_complex' retrieved from /home/airflow/.local/lib/python3.12/site-packages/airflow/example_dags/example_complex.py
[2025-01-11T08:08:05.938+0000] {logging_mixin.py:190} INFO - [2025-01-11T08:08:05.938+0000] {dag.py:3239} INFO - Sync 1 DAGs
[2025-01-11T08:08:05.965+0000] {logging_mixin.py:190} INFO - [2025-01-11T08:08:05.965+0000] {dag.py:4180} INFO - Setting next_dagrun for example_complex to None, run_after=None
[2025-01-11T08:08:06.023+0000] {processor.py:208} INFO - Processing /home/airflow/.local/lib/python3.12/site-packages/airflow/example_dags/example_complex.py took 0.181 seconds
[2025-01-11T08:08:38.243+0000] {processor.py:186} INFO - Started process (PID=1610) to work on /home/airflow/.local/lib/python3.12/site-packages/airflow/example_dags/example_complex.py
[2025-01-11T08:08:38.244+0000] {processor.py:914} INFO - Processing file /home/airflow/.local/lib/python3.12/site-packages/airflow/example_dags/example_complex.py for tasks to queue
[2025-01-11T08:08:38.249+0000] {logging_mixin.py:190} INFO - [2025-01-11T08:08:38.248+0000] {dagbag.py:588} INFO - Filling up the DagBag from /home/airflow/.local/lib/python3.12/site-packages/airflow/example_dags/example_complex.py
[2025-01-11T08:08:38.278+0000] {processor.py:925} INFO - DAG(s) 'example_complex' retrieved from /home/airflow/.local/lib/python3.12/site-packages/airflow/example_dags/example_complex.py
[2025-01-11T08:08:38.343+0000] {logging_mixin.py:190} INFO - [2025-01-11T08:08:38.342+0000] {dag.py:3239} INFO - Sync 1 DAGs
[2025-01-11T08:08:38.377+0000] {logging_mixin.py:190} INFO - [2025-01-11T08:08:38.376+0000] {dag.py:4180} INFO - Setting next_dagrun for example_complex to None, run_after=None
[2025-01-11T08:08:38.421+0000] {processor.py:208} INFO - Processing /home/airflow/.local/lib/python3.12/site-packages/airflow/example_dags/example_complex.py took 0.188 seconds
[2025-01-11T08:09:10.494+0000] {processor.py:186} INFO - Started process (PID=1901) to work on /home/airflow/.local/lib/python3.12/site-packages/airflow/example_dags/example_complex.py
[2025-01-11T08:09:10.496+0000] {processor.py:914} INFO - Processing file /home/airflow/.local/lib/python3.12/site-packages/airflow/example_dags/example_complex.py for tasks to queue
[2025-01-11T08:09:10.500+0000] {logging_mixin.py:190} INFO - [2025-01-11T08:09:10.500+0000] {dagbag.py:588} INFO - Filling up the DagBag from /home/airflow/.local/lib/python3.12/site-packages/airflow/example_dags/example_complex.py
[2025-01-11T08:09:10.529+0000] {processor.py:925} INFO - DAG(s) 'example_complex' retrieved from /home/airflow/.local/lib/python3.12/site-packages/airflow/example_dags/example_complex.py
[2025-01-11T08:09:10.608+0000] {logging_mixin.py:190} INFO - [2025-01-11T08:09:10.607+0000] {dag.py:3239} INFO - Sync 1 DAGs
[2025-01-11T08:09:10.646+0000] {logging_mixin.py:190} INFO - [2025-01-11T08:09:10.645+0000] {dag.py:4180} INFO - Setting next_dagrun for example_complex to None, run_after=None
[2025-01-11T08:09:10.703+0000] {processor.py:208} INFO - Processing /home/airflow/.local/lib/python3.12/site-packages/airflow/example_dags/example_complex.py took 0.221 seconds
[2025-01-11T08:09:41.125+0000] {processor.py:186} INFO - Started process (PID=2205) to work on /home/airflow/.local/lib/python3.12/site-packages/airflow/example_dags/example_complex.py
[2025-01-11T08:09:41.127+0000] {processor.py:914} INFO - Processing file /home/airflow/.local/lib/python3.12/site-packages/airflow/example_dags/example_complex.py for tasks to queue
[2025-01-11T08:09:41.131+0000] {logging_mixin.py:190} INFO - [2025-01-11T08:09:41.130+0000] {dagbag.py:588} INFO - Filling up the DagBag from /home/airflow/.local/lib/python3.12/site-packages/airflow/example_dags/example_complex.py
[2025-01-11T08:09:41.155+0000] {processor.py:925} INFO - DAG(s) 'example_complex' retrieved from /home/airflow/.local/lib/python3.12/site-packages/airflow/example_dags/example_complex.py
[2025-01-11T08:09:41.218+0000] {logging_mixin.py:190} INFO - [2025-01-11T08:09:41.217+0000] {dag.py:3239} INFO - Sync 1 DAGs
[2025-01-11T08:09:41.247+0000] {logging_mixin.py:190} INFO - [2025-01-11T08:09:41.246+0000] {dag.py:4180} INFO - Setting next_dagrun for example_complex to None, run_after=None
[2025-01-11T08:09:41.285+0000] {processor.py:208} INFO - Processing /home/airflow/.local/lib/python3.12/site-packages/airflow/example_dags/example_complex.py took 0.170 seconds
