[2025-01-11T08:06:30.662+0000] {processor.py:186} INFO - Started process (PID=419) to work on /home/airflow/.local/lib/python3.12/site-packages/airflow/example_dags/example_bash_decorator.py
[2025-01-11T08:06:30.664+0000] {processor.py:914} INFO - Processing file /home/airflow/.local/lib/python3.12/site-packages/airflow/example_dags/example_bash_decorator.py for tasks to queue
[2025-01-11T08:06:30.669+0000] {logging_mixin.py:190} INFO - [2025-01-11T08:06:30.669+0000] {dagbag.py:588} INFO - Filling up the DagBag from /home/airflow/.local/lib/python3.12/site-packages/airflow/example_dags/example_bash_decorator.py
[2025-01-11T08:06:30.698+0000] {processor.py:925} INFO - DAG(s) 'example_bash_decorator' retrieved from /home/airflow/.local/lib/python3.12/site-packages/airflow/example_dags/example_bash_decorator.py
[2025-01-11T08:06:30.953+0000] {logging_mixin.py:190} INFO - [2025-01-11T08:06:30.952+0000] {dag.py:3239} INFO - Sync 1 DAGs
[2025-01-11T08:06:30.982+0000] {logging_mixin.py:190} INFO - [2025-01-11T08:06:30.982+0000] {dag.py:4180} INFO - Setting next_dagrun for example_bash_decorator to None, run_after=None
[2025-01-11T08:06:31.021+0000] {processor.py:208} INFO - Processing /home/airflow/.local/lib/python3.12/site-packages/airflow/example_dags/example_bash_decorator.py took 0.373 seconds
[2025-01-11T08:07:01.767+0000] {processor.py:186} INFO - Started process (PID=710) to work on /home/airflow/.local/lib/python3.12/site-packages/airflow/example_dags/example_bash_decorator.py
[2025-01-11T08:07:01.769+0000] {processor.py:914} INFO - Processing file /home/airflow/.local/lib/python3.12/site-packages/airflow/example_dags/example_bash_decorator.py for tasks to queue
[2025-01-11T08:07:01.773+0000] {logging_mixin.py:190} INFO - [2025-01-11T08:07:01.772+0000] {dagbag.py:588} INFO - Filling up the DagBag from /home/airflow/.local/lib/python3.12/site-packages/airflow/example_dags/example_bash_decorator.py
[2025-01-11T08:07:01.800+0000] {processor.py:925} INFO - DAG(s) 'example_bash_decorator' retrieved from /home/airflow/.local/lib/python3.12/site-packages/airflow/example_dags/example_bash_decorator.py
[2025-01-11T08:07:01.854+0000] {logging_mixin.py:190} INFO - [2025-01-11T08:07:01.853+0000] {dag.py:3239} INFO - Sync 1 DAGs
[2025-01-11T08:07:01.881+0000] {logging_mixin.py:190} INFO - [2025-01-11T08:07:01.881+0000] {dag.py:4180} INFO - Setting next_dagrun for example_bash_decorator to None, run_after=None
[2025-01-11T08:07:01.923+0000] {processor.py:208} INFO - Processing /home/airflow/.local/lib/python3.12/site-packages/airflow/example_dags/example_bash_decorator.py took 0.167 seconds
[2025-01-11T08:07:33.776+0000] {processor.py:186} INFO - Started process (PID=1001) to work on /home/airflow/.local/lib/python3.12/site-packages/airflow/example_dags/example_bash_decorator.py
[2025-01-11T08:07:33.779+0000] {processor.py:914} INFO - Processing file /home/airflow/.local/lib/python3.12/site-packages/airflow/example_dags/example_bash_decorator.py for tasks to queue
[2025-01-11T08:07:33.786+0000] {logging_mixin.py:190} INFO - [2025-01-11T08:07:33.785+0000] {dagbag.py:588} INFO - Filling up the DagBag from /home/airflow/.local/lib/python3.12/site-packages/airflow/example_dags/example_bash_decorator.py
[2025-01-11T08:07:33.822+0000] {processor.py:925} INFO - DAG(s) 'example_bash_decorator' retrieved from /home/airflow/.local/lib/python3.12/site-packages/airflow/example_dags/example_bash_decorator.py
[2025-01-11T08:07:33.887+0000] {logging_mixin.py:190} INFO - [2025-01-11T08:07:33.886+0000] {dag.py:3239} INFO - Sync 1 DAGs
[2025-01-11T08:07:33.929+0000] {logging_mixin.py:190} INFO - [2025-01-11T08:07:33.929+0000] {dag.py:4180} INFO - Setting next_dagrun for example_bash_decorator to None, run_after=None
[2025-01-11T08:07:33.977+0000] {processor.py:208} INFO - Processing /home/airflow/.local/lib/python3.12/site-packages/airflow/example_dags/example_bash_decorator.py took 0.217 seconds
[2025-01-11T08:08:04.615+0000] {processor.py:186} INFO - Started process (PID=1292) to work on /home/airflow/.local/lib/python3.12/site-packages/airflow/example_dags/example_bash_decorator.py
[2025-01-11T08:08:04.617+0000] {processor.py:914} INFO - Processing file /home/airflow/.local/lib/python3.12/site-packages/airflow/example_dags/example_bash_decorator.py for tasks to queue
[2025-01-11T08:08:04.621+0000] {logging_mixin.py:190} INFO - [2025-01-11T08:08:04.621+0000] {dagbag.py:588} INFO - Filling up the DagBag from /home/airflow/.local/lib/python3.12/site-packages/airflow/example_dags/example_bash_decorator.py
[2025-01-11T08:08:04.647+0000] {processor.py:925} INFO - DAG(s) 'example_bash_decorator' retrieved from /home/airflow/.local/lib/python3.12/site-packages/airflow/example_dags/example_bash_decorator.py
[2025-01-11T08:08:04.691+0000] {logging_mixin.py:190} INFO - [2025-01-11T08:08:04.690+0000] {dag.py:3239} INFO - Sync 1 DAGs
[2025-01-11T08:08:04.716+0000] {logging_mixin.py:190} INFO - [2025-01-11T08:08:04.716+0000] {dag.py:4180} INFO - Setting next_dagrun for example_bash_decorator to None, run_after=None
[2025-01-11T08:08:04.774+0000] {processor.py:208} INFO - Processing /home/airflow/.local/lib/python3.12/site-packages/airflow/example_dags/example_bash_decorator.py took 0.170 seconds
[2025-01-11T08:08:37.227+0000] {processor.py:186} INFO - Started process (PID=1583) to work on /home/airflow/.local/lib/python3.12/site-packages/airflow/example_dags/example_bash_decorator.py
[2025-01-11T08:08:37.229+0000] {processor.py:914} INFO - Processing file /home/airflow/.local/lib/python3.12/site-packages/airflow/example_dags/example_bash_decorator.py for tasks to queue
[2025-01-11T08:08:37.233+0000] {logging_mixin.py:190} INFO - [2025-01-11T08:08:37.233+0000] {dagbag.py:588} INFO - Filling up the DagBag from /home/airflow/.local/lib/python3.12/site-packages/airflow/example_dags/example_bash_decorator.py
[2025-01-11T08:08:37.266+0000] {processor.py:925} INFO - DAG(s) 'example_bash_decorator' retrieved from /home/airflow/.local/lib/python3.12/site-packages/airflow/example_dags/example_bash_decorator.py
[2025-01-11T08:08:37.314+0000] {logging_mixin.py:190} INFO - [2025-01-11T08:08:37.313+0000] {dag.py:3239} INFO - Sync 1 DAGs
[2025-01-11T08:08:37.347+0000] {logging_mixin.py:190} INFO - [2025-01-11T08:08:37.347+0000] {dag.py:4180} INFO - Setting next_dagrun for example_bash_decorator to None, run_after=None
[2025-01-11T08:08:37.413+0000] {processor.py:208} INFO - Processing /home/airflow/.local/lib/python3.12/site-packages/airflow/example_dags/example_bash_decorator.py took 0.195 seconds
[2025-01-11T08:09:09.401+0000] {processor.py:186} INFO - Started process (PID=1874) to work on /home/airflow/.local/lib/python3.12/site-packages/airflow/example_dags/example_bash_decorator.py
[2025-01-11T08:09:09.404+0000] {processor.py:914} INFO - Processing file /home/airflow/.local/lib/python3.12/site-packages/airflow/example_dags/example_bash_decorator.py for tasks to queue
[2025-01-11T08:09:09.410+0000] {logging_mixin.py:190} INFO - [2025-01-11T08:09:09.409+0000] {dagbag.py:588} INFO - Filling up the DagBag from /home/airflow/.local/lib/python3.12/site-packages/airflow/example_dags/example_bash_decorator.py
[2025-01-11T08:09:09.452+0000] {processor.py:925} INFO - DAG(s) 'example_bash_decorator' retrieved from /home/airflow/.local/lib/python3.12/site-packages/airflow/example_dags/example_bash_decorator.py
[2025-01-11T08:09:09.531+0000] {logging_mixin.py:190} INFO - [2025-01-11T08:09:09.530+0000] {dag.py:3239} INFO - Sync 1 DAGs
[2025-01-11T08:09:09.587+0000] {logging_mixin.py:190} INFO - [2025-01-11T08:09:09.586+0000] {dag.py:4180} INFO - Setting next_dagrun for example_bash_decorator to None, run_after=None
[2025-01-11T08:09:09.659+0000] {processor.py:208} INFO - Processing /home/airflow/.local/lib/python3.12/site-packages/airflow/example_dags/example_bash_decorator.py took 0.273 seconds
[2025-01-11T08:09:40.255+0000] {processor.py:186} INFO - Started process (PID=2165) to work on /home/airflow/.local/lib/python3.12/site-packages/airflow/example_dags/example_bash_decorator.py
[2025-01-11T08:09:40.257+0000] {processor.py:914} INFO - Processing file /home/airflow/.local/lib/python3.12/site-packages/airflow/example_dags/example_bash_decorator.py for tasks to queue
[2025-01-11T08:09:40.261+0000] {logging_mixin.py:190} INFO - [2025-01-11T08:09:40.260+0000] {dagbag.py:588} INFO - Filling up the DagBag from /home/airflow/.local/lib/python3.12/site-packages/airflow/example_dags/example_bash_decorator.py
[2025-01-11T08:09:40.287+0000] {processor.py:925} INFO - DAG(s) 'example_bash_decorator' retrieved from /home/airflow/.local/lib/python3.12/site-packages/airflow/example_dags/example_bash_decorator.py
[2025-01-11T08:09:40.339+0000] {logging_mixin.py:190} INFO - [2025-01-11T08:09:40.339+0000] {dag.py:3239} INFO - Sync 1 DAGs
[2025-01-11T08:09:40.375+0000] {logging_mixin.py:190} INFO - [2025-01-11T08:09:40.374+0000] {dag.py:4180} INFO - Setting next_dagrun for example_bash_decorator to None, run_after=None
[2025-01-11T08:09:40.423+0000] {processor.py:208} INFO - Processing /home/airflow/.local/lib/python3.12/site-packages/airflow/example_dags/example_bash_decorator.py took 0.180 seconds
