[2025-01-11T08:06:30.752+0000] {processor.py:186} INFO - Started process (PID=424) to work on /home/airflow/.local/lib/python3.12/site-packages/airflow/example_dags/example_latest_only.py
[2025-01-11T08:06:30.754+0000] {processor.py:914} INFO - Processing file /home/airflow/.local/lib/python3.12/site-packages/airflow/example_dags/example_latest_only.py for tasks to queue
[2025-01-11T08:06:30.758+0000] {logging_mixin.py:190} INFO - [2025-01-11T08:06:30.758+0000] {dagbag.py:588} INFO - Filling up the DagBag from /home/airflow/.local/lib/python3.12/site-packages/airflow/example_dags/example_latest_only.py
[2025-01-11T08:06:30.770+0000] {processor.py:925} INFO - DAG(s) 'latest_only' retrieved from /home/airflow/.local/lib/python3.12/site-packages/airflow/example_dags/example_latest_only.py
[2025-01-11T08:06:30.806+0000] {logging_mixin.py:190} INFO - [2025-01-11T08:06:30.806+0000] {dag.py:3239} INFO - Sync 1 DAGs
[2025-01-11T08:06:30.856+0000] {logging_mixin.py:190} INFO - [2025-01-11T08:06:30.855+0000] {dag.py:4180} INFO - Setting next_dagrun for latest_only to 2025-01-11 04:00:00+00:00, run_after=2025-01-11 08:00:00+00:00
[2025-01-11T08:06:30.893+0000] {processor.py:208} INFO - Processing /home/airflow/.local/lib/python3.12/site-packages/airflow/example_dags/example_latest_only.py took 0.150 seconds
[2025-01-11T08:07:02.007+0000] {processor.py:186} INFO - Started process (PID=717) to work on /home/airflow/.local/lib/python3.12/site-packages/airflow/example_dags/example_latest_only.py
[2025-01-11T08:07:02.008+0000] {processor.py:914} INFO - Processing file /home/airflow/.local/lib/python3.12/site-packages/airflow/example_dags/example_latest_only.py for tasks to queue
[2025-01-11T08:07:02.012+0000] {logging_mixin.py:190} INFO - [2025-01-11T08:07:02.012+0000] {dagbag.py:588} INFO - Filling up the DagBag from /home/airflow/.local/lib/python3.12/site-packages/airflow/example_dags/example_latest_only.py
[2025-01-11T08:07:02.024+0000] {processor.py:925} INFO - DAG(s) 'latest_only' retrieved from /home/airflow/.local/lib/python3.12/site-packages/airflow/example_dags/example_latest_only.py
[2025-01-11T08:07:02.060+0000] {logging_mixin.py:190} INFO - [2025-01-11T08:07:02.059+0000] {dag.py:3239} INFO - Sync 1 DAGs
[2025-01-11T08:07:02.108+0000] {logging_mixin.py:190} INFO - [2025-01-11T08:07:02.107+0000] {dag.py:4180} INFO - Setting next_dagrun for latest_only to 2025-01-11 04:00:00+00:00, run_after=2025-01-11 08:00:00+00:00
[2025-01-11T08:07:02.170+0000] {processor.py:208} INFO - Processing /home/airflow/.local/lib/python3.12/site-packages/airflow/example_dags/example_latest_only.py took 0.172 seconds
[2025-01-11T08:07:34.078+0000] {processor.py:186} INFO - Started process (PID=1008) to work on /home/airflow/.local/lib/python3.12/site-packages/airflow/example_dags/example_latest_only.py
[2025-01-11T08:07:34.080+0000] {processor.py:914} INFO - Processing file /home/airflow/.local/lib/python3.12/site-packages/airflow/example_dags/example_latest_only.py for tasks to queue
[2025-01-11T08:07:34.086+0000] {logging_mixin.py:190} INFO - [2025-01-11T08:07:34.085+0000] {dagbag.py:588} INFO - Filling up the DagBag from /home/airflow/.local/lib/python3.12/site-packages/airflow/example_dags/example_latest_only.py
[2025-01-11T08:07:34.103+0000] {processor.py:925} INFO - DAG(s) 'latest_only' retrieved from /home/airflow/.local/lib/python3.12/site-packages/airflow/example_dags/example_latest_only.py
[2025-01-11T08:07:34.160+0000] {logging_mixin.py:190} INFO - [2025-01-11T08:07:34.159+0000] {dag.py:3239} INFO - Sync 1 DAGs
[2025-01-11T08:07:34.225+0000] {logging_mixin.py:190} INFO - [2025-01-11T08:07:34.225+0000] {dag.py:4180} INFO - Setting next_dagrun for latest_only to 2025-01-11 04:00:00+00:00, run_after=2025-01-11 08:00:00+00:00
[2025-01-11T08:07:34.324+0000] {processor.py:208} INFO - Processing /home/airflow/.local/lib/python3.12/site-packages/airflow/example_dags/example_latest_only.py took 0.263 seconds
[2025-01-11T08:08:04.845+0000] {processor.py:186} INFO - Started process (PID=1297) to work on /home/airflow/.local/lib/python3.12/site-packages/airflow/example_dags/example_latest_only.py
[2025-01-11T08:08:04.847+0000] {processor.py:914} INFO - Processing file /home/airflow/.local/lib/python3.12/site-packages/airflow/example_dags/example_latest_only.py for tasks to queue
[2025-01-11T08:08:04.851+0000] {logging_mixin.py:190} INFO - [2025-01-11T08:08:04.850+0000] {dagbag.py:588} INFO - Filling up the DagBag from /home/airflow/.local/lib/python3.12/site-packages/airflow/example_dags/example_latest_only.py
[2025-01-11T08:08:04.862+0000] {processor.py:925} INFO - DAG(s) 'latest_only' retrieved from /home/airflow/.local/lib/python3.12/site-packages/airflow/example_dags/example_latest_only.py
[2025-01-11T08:08:04.898+0000] {logging_mixin.py:190} INFO - [2025-01-11T08:08:04.898+0000] {dag.py:3239} INFO - Sync 1 DAGs
[2025-01-11T08:08:04.946+0000] {logging_mixin.py:190} INFO - [2025-01-11T08:08:04.946+0000] {dag.py:4180} INFO - Setting next_dagrun for latest_only to 2025-01-11 04:00:00+00:00, run_after=2025-01-11 08:00:00+00:00
[2025-01-11T08:08:05.025+0000] {processor.py:208} INFO - Processing /home/airflow/.local/lib/python3.12/site-packages/airflow/example_dags/example_latest_only.py took 0.190 seconds
[2025-01-11T08:08:37.491+0000] {processor.py:186} INFO - Started process (PID=1588) to work on /home/airflow/.local/lib/python3.12/site-packages/airflow/example_dags/example_latest_only.py
[2025-01-11T08:08:37.493+0000] {processor.py:914} INFO - Processing file /home/airflow/.local/lib/python3.12/site-packages/airflow/example_dags/example_latest_only.py for tasks to queue
[2025-01-11T08:08:37.497+0000] {logging_mixin.py:190} INFO - [2025-01-11T08:08:37.496+0000] {dagbag.py:588} INFO - Filling up the DagBag from /home/airflow/.local/lib/python3.12/site-packages/airflow/example_dags/example_latest_only.py
[2025-01-11T08:08:37.509+0000] {processor.py:925} INFO - DAG(s) 'latest_only' retrieved from /home/airflow/.local/lib/python3.12/site-packages/airflow/example_dags/example_latest_only.py
[2025-01-11T08:08:37.545+0000] {logging_mixin.py:190} INFO - [2025-01-11T08:08:37.545+0000] {dag.py:3239} INFO - Sync 1 DAGs
[2025-01-11T08:08:37.603+0000] {logging_mixin.py:190} INFO - [2025-01-11T08:08:37.603+0000] {dag.py:4180} INFO - Setting next_dagrun for latest_only to 2025-01-11 04:00:00+00:00, run_after=2025-01-11 08:00:00+00:00
[2025-01-11T08:08:37.659+0000] {processor.py:208} INFO - Processing /home/airflow/.local/lib/python3.12/site-packages/airflow/example_dags/example_latest_only.py took 0.181 seconds
[2025-01-11T08:09:09.810+0000] {processor.py:186} INFO - Started process (PID=1881) to work on /home/airflow/.local/lib/python3.12/site-packages/airflow/example_dags/example_latest_only.py
[2025-01-11T08:09:09.812+0000] {processor.py:914} INFO - Processing file /home/airflow/.local/lib/python3.12/site-packages/airflow/example_dags/example_latest_only.py for tasks to queue
[2025-01-11T08:09:09.818+0000] {logging_mixin.py:190} INFO - [2025-01-11T08:09:09.817+0000] {dagbag.py:588} INFO - Filling up the DagBag from /home/airflow/.local/lib/python3.12/site-packages/airflow/example_dags/example_latest_only.py
[2025-01-11T08:09:09.836+0000] {processor.py:925} INFO - DAG(s) 'latest_only' retrieved from /home/airflow/.local/lib/python3.12/site-packages/airflow/example_dags/example_latest_only.py
[2025-01-11T08:09:09.887+0000] {logging_mixin.py:190} INFO - [2025-01-11T08:09:09.886+0000] {dag.py:3239} INFO - Sync 1 DAGs
[2025-01-11T08:09:09.998+0000] {logging_mixin.py:190} INFO - [2025-01-11T08:09:09.997+0000] {dag.py:4180} INFO - Setting next_dagrun for latest_only to 2025-01-11 04:00:00+00:00, run_after=2025-01-11 08:00:00+00:00
[2025-01-11T08:09:10.077+0000] {processor.py:208} INFO - Processing /home/airflow/.local/lib/python3.12/site-packages/airflow/example_dags/example_latest_only.py took 0.280 seconds
[2025-01-11T08:09:40.444+0000] {processor.py:186} INFO - Started process (PID=2170) to work on /home/airflow/.local/lib/python3.12/site-packages/airflow/example_dags/example_latest_only.py
[2025-01-11T08:09:40.446+0000] {processor.py:914} INFO - Processing file /home/airflow/.local/lib/python3.12/site-packages/airflow/example_dags/example_latest_only.py for tasks to queue
[2025-01-11T08:09:40.451+0000] {logging_mixin.py:190} INFO - [2025-01-11T08:09:40.450+0000] {dagbag.py:588} INFO - Filling up the DagBag from /home/airflow/.local/lib/python3.12/site-packages/airflow/example_dags/example_latest_only.py
[2025-01-11T08:09:40.467+0000] {processor.py:925} INFO - DAG(s) 'latest_only' retrieved from /home/airflow/.local/lib/python3.12/site-packages/airflow/example_dags/example_latest_only.py
[2025-01-11T08:09:40.510+0000] {logging_mixin.py:190} INFO - [2025-01-11T08:09:40.509+0000] {dag.py:3239} INFO - Sync 1 DAGs
[2025-01-11T08:09:40.559+0000] {logging_mixin.py:190} INFO - [2025-01-11T08:09:40.559+0000] {dag.py:4180} INFO - Setting next_dagrun for latest_only to 2025-01-11 04:00:00+00:00, run_after=2025-01-11 08:00:00+00:00
[2025-01-11T08:09:40.594+0000] {processor.py:208} INFO - Processing /home/airflow/.local/lib/python3.12/site-packages/airflow/example_dags/example_latest_only.py took 0.161 seconds
