[2025-01-11T08:06:31.110+0000] {processor.py:186} INFO - Started process (PID=434) to work on /home/airflow/.local/lib/python3.12/site-packages/airflow/example_dags/example_inlet_event_extra.py
[2025-01-11T08:06:31.111+0000] {processor.py:914} INFO - Processing file /home/airflow/.local/lib/python3.12/site-packages/airflow/example_dags/example_inlet_event_extra.py for tasks to queue
[2025-01-11T08:06:31.116+0000] {logging_mixin.py:190} INFO - [2025-01-11T08:06:31.116+0000] {dagbag.py:588} INFO - Filling up the DagBag from /home/airflow/.local/lib/python3.12/site-packages/airflow/example_dags/example_inlet_event_extra.py
[2025-01-11T08:06:32.379+0000] {processor.py:925} INFO - DAG(s) 'read_dataset_event', 'read_dataset_event_from_classic' retrieved from /home/airflow/.local/lib/python3.12/site-packages/airflow/example_dags/example_inlet_event_extra.py
[2025-01-11T08:06:32.420+0000] {logging_mixin.py:190} INFO - [2025-01-11T08:06:32.420+0000] {dag.py:3239} INFO - Sync 2 DAGs
[2025-01-11T08:06:32.479+0000] {logging_mixin.py:190} INFO - [2025-01-11T08:06:32.479+0000] {dag.py:4180} INFO - Setting next_dagrun for read_dataset_event to 2025-01-10 00:00:00+00:00, run_after=2025-01-11 00:00:00+00:00
[2025-01-11T08:06:32.493+0000] {logging_mixin.py:190} INFO - [2025-01-11T08:06:32.493+0000] {dag.py:4180} INFO - Setting next_dagrun for read_dataset_event_from_classic to 2025-01-10 00:00:00+00:00, run_after=2025-01-11 00:00:00+00:00
[2025-01-11T08:06:32.528+0000] {processor.py:208} INFO - Processing /home/airflow/.local/lib/python3.12/site-packages/airflow/example_dags/example_inlet_event_extra.py took 1.429 seconds
[2025-01-11T08:07:03.039+0000] {processor.py:186} INFO - Started process (PID=747) to work on /home/airflow/.local/lib/python3.12/site-packages/airflow/example_dags/example_inlet_event_extra.py
[2025-01-11T08:07:03.041+0000] {processor.py:914} INFO - Processing file /home/airflow/.local/lib/python3.12/site-packages/airflow/example_dags/example_inlet_event_extra.py for tasks to queue
[2025-01-11T08:07:03.045+0000] {logging_mixin.py:190} INFO - [2025-01-11T08:07:03.045+0000] {dagbag.py:588} INFO - Filling up the DagBag from /home/airflow/.local/lib/python3.12/site-packages/airflow/example_dags/example_inlet_event_extra.py
[2025-01-11T08:07:04.300+0000] {processor.py:925} INFO - DAG(s) 'read_dataset_event_from_classic', 'read_dataset_event' retrieved from /home/airflow/.local/lib/python3.12/site-packages/airflow/example_dags/example_inlet_event_extra.py
[2025-01-11T08:07:04.346+0000] {logging_mixin.py:190} INFO - [2025-01-11T08:07:04.345+0000] {dag.py:3239} INFO - Sync 2 DAGs
[2025-01-11T08:07:04.412+0000] {logging_mixin.py:190} INFO - [2025-01-11T08:07:04.412+0000] {dag.py:4180} INFO - Setting next_dagrun for read_dataset_event to 2025-01-10 00:00:00+00:00, run_after=2025-01-11 00:00:00+00:00
[2025-01-11T08:07:04.429+0000] {logging_mixin.py:190} INFO - [2025-01-11T08:07:04.429+0000] {dag.py:4180} INFO - Setting next_dagrun for read_dataset_event_from_classic to 2025-01-10 00:00:00+00:00, run_after=2025-01-11 00:00:00+00:00
[2025-01-11T08:07:04.467+0000] {processor.py:208} INFO - Processing /home/airflow/.local/lib/python3.12/site-packages/airflow/example_dags/example_inlet_event_extra.py took 1.437 seconds
[2025-01-11T08:07:35.280+0000] {processor.py:186} INFO - Started process (PID=1041) to work on /home/airflow/.local/lib/python3.12/site-packages/airflow/example_dags/example_inlet_event_extra.py
[2025-01-11T08:07:35.282+0000] {processor.py:914} INFO - Processing file /home/airflow/.local/lib/python3.12/site-packages/airflow/example_dags/example_inlet_event_extra.py for tasks to queue
[2025-01-11T08:07:35.288+0000] {logging_mixin.py:190} INFO - [2025-01-11T08:07:35.287+0000] {dagbag.py:588} INFO - Filling up the DagBag from /home/airflow/.local/lib/python3.12/site-packages/airflow/example_dags/example_inlet_event_extra.py
[2025-01-11T08:07:36.516+0000] {processor.py:925} INFO - DAG(s) 'read_dataset_event_from_classic', 'read_dataset_event' retrieved from /home/airflow/.local/lib/python3.12/site-packages/airflow/example_dags/example_inlet_event_extra.py
[2025-01-11T08:07:36.558+0000] {logging_mixin.py:190} INFO - [2025-01-11T08:07:36.558+0000] {dag.py:3239} INFO - Sync 2 DAGs
[2025-01-11T08:07:36.613+0000] {logging_mixin.py:190} INFO - [2025-01-11T08:07:36.612+0000] {dag.py:4180} INFO - Setting next_dagrun for read_dataset_event to 2025-01-10 00:00:00+00:00, run_after=2025-01-11 00:00:00+00:00
[2025-01-11T08:07:36.624+0000] {logging_mixin.py:190} INFO - [2025-01-11T08:07:36.623+0000] {dag.py:4180} INFO - Setting next_dagrun for read_dataset_event_from_classic to 2025-01-10 00:00:00+00:00, run_after=2025-01-11 00:00:00+00:00
[2025-01-11T08:07:36.707+0000] {processor.py:208} INFO - Processing /home/airflow/.local/lib/python3.12/site-packages/airflow/example_dags/example_inlet_event_extra.py took 1.440 seconds
[2025-01-11T08:08:07.075+0000] {processor.py:186} INFO - Started process (PID=1359) to work on /home/airflow/.local/lib/python3.12/site-packages/airflow/example_dags/example_inlet_event_extra.py
[2025-01-11T08:08:07.076+0000] {processor.py:914} INFO - Processing file /home/airflow/.local/lib/python3.12/site-packages/airflow/example_dags/example_inlet_event_extra.py for tasks to queue
[2025-01-11T08:08:07.081+0000] {logging_mixin.py:190} INFO - [2025-01-11T08:08:07.081+0000] {dagbag.py:588} INFO - Filling up the DagBag from /home/airflow/.local/lib/python3.12/site-packages/airflow/example_dags/example_inlet_event_extra.py
[2025-01-11T08:08:08.134+0000] {processor.py:925} INFO - DAG(s) 'read_dataset_event', 'read_dataset_event_from_classic' retrieved from /home/airflow/.local/lib/python3.12/site-packages/airflow/example_dags/example_inlet_event_extra.py
[2025-01-11T08:08:08.176+0000] {logging_mixin.py:190} INFO - [2025-01-11T08:08:08.176+0000] {dag.py:3239} INFO - Sync 2 DAGs
[2025-01-11T08:08:08.239+0000] {logging_mixin.py:190} INFO - [2025-01-11T08:08:08.238+0000] {dag.py:4180} INFO - Setting next_dagrun for read_dataset_event to 2025-01-10 00:00:00+00:00, run_after=2025-01-11 00:00:00+00:00
[2025-01-11T08:08:08.252+0000] {logging_mixin.py:190} INFO - [2025-01-11T08:08:08.251+0000] {dag.py:4180} INFO - Setting next_dagrun for read_dataset_event_from_classic to 2025-01-10 00:00:00+00:00, run_after=2025-01-11 00:00:00+00:00
[2025-01-11T08:08:08.286+0000] {processor.py:208} INFO - Processing /home/airflow/.local/lib/python3.12/site-packages/airflow/example_dags/example_inlet_event_extra.py took 1.222 seconds
[2025-01-11T08:08:39.235+0000] {processor.py:186} INFO - Started process (PID=1653) to work on /home/airflow/.local/lib/python3.12/site-packages/airflow/example_dags/example_inlet_event_extra.py
[2025-01-11T08:08:39.237+0000] {processor.py:914} INFO - Processing file /home/airflow/.local/lib/python3.12/site-packages/airflow/example_dags/example_inlet_event_extra.py for tasks to queue
[2025-01-11T08:08:39.243+0000] {logging_mixin.py:190} INFO - [2025-01-11T08:08:39.242+0000] {dagbag.py:588} INFO - Filling up the DagBag from /home/airflow/.local/lib/python3.12/site-packages/airflow/example_dags/example_inlet_event_extra.py
[2025-01-11T08:08:40.566+0000] {processor.py:925} INFO - DAG(s) 'read_dataset_event_from_classic', 'read_dataset_event' retrieved from /home/airflow/.local/lib/python3.12/site-packages/airflow/example_dags/example_inlet_event_extra.py
[2025-01-11T08:08:40.608+0000] {logging_mixin.py:190} INFO - [2025-01-11T08:08:40.608+0000] {dag.py:3239} INFO - Sync 2 DAGs
[2025-01-11T08:08:40.658+0000] {logging_mixin.py:190} INFO - [2025-01-11T08:08:40.658+0000] {dag.py:4180} INFO - Setting next_dagrun for read_dataset_event to 2025-01-10 00:00:00+00:00, run_after=2025-01-11 00:00:00+00:00
[2025-01-11T08:08:40.673+0000] {logging_mixin.py:190} INFO - [2025-01-11T08:08:40.673+0000] {dag.py:4180} INFO - Setting next_dagrun for read_dataset_event_from_classic to 2025-01-10 00:00:00+00:00, run_after=2025-01-11 00:00:00+00:00
[2025-01-11T08:08:40.714+0000] {processor.py:208} INFO - Processing /home/airflow/.local/lib/python3.12/site-packages/airflow/example_dags/example_inlet_event_extra.py took 1.492 seconds
[2025-01-11T08:09:10.875+0000] {processor.py:186} INFO - Started process (PID=1946) to work on /home/airflow/.local/lib/python3.12/site-packages/airflow/example_dags/example_inlet_event_extra.py
[2025-01-11T08:09:10.878+0000] {processor.py:914} INFO - Processing file /home/airflow/.local/lib/python3.12/site-packages/airflow/example_dags/example_inlet_event_extra.py for tasks to queue
[2025-01-11T08:09:10.883+0000] {logging_mixin.py:190} INFO - [2025-01-11T08:09:10.883+0000] {dagbag.py:588} INFO - Filling up the DagBag from /home/airflow/.local/lib/python3.12/site-packages/airflow/example_dags/example_inlet_event_extra.py
[2025-01-11T08:09:12.115+0000] {processor.py:925} INFO - DAG(s) 'read_dataset_event', 'read_dataset_event_from_classic' retrieved from /home/airflow/.local/lib/python3.12/site-packages/airflow/example_dags/example_inlet_event_extra.py
[2025-01-11T08:09:12.158+0000] {logging_mixin.py:190} INFO - [2025-01-11T08:09:12.157+0000] {dag.py:3239} INFO - Sync 2 DAGs
[2025-01-11T08:09:12.211+0000] {logging_mixin.py:190} INFO - [2025-01-11T08:09:12.210+0000] {dag.py:4180} INFO - Setting next_dagrun for read_dataset_event to 2025-01-10 00:00:00+00:00, run_after=2025-01-11 00:00:00+00:00
[2025-01-11T08:09:12.222+0000] {logging_mixin.py:190} INFO - [2025-01-11T08:09:12.222+0000] {dag.py:4180} INFO - Setting next_dagrun for read_dataset_event_from_classic to 2025-01-10 00:00:00+00:00, run_after=2025-01-11 00:00:00+00:00
[2025-01-11T08:09:12.262+0000] {processor.py:208} INFO - Processing /home/airflow/.local/lib/python3.12/site-packages/airflow/example_dags/example_inlet_event_extra.py took 1.401 seconds
[2025-01-11T08:09:42.789+0000] {processor.py:186} INFO - Started process (PID=2237) to work on /home/airflow/.local/lib/python3.12/site-packages/airflow/example_dags/example_inlet_event_extra.py
[2025-01-11T08:09:42.792+0000] {processor.py:914} INFO - Processing file /home/airflow/.local/lib/python3.12/site-packages/airflow/example_dags/example_inlet_event_extra.py for tasks to queue
[2025-01-11T08:09:42.797+0000] {logging_mixin.py:190} INFO - [2025-01-11T08:09:42.797+0000] {dagbag.py:588} INFO - Filling up the DagBag from /home/airflow/.local/lib/python3.12/site-packages/airflow/example_dags/example_inlet_event_extra.py
[2025-01-11T08:09:44.140+0000] {processor.py:925} INFO - DAG(s) 'read_dataset_event', 'read_dataset_event_from_classic' retrieved from /home/airflow/.local/lib/python3.12/site-packages/airflow/example_dags/example_inlet_event_extra.py
[2025-01-11T08:09:44.195+0000] {logging_mixin.py:190} INFO - [2025-01-11T08:09:44.194+0000] {dag.py:3239} INFO - Sync 2 DAGs
[2025-01-11T08:09:44.256+0000] {logging_mixin.py:190} INFO - [2025-01-11T08:09:44.255+0000] {dag.py:4180} INFO - Setting next_dagrun for read_dataset_event to 2025-01-10 00:00:00+00:00, run_after=2025-01-11 00:00:00+00:00
[2025-01-11T08:09:44.268+0000] {logging_mixin.py:190} INFO - [2025-01-11T08:09:44.267+0000] {dag.py:4180} INFO - Setting next_dagrun for read_dataset_event_from_classic to 2025-01-10 00:00:00+00:00, run_after=2025-01-11 00:00:00+00:00
[2025-01-11T08:09:44.335+0000] {processor.py:208} INFO - Processing /home/airflow/.local/lib/python3.12/site-packages/airflow/example_dags/example_inlet_event_extra.py took 1.560 seconds
