[2025-01-11T08:06:28.800+0000] {processor.py:186} INFO - Started process (PID=386) to work on /home/airflow/.local/lib/python3.12/site-packages/airflow/example_dags/example_dataset_alias.py
[2025-01-11T08:06:28.803+0000] {processor.py:914} INFO - Processing file /home/airflow/.local/lib/python3.12/site-packages/airflow/example_dags/example_dataset_alias.py for tasks to queue
[2025-01-11T08:06:28.810+0000] {logging_mixin.py:190} INFO - [2025-01-11T08:06:28.809+0000] {dagbag.py:588} INFO - Filling up the DagBag from /home/airflow/.local/lib/python3.12/site-packages/airflow/example_dags/example_dataset_alias.py
[2025-01-11T08:06:30.171+0000] {processor.py:925} INFO - DAG(s) 'dataset_s3_bucket_producer', 'dataset_s3_bucket_consumer', 'dataset_alias_example_alias_consumer', 'dataset_alias_example_alias_producer' retrieved from /home/airflow/.local/lib/python3.12/site-packages/airflow/example_dags/example_dataset_alias.py
[2025-01-11T08:06:30.221+0000] {logging_mixin.py:190} INFO - [2025-01-11T08:06:30.220+0000] {dag.py:3239} INFO - Sync 4 DAGs
[2025-01-11T08:06:30.270+0000] {logging_mixin.py:190} INFO - [2025-01-11T08:06:30.269+0000] {dag.py:4180} INFO - Setting next_dagrun for dataset_alias_example_alias_consumer to None, run_after=None
[2025-01-11T08:06:30.276+0000] {logging_mixin.py:190} INFO - [2025-01-11T08:06:30.276+0000] {dag.py:4180} INFO - Setting next_dagrun for dataset_alias_example_alias_producer to None, run_after=None
[2025-01-11T08:06:30.282+0000] {logging_mixin.py:190} INFO - [2025-01-11T08:06:30.282+0000] {dag.py:4180} INFO - Setting next_dagrun for dataset_s3_bucket_consumer to None, run_after=None
[2025-01-11T08:06:30.285+0000] {logging_mixin.py:190} INFO - [2025-01-11T08:06:30.285+0000] {dag.py:4180} INFO - Setting next_dagrun for dataset_s3_bucket_producer to None, run_after=None
[2025-01-11T08:06:30.331+0000] {processor.py:208} INFO - Processing /home/airflow/.local/lib/python3.12/site-packages/airflow/example_dags/example_dataset_alias.py took 1.544 seconds
[2025-01-11T08:07:00.548+0000] {processor.py:186} INFO - Started process (PID=682) to work on /home/airflow/.local/lib/python3.12/site-packages/airflow/example_dags/example_dataset_alias.py
[2025-01-11T08:07:00.551+0000] {processor.py:914} INFO - Processing file /home/airflow/.local/lib/python3.12/site-packages/airflow/example_dags/example_dataset_alias.py for tasks to queue
[2025-01-11T08:07:00.556+0000] {logging_mixin.py:190} INFO - [2025-01-11T08:07:00.555+0000] {dagbag.py:588} INFO - Filling up the DagBag from /home/airflow/.local/lib/python3.12/site-packages/airflow/example_dags/example_dataset_alias.py
[2025-01-11T08:07:01.703+0000] {processor.py:925} INFO - DAG(s) 'dataset_s3_bucket_producer', 'dataset_alias_example_alias_consumer', 'dataset_s3_bucket_consumer', 'dataset_alias_example_alias_producer' retrieved from /home/airflow/.local/lib/python3.12/site-packages/airflow/example_dags/example_dataset_alias.py
[2025-01-11T08:07:01.752+0000] {logging_mixin.py:190} INFO - [2025-01-11T08:07:01.751+0000] {dag.py:3239} INFO - Sync 4 DAGs
[2025-01-11T08:07:01.800+0000] {logging_mixin.py:190} INFO - [2025-01-11T08:07:01.799+0000] {dag.py:4180} INFO - Setting next_dagrun for dataset_alias_example_alias_consumer to None, run_after=None
[2025-01-11T08:07:01.806+0000] {logging_mixin.py:190} INFO - [2025-01-11T08:07:01.805+0000] {dag.py:4180} INFO - Setting next_dagrun for dataset_alias_example_alias_producer to None, run_after=None
[2025-01-11T08:07:01.809+0000] {logging_mixin.py:190} INFO - [2025-01-11T08:07:01.808+0000] {dag.py:4180} INFO - Setting next_dagrun for dataset_s3_bucket_consumer to None, run_after=None
[2025-01-11T08:07:01.812+0000] {logging_mixin.py:190} INFO - [2025-01-11T08:07:01.811+0000] {dag.py:4180} INFO - Setting next_dagrun for dataset_s3_bucket_producer to None, run_after=None
[2025-01-11T08:07:01.898+0000] {processor.py:208} INFO - Processing /home/airflow/.local/lib/python3.12/site-packages/airflow/example_dags/example_dataset_alias.py took 1.364 seconds
[2025-01-11T08:07:32.434+0000] {processor.py:186} INFO - Started process (PID=988) to work on /home/airflow/.local/lib/python3.12/site-packages/airflow/example_dags/example_dataset_alias.py
[2025-01-11T08:07:32.436+0000] {processor.py:914} INFO - Processing file /home/airflow/.local/lib/python3.12/site-packages/airflow/example_dags/example_dataset_alias.py for tasks to queue
[2025-01-11T08:07:32.440+0000] {logging_mixin.py:190} INFO - [2025-01-11T08:07:32.440+0000] {dagbag.py:588} INFO - Filling up the DagBag from /home/airflow/.local/lib/python3.12/site-packages/airflow/example_dags/example_dataset_alias.py
[2025-01-11T08:07:33.712+0000] {processor.py:925} INFO - DAG(s) 'dataset_s3_bucket_producer', 'dataset_alias_example_alias_producer', 'dataset_s3_bucket_consumer', 'dataset_alias_example_alias_consumer' retrieved from /home/airflow/.local/lib/python3.12/site-packages/airflow/example_dags/example_dataset_alias.py
[2025-01-11T08:07:33.780+0000] {logging_mixin.py:190} INFO - [2025-01-11T08:07:33.779+0000] {dag.py:3239} INFO - Sync 4 DAGs
[2025-01-11T08:07:33.853+0000] {logging_mixin.py:190} INFO - [2025-01-11T08:07:33.852+0000] {dag.py:4180} INFO - Setting next_dagrun for dataset_alias_example_alias_consumer to None, run_after=None
[2025-01-11T08:07:33.862+0000] {logging_mixin.py:190} INFO - [2025-01-11T08:07:33.861+0000] {dag.py:4180} INFO - Setting next_dagrun for dataset_alias_example_alias_producer to None, run_after=None
[2025-01-11T08:07:33.867+0000] {logging_mixin.py:190} INFO - [2025-01-11T08:07:33.866+0000] {dag.py:4180} INFO - Setting next_dagrun for dataset_s3_bucket_consumer to None, run_after=None
[2025-01-11T08:07:33.871+0000] {logging_mixin.py:190} INFO - [2025-01-11T08:07:33.871+0000] {dag.py:4180} INFO - Setting next_dagrun for dataset_s3_bucket_producer to None, run_after=None
[2025-01-11T08:07:33.935+0000] {processor.py:208} INFO - Processing /home/airflow/.local/lib/python3.12/site-packages/airflow/example_dags/example_dataset_alias.py took 1.513 seconds
[2025-01-11T08:08:04.442+0000] {processor.py:186} INFO - Started process (PID=1287) to work on /home/airflow/.local/lib/python3.12/site-packages/airflow/example_dags/example_dataset_alias.py
[2025-01-11T08:08:04.444+0000] {processor.py:914} INFO - Processing file /home/airflow/.local/lib/python3.12/site-packages/airflow/example_dags/example_dataset_alias.py for tasks to queue
[2025-01-11T08:08:04.448+0000] {logging_mixin.py:190} INFO - [2025-01-11T08:08:04.447+0000] {dagbag.py:588} INFO - Filling up the DagBag from /home/airflow/.local/lib/python3.12/site-packages/airflow/example_dags/example_dataset_alias.py
[2025-01-11T08:08:05.590+0000] {processor.py:925} INFO - DAG(s) 'dataset_s3_bucket_producer', 'dataset_alias_example_alias_consumer', 'dataset_s3_bucket_consumer', 'dataset_alias_example_alias_producer' retrieved from /home/airflow/.local/lib/python3.12/site-packages/airflow/example_dags/example_dataset_alias.py
[2025-01-11T08:08:05.634+0000] {logging_mixin.py:190} INFO - [2025-01-11T08:08:05.633+0000] {dag.py:3239} INFO - Sync 4 DAGs
[2025-01-11T08:08:05.680+0000] {logging_mixin.py:190} INFO - [2025-01-11T08:08:05.680+0000] {dag.py:4180} INFO - Setting next_dagrun for dataset_alias_example_alias_consumer to None, run_after=None
[2025-01-11T08:08:05.685+0000] {logging_mixin.py:190} INFO - [2025-01-11T08:08:05.685+0000] {dag.py:4180} INFO - Setting next_dagrun for dataset_alias_example_alias_producer to None, run_after=None
[2025-01-11T08:08:05.689+0000] {logging_mixin.py:190} INFO - [2025-01-11T08:08:05.689+0000] {dag.py:4180} INFO - Setting next_dagrun for dataset_s3_bucket_consumer to None, run_after=None
[2025-01-11T08:08:05.692+0000] {logging_mixin.py:190} INFO - [2025-01-11T08:08:05.692+0000] {dag.py:4180} INFO - Setting next_dagrun for dataset_s3_bucket_producer to None, run_after=None
[2025-01-11T08:08:05.740+0000] {processor.py:208} INFO - Processing /home/airflow/.local/lib/python3.12/site-packages/airflow/example_dags/example_dataset_alias.py took 1.310 seconds
[2025-01-11T08:08:36.146+0000] {processor.py:186} INFO - Started process (PID=1563) to work on /home/airflow/.local/lib/python3.12/site-packages/airflow/example_dags/example_dataset_alias.py
[2025-01-11T08:08:36.148+0000] {processor.py:914} INFO - Processing file /home/airflow/.local/lib/python3.12/site-packages/airflow/example_dags/example_dataset_alias.py for tasks to queue
[2025-01-11T08:08:36.153+0000] {logging_mixin.py:190} INFO - [2025-01-11T08:08:36.152+0000] {dagbag.py:588} INFO - Filling up the DagBag from /home/airflow/.local/lib/python3.12/site-packages/airflow/example_dags/example_dataset_alias.py
[2025-01-11T08:08:37.424+0000] {processor.py:925} INFO - DAG(s) 'dataset_s3_bucket_consumer', 'dataset_alias_example_alias_producer', 'dataset_alias_example_alias_consumer', 'dataset_s3_bucket_producer' retrieved from /home/airflow/.local/lib/python3.12/site-packages/airflow/example_dags/example_dataset_alias.py
[2025-01-11T08:08:37.474+0000] {logging_mixin.py:190} INFO - [2025-01-11T08:08:37.473+0000] {dag.py:3239} INFO - Sync 4 DAGs
[2025-01-11T08:08:37.526+0000] {logging_mixin.py:190} INFO - [2025-01-11T08:08:37.525+0000] {dag.py:4180} INFO - Setting next_dagrun for dataset_alias_example_alias_consumer to None, run_after=None
[2025-01-11T08:08:37.559+0000] {logging_mixin.py:190} INFO - [2025-01-11T08:08:37.559+0000] {dag.py:4180} INFO - Setting next_dagrun for dataset_alias_example_alias_producer to None, run_after=None
[2025-01-11T08:08:37.563+0000] {logging_mixin.py:190} INFO - [2025-01-11T08:08:37.563+0000] {dag.py:4180} INFO - Setting next_dagrun for dataset_s3_bucket_consumer to None, run_after=None
[2025-01-11T08:08:37.566+0000] {logging_mixin.py:190} INFO - [2025-01-11T08:08:37.566+0000] {dag.py:4180} INFO - Setting next_dagrun for dataset_s3_bucket_producer to None, run_after=None
[2025-01-11T08:08:37.621+0000] {processor.py:208} INFO - Processing /home/airflow/.local/lib/python3.12/site-packages/airflow/example_dags/example_dataset_alias.py took 1.485 seconds
[2025-01-11T08:09:07.878+0000] {processor.py:186} INFO - Started process (PID=1854) to work on /home/airflow/.local/lib/python3.12/site-packages/airflow/example_dags/example_dataset_alias.py
[2025-01-11T08:09:07.880+0000] {processor.py:914} INFO - Processing file /home/airflow/.local/lib/python3.12/site-packages/airflow/example_dags/example_dataset_alias.py for tasks to queue
[2025-01-11T08:09:07.884+0000] {logging_mixin.py:190} INFO - [2025-01-11T08:09:07.884+0000] {dagbag.py:588} INFO - Filling up the DagBag from /home/airflow/.local/lib/python3.12/site-packages/airflow/example_dags/example_dataset_alias.py
[2025-01-11T08:09:09.341+0000] {processor.py:925} INFO - DAG(s) 'dataset_alias_example_alias_consumer', 'dataset_alias_example_alias_producer', 'dataset_s3_bucket_consumer', 'dataset_s3_bucket_producer' retrieved from /home/airflow/.local/lib/python3.12/site-packages/airflow/example_dags/example_dataset_alias.py
[2025-01-11T08:09:09.419+0000] {logging_mixin.py:190} INFO - [2025-01-11T08:09:09.418+0000] {dag.py:3239} INFO - Sync 4 DAGs
[2025-01-11T08:09:09.497+0000] {logging_mixin.py:190} INFO - [2025-01-11T08:09:09.496+0000] {dag.py:4180} INFO - Setting next_dagrun for dataset_alias_example_alias_consumer to None, run_after=None
[2025-01-11T08:09:09.506+0000] {logging_mixin.py:190} INFO - [2025-01-11T08:09:09.505+0000] {dag.py:4180} INFO - Setting next_dagrun for dataset_alias_example_alias_producer to None, run_after=None
[2025-01-11T08:09:09.511+0000] {logging_mixin.py:190} INFO - [2025-01-11T08:09:09.511+0000] {dag.py:4180} INFO - Setting next_dagrun for dataset_s3_bucket_consumer to None, run_after=None
[2025-01-11T08:09:09.516+0000] {logging_mixin.py:190} INFO - [2025-01-11T08:09:09.516+0000] {dag.py:4180} INFO - Setting next_dagrun for dataset_s3_bucket_producer to None, run_after=None
[2025-01-11T08:09:09.609+0000] {processor.py:208} INFO - Processing /home/airflow/.local/lib/python3.12/site-packages/airflow/example_dags/example_dataset_alias.py took 1.742 seconds
[2025-01-11T08:09:39.791+0000] {processor.py:186} INFO - Started process (PID=2150) to work on /home/airflow/.local/lib/python3.12/site-packages/airflow/example_dags/example_dataset_alias.py
[2025-01-11T08:09:39.793+0000] {processor.py:914} INFO - Processing file /home/airflow/.local/lib/python3.12/site-packages/airflow/example_dags/example_dataset_alias.py for tasks to queue
[2025-01-11T08:09:39.799+0000] {logging_mixin.py:190} INFO - [2025-01-11T08:09:39.798+0000] {dagbag.py:588} INFO - Filling up the DagBag from /home/airflow/.local/lib/python3.12/site-packages/airflow/example_dags/example_dataset_alias.py
[2025-01-11T08:09:40.154+0000] {processor.py:925} INFO - DAG(s) 'dataset_alias_example_alias_consumer', 'dataset_alias_example_alias_producer', 'dataset_s3_bucket_consumer', 'dataset_s3_bucket_producer' retrieved from /home/airflow/.local/lib/python3.12/site-packages/airflow/example_dags/example_dataset_alias.py
[2025-01-11T08:09:40.204+0000] {logging_mixin.py:190} INFO - [2025-01-11T08:09:40.203+0000] {dag.py:3239} INFO - Sync 4 DAGs
[2025-01-11T08:09:40.259+0000] {logging_mixin.py:190} INFO - [2025-01-11T08:09:40.258+0000] {dag.py:4180} INFO - Setting next_dagrun for dataset_alias_example_alias_consumer to None, run_after=None
[2025-01-11T08:09:40.266+0000] {logging_mixin.py:190} INFO - [2025-01-11T08:09:40.265+0000] {dag.py:4180} INFO - Setting next_dagrun for dataset_alias_example_alias_producer to None, run_after=None
[2025-01-11T08:09:40.270+0000] {logging_mixin.py:190} INFO - [2025-01-11T08:09:40.269+0000] {dag.py:4180} INFO - Setting next_dagrun for dataset_s3_bucket_consumer to None, run_after=None
[2025-01-11T08:09:40.272+0000] {logging_mixin.py:190} INFO - [2025-01-11T08:09:40.272+0000] {dag.py:4180} INFO - Setting next_dagrun for dataset_s3_bucket_producer to None, run_after=None
[2025-01-11T08:09:40.349+0000] {processor.py:208} INFO - Processing /home/airflow/.local/lib/python3.12/site-packages/airflow/example_dags/example_dataset_alias.py took 1.474 seconds
