[2025-01-11T08:06:22.969+0000] {processor.py:186} INFO - Started process (PID=284) to work on /home/airflow/.local/lib/python3.12/site-packages/airflow/example_dags/example_external_task_marker_dag.py
[2025-01-11T08:06:22.971+0000] {processor.py:914} INFO - Processing file /home/airflow/.local/lib/python3.12/site-packages/airflow/example_dags/example_external_task_marker_dag.py for tasks to queue
[2025-01-11T08:06:22.976+0000] {logging_mixin.py:190} INFO - [2025-01-11T08:06:22.975+0000] {dagbag.py:588} INFO - Filling up the DagBag from /home/airflow/.local/lib/python3.12/site-packages/airflow/example_dags/example_external_task_marker_dag.py
[2025-01-11T08:06:22.994+0000] {processor.py:925} INFO - DAG(s) 'example_external_task_marker_parent', 'example_external_task_marker_child' retrieved from /home/airflow/.local/lib/python3.12/site-packages/airflow/example_dags/example_external_task_marker_dag.py
[2025-01-11T08:06:23.048+0000] {logging_mixin.py:190} INFO - [2025-01-11T08:06:23.047+0000] {dag.py:3239} INFO - Sync 2 DAGs
[2025-01-11T08:06:23.085+0000] {logging_mixin.py:190} INFO - [2025-01-11T08:06:23.085+0000] {dag.py:4180} INFO - Setting next_dagrun for example_external_task_marker_child to None, run_after=None
[2025-01-11T08:06:23.096+0000] {logging_mixin.py:190} INFO - [2025-01-11T08:06:23.096+0000] {dag.py:4180} INFO - Setting next_dagrun for example_external_task_marker_parent to None, run_after=None
[2025-01-11T08:06:23.138+0000] {processor.py:208} INFO - Processing /home/airflow/.local/lib/python3.12/site-packages/airflow/example_dags/example_external_task_marker_dag.py took 0.181 seconds
[2025-01-11T08:06:53.798+0000] {processor.py:186} INFO - Started process (PID=570) to work on /home/airflow/.local/lib/python3.12/site-packages/airflow/example_dags/example_external_task_marker_dag.py
[2025-01-11T08:06:53.800+0000] {processor.py:914} INFO - Processing file /home/airflow/.local/lib/python3.12/site-packages/airflow/example_dags/example_external_task_marker_dag.py for tasks to queue
[2025-01-11T08:06:53.806+0000] {logging_mixin.py:190} INFO - [2025-01-11T08:06:53.804+0000] {dagbag.py:588} INFO - Filling up the DagBag from /home/airflow/.local/lib/python3.12/site-packages/airflow/example_dags/example_external_task_marker_dag.py
[2025-01-11T08:06:53.824+0000] {processor.py:925} INFO - DAG(s) 'example_external_task_marker_child', 'example_external_task_marker_parent' retrieved from /home/airflow/.local/lib/python3.12/site-packages/airflow/example_dags/example_external_task_marker_dag.py
[2025-01-11T08:06:53.881+0000] {logging_mixin.py:190} INFO - [2025-01-11T08:06:53.880+0000] {dag.py:3239} INFO - Sync 2 DAGs
[2025-01-11T08:06:53.916+0000] {logging_mixin.py:190} INFO - [2025-01-11T08:06:53.915+0000] {dag.py:4180} INFO - Setting next_dagrun for example_external_task_marker_child to None, run_after=None
[2025-01-11T08:06:53.925+0000] {logging_mixin.py:190} INFO - [2025-01-11T08:06:53.924+0000] {dag.py:4180} INFO - Setting next_dagrun for example_external_task_marker_parent to None, run_after=None
[2025-01-11T08:06:53.962+0000] {processor.py:208} INFO - Processing /home/airflow/.local/lib/python3.12/site-packages/airflow/example_dags/example_external_task_marker_dag.py took 0.177 seconds
[2025-01-11T08:07:24.766+0000] {processor.py:186} INFO - Started process (PID=863) to work on /home/airflow/.local/lib/python3.12/site-packages/airflow/example_dags/example_external_task_marker_dag.py
[2025-01-11T08:07:24.768+0000] {processor.py:914} INFO - Processing file /home/airflow/.local/lib/python3.12/site-packages/airflow/example_dags/example_external_task_marker_dag.py for tasks to queue
[2025-01-11T08:07:24.772+0000] {logging_mixin.py:190} INFO - [2025-01-11T08:07:24.771+0000] {dagbag.py:588} INFO - Filling up the DagBag from /home/airflow/.local/lib/python3.12/site-packages/airflow/example_dags/example_external_task_marker_dag.py
[2025-01-11T08:07:24.789+0000] {processor.py:925} INFO - DAG(s) 'example_external_task_marker_parent', 'example_external_task_marker_child' retrieved from /home/airflow/.local/lib/python3.12/site-packages/airflow/example_dags/example_external_task_marker_dag.py
[2025-01-11T08:07:24.841+0000] {logging_mixin.py:190} INFO - [2025-01-11T08:07:24.840+0000] {dag.py:3239} INFO - Sync 2 DAGs
[2025-01-11T08:07:24.875+0000] {logging_mixin.py:190} INFO - [2025-01-11T08:07:24.874+0000] {dag.py:4180} INFO - Setting next_dagrun for example_external_task_marker_child to None, run_after=None
[2025-01-11T08:07:24.883+0000] {logging_mixin.py:190} INFO - [2025-01-11T08:07:24.882+0000] {dag.py:4180} INFO - Setting next_dagrun for example_external_task_marker_parent to None, run_after=None
[2025-01-11T08:07:24.941+0000] {processor.py:208} INFO - Processing /home/airflow/.local/lib/python3.12/site-packages/airflow/example_dags/example_external_task_marker_dag.py took 0.186 seconds
[2025-01-11T08:07:55.379+0000] {processor.py:186} INFO - Started process (PID=1154) to work on /home/airflow/.local/lib/python3.12/site-packages/airflow/example_dags/example_external_task_marker_dag.py
[2025-01-11T08:07:55.381+0000] {processor.py:914} INFO - Processing file /home/airflow/.local/lib/python3.12/site-packages/airflow/example_dags/example_external_task_marker_dag.py for tasks to queue
[2025-01-11T08:07:55.386+0000] {logging_mixin.py:190} INFO - [2025-01-11T08:07:55.386+0000] {dagbag.py:588} INFO - Filling up the DagBag from /home/airflow/.local/lib/python3.12/site-packages/airflow/example_dags/example_external_task_marker_dag.py
[2025-01-11T08:07:55.405+0000] {processor.py:925} INFO - DAG(s) 'example_external_task_marker_child', 'example_external_task_marker_parent' retrieved from /home/airflow/.local/lib/python3.12/site-packages/airflow/example_dags/example_external_task_marker_dag.py
[2025-01-11T08:07:55.452+0000] {logging_mixin.py:190} INFO - [2025-01-11T08:07:55.451+0000] {dag.py:3239} INFO - Sync 2 DAGs
[2025-01-11T08:07:55.486+0000] {logging_mixin.py:190} INFO - [2025-01-11T08:07:55.486+0000] {dag.py:4180} INFO - Setting next_dagrun for example_external_task_marker_child to None, run_after=None
[2025-01-11T08:07:55.494+0000] {logging_mixin.py:190} INFO - [2025-01-11T08:07:55.494+0000] {dag.py:4180} INFO - Setting next_dagrun for example_external_task_marker_parent to None, run_after=None
[2025-01-11T08:07:55.574+0000] {processor.py:208} INFO - Processing /home/airflow/.local/lib/python3.12/site-packages/airflow/example_dags/example_external_task_marker_dag.py took 0.213 seconds
[2025-01-11T08:08:26.389+0000] {processor.py:186} INFO - Started process (PID=1445) to work on /home/airflow/.local/lib/python3.12/site-packages/airflow/example_dags/example_external_task_marker_dag.py
[2025-01-11T08:08:26.390+0000] {processor.py:914} INFO - Processing file /home/airflow/.local/lib/python3.12/site-packages/airflow/example_dags/example_external_task_marker_dag.py for tasks to queue
[2025-01-11T08:08:26.394+0000] {logging_mixin.py:190} INFO - [2025-01-11T08:08:26.394+0000] {dagbag.py:588} INFO - Filling up the DagBag from /home/airflow/.local/lib/python3.12/site-packages/airflow/example_dags/example_external_task_marker_dag.py
[2025-01-11T08:08:26.408+0000] {processor.py:925} INFO - DAG(s) 'example_external_task_marker_child', 'example_external_task_marker_parent' retrieved from /home/airflow/.local/lib/python3.12/site-packages/airflow/example_dags/example_external_task_marker_dag.py
[2025-01-11T08:08:26.451+0000] {logging_mixin.py:190} INFO - [2025-01-11T08:08:26.451+0000] {dag.py:3239} INFO - Sync 2 DAGs
[2025-01-11T08:08:26.484+0000] {logging_mixin.py:190} INFO - [2025-01-11T08:08:26.483+0000] {dag.py:4180} INFO - Setting next_dagrun for example_external_task_marker_child to None, run_after=None
[2025-01-11T08:08:26.493+0000] {logging_mixin.py:190} INFO - [2025-01-11T08:08:26.493+0000] {dag.py:4180} INFO - Setting next_dagrun for example_external_task_marker_parent to None, run_after=None
[2025-01-11T08:08:26.555+0000] {processor.py:208} INFO - Processing /home/airflow/.local/lib/python3.12/site-packages/airflow/example_dags/example_external_task_marker_dag.py took 0.176 seconds
[2025-01-11T08:08:57.306+0000] {processor.py:186} INFO - Started process (PID=1736) to work on /home/airflow/.local/lib/python3.12/site-packages/airflow/example_dags/example_external_task_marker_dag.py
[2025-01-11T08:08:57.309+0000] {processor.py:914} INFO - Processing file /home/airflow/.local/lib/python3.12/site-packages/airflow/example_dags/example_external_task_marker_dag.py for tasks to queue
[2025-01-11T08:08:57.314+0000] {logging_mixin.py:190} INFO - [2025-01-11T08:08:57.313+0000] {dagbag.py:588} INFO - Filling up the DagBag from /home/airflow/.local/lib/python3.12/site-packages/airflow/example_dags/example_external_task_marker_dag.py
[2025-01-11T08:08:57.332+0000] {processor.py:925} INFO - DAG(s) 'example_external_task_marker_child', 'example_external_task_marker_parent' retrieved from /home/airflow/.local/lib/python3.12/site-packages/airflow/example_dags/example_external_task_marker_dag.py
[2025-01-11T08:08:57.391+0000] {logging_mixin.py:190} INFO - [2025-01-11T08:08:57.391+0000] {dag.py:3239} INFO - Sync 2 DAGs
[2025-01-11T08:08:57.422+0000] {logging_mixin.py:190} INFO - [2025-01-11T08:08:57.421+0000] {dag.py:4180} INFO - Setting next_dagrun for example_external_task_marker_child to None, run_after=None
[2025-01-11T08:08:57.430+0000] {logging_mixin.py:190} INFO - [2025-01-11T08:08:57.430+0000] {dag.py:4180} INFO - Setting next_dagrun for example_external_task_marker_parent to None, run_after=None
[2025-01-11T08:08:57.462+0000] {processor.py:208} INFO - Processing /home/airflow/.local/lib/python3.12/site-packages/airflow/example_dags/example_external_task_marker_dag.py took 0.171 seconds
[2025-01-11T08:09:27.747+0000] {processor.py:186} INFO - Started process (PID=2027) to work on /home/airflow/.local/lib/python3.12/site-packages/airflow/example_dags/example_external_task_marker_dag.py
[2025-01-11T08:09:27.749+0000] {processor.py:914} INFO - Processing file /home/airflow/.local/lib/python3.12/site-packages/airflow/example_dags/example_external_task_marker_dag.py for tasks to queue
[2025-01-11T08:09:27.753+0000] {logging_mixin.py:190} INFO - [2025-01-11T08:09:27.753+0000] {dagbag.py:588} INFO - Filling up the DagBag from /home/airflow/.local/lib/python3.12/site-packages/airflow/example_dags/example_external_task_marker_dag.py
[2025-01-11T08:09:27.767+0000] {processor.py:925} INFO - DAG(s) 'example_external_task_marker_child', 'example_external_task_marker_parent' retrieved from /home/airflow/.local/lib/python3.12/site-packages/airflow/example_dags/example_external_task_marker_dag.py
[2025-01-11T08:09:27.813+0000] {logging_mixin.py:190} INFO - [2025-01-11T08:09:27.813+0000] {dag.py:3239} INFO - Sync 2 DAGs
[2025-01-11T08:09:27.843+0000] {logging_mixin.py:190} INFO - [2025-01-11T08:09:27.842+0000] {dag.py:4180} INFO - Setting next_dagrun for example_external_task_marker_child to None, run_after=None
[2025-01-11T08:09:27.850+0000] {logging_mixin.py:190} INFO - [2025-01-11T08:09:27.850+0000] {dag.py:4180} INFO - Setting next_dagrun for example_external_task_marker_parent to None, run_after=None
[2025-01-11T08:09:27.909+0000] {processor.py:208} INFO - Processing /home/airflow/.local/lib/python3.12/site-packages/airflow/example_dags/example_external_task_marker_dag.py took 0.172 seconds
[2025-01-11T08:09:58.389+0000] {processor.py:186} INFO - Started process (PID=2318) to work on /home/airflow/.local/lib/python3.12/site-packages/airflow/example_dags/example_external_task_marker_dag.py
[2025-01-11T08:09:58.391+0000] {processor.py:914} INFO - Processing file /home/airflow/.local/lib/python3.12/site-packages/airflow/example_dags/example_external_task_marker_dag.py for tasks to queue
[2025-01-11T08:09:58.397+0000] {logging_mixin.py:190} INFO - [2025-01-11T08:09:58.396+0000] {dagbag.py:588} INFO - Filling up the DagBag from /home/airflow/.local/lib/python3.12/site-packages/airflow/example_dags/example_external_task_marker_dag.py
[2025-01-11T08:09:58.418+0000] {processor.py:925} INFO - DAG(s) 'example_external_task_marker_parent', 'example_external_task_marker_child' retrieved from /home/airflow/.local/lib/python3.12/site-packages/airflow/example_dags/example_external_task_marker_dag.py
[2025-01-11T08:09:58.471+0000] {logging_mixin.py:190} INFO - [2025-01-11T08:09:58.470+0000] {dag.py:3239} INFO - Sync 2 DAGs
[2025-01-11T08:09:58.506+0000] {logging_mixin.py:190} INFO - [2025-01-11T08:09:58.506+0000] {dag.py:4180} INFO - Setting next_dagrun for example_external_task_marker_child to None, run_after=None
[2025-01-11T08:09:58.518+0000] {logging_mixin.py:190} INFO - [2025-01-11T08:09:58.518+0000] {dag.py:4180} INFO - Setting next_dagrun for example_external_task_marker_parent to None, run_after=None
[2025-01-11T08:09:58.587+0000] {processor.py:208} INFO - Processing /home/airflow/.local/lib/python3.12/site-packages/airflow/example_dags/example_external_task_marker_dag.py took 0.210 seconds
