[2025-01-11T08:06:25.482+0000] {processor.py:186} INFO - Started process (PID=319) to work on /home/airflow/.local/lib/python3.12/site-packages/airflow/example_dags/example_datasets.py
[2025-01-11T08:06:25.485+0000] {processor.py:914} INFO - Processing file /home/airflow/.local/lib/python3.12/site-packages/airflow/example_dags/example_datasets.py for tasks to queue
[2025-01-11T08:06:25.491+0000] {logging_mixin.py:190} INFO - [2025-01-11T08:06:25.490+0000] {dagbag.py:588} INFO - Filling up the DagBag from /home/airflow/.local/lib/python3.12/site-packages/airflow/example_dags/example_datasets.py
[2025-01-11T08:06:26.669+0000] {processor.py:925} INFO - DAG(s) 'dataset_consumes_unknown_never_scheduled', 'dataset_consumes_1_and_2', 'consume_1_or_2_with_dataset_expressions', 'dataset_consumes_1_never_scheduled', 'dataset_consumes_1', 'dataset_produces_2', 'consume_1_or_both_2_and_3_with_dataset_expressions', 'dataset_produces_1', 'conditional_dataset_and_time_based_timetable', 'consume_1_and_2_with_dataset_expressions' retrieved from /home/airflow/.local/lib/python3.12/site-packages/airflow/example_dags/example_datasets.py
[2025-01-11T08:06:26.787+0000] {logging_mixin.py:190} INFO - [2025-01-11T08:06:26.786+0000] {dag.py:3239} INFO - Sync 10 DAGs
[2025-01-11T08:06:26.860+0000] {logging_mixin.py:190} INFO - [2025-01-11T08:06:26.860+0000] {dag.py:4180} INFO - Setting next_dagrun for conditional_dataset_and_time_based_timetable to 2025-01-08 01:00:00+00:00, run_after=2025-01-08 01:00:00+00:00
[2025-01-11T08:06:26.869+0000] {logging_mixin.py:190} INFO - [2025-01-11T08:06:26.868+0000] {dag.py:4180} INFO - Setting next_dagrun for consume_1_and_2_with_dataset_expressions to None, run_after=None
[2025-01-11T08:06:26.873+0000] {logging_mixin.py:190} INFO - [2025-01-11T08:06:26.873+0000] {dag.py:4180} INFO - Setting next_dagrun for consume_1_or_2_with_dataset_expressions to None, run_after=None
[2025-01-11T08:06:26.878+0000] {logging_mixin.py:190} INFO - [2025-01-11T08:06:26.877+0000] {dag.py:4180} INFO - Setting next_dagrun for consume_1_or_both_2_and_3_with_dataset_expressions to None, run_after=None
[2025-01-11T08:06:26.883+0000] {logging_mixin.py:190} INFO - [2025-01-11T08:06:26.883+0000] {dag.py:4180} INFO - Setting next_dagrun for dataset_consumes_1 to None, run_after=None
[2025-01-11T08:06:26.888+0000] {logging_mixin.py:190} INFO - [2025-01-11T08:06:26.887+0000] {dag.py:4180} INFO - Setting next_dagrun for dataset_consumes_1_and_2 to None, run_after=None
[2025-01-11T08:06:26.891+0000] {logging_mixin.py:190} INFO - [2025-01-11T08:06:26.891+0000] {dag.py:4180} INFO - Setting next_dagrun for dataset_consumes_1_never_scheduled to None, run_after=None
[2025-01-11T08:06:26.894+0000] {logging_mixin.py:190} INFO - [2025-01-11T08:06:26.894+0000] {dag.py:4180} INFO - Setting next_dagrun for dataset_consumes_unknown_never_scheduled to None, run_after=None
[2025-01-11T08:06:26.900+0000] {logging_mixin.py:190} INFO - [2025-01-11T08:06:26.900+0000] {dag.py:4180} INFO - Setting next_dagrun for dataset_produces_1 to 2025-01-10 00:00:00+00:00, run_after=2025-01-11 00:00:00+00:00
[2025-01-11T08:06:26.905+0000] {logging_mixin.py:190} INFO - [2025-01-11T08:06:26.904+0000] {dag.py:4180} INFO - Setting next_dagrun for dataset_produces_2 to None, run_after=None
[2025-01-11T08:06:26.986+0000] {processor.py:208} INFO - Processing /home/airflow/.local/lib/python3.12/site-packages/airflow/example_dags/example_datasets.py took 1.516 seconds
[2025-01-11T08:06:58.160+0000] {processor.py:186} INFO - Started process (PID=632) to work on /home/airflow/.local/lib/python3.12/site-packages/airflow/example_dags/example_datasets.py
[2025-01-11T08:06:58.162+0000] {processor.py:914} INFO - Processing file /home/airflow/.local/lib/python3.12/site-packages/airflow/example_dags/example_datasets.py for tasks to queue
[2025-01-11T08:06:58.167+0000] {logging_mixin.py:190} INFO - [2025-01-11T08:06:58.166+0000] {dagbag.py:588} INFO - Filling up the DagBag from /home/airflow/.local/lib/python3.12/site-packages/airflow/example_dags/example_datasets.py
[2025-01-11T08:06:59.503+0000] {processor.py:925} INFO - DAG(s) 'dataset_produces_2', 'dataset_consumes_1_never_scheduled', 'conditional_dataset_and_time_based_timetable', 'consume_1_or_2_with_dataset_expressions', 'dataset_consumes_1_and_2', 'dataset_consumes_unknown_never_scheduled', 'dataset_produces_1', 'dataset_consumes_1', 'consume_1_and_2_with_dataset_expressions', 'consume_1_or_both_2_and_3_with_dataset_expressions' retrieved from /home/airflow/.local/lib/python3.12/site-packages/airflow/example_dags/example_datasets.py
[2025-01-11T08:06:59.620+0000] {logging_mixin.py:190} INFO - [2025-01-11T08:06:59.620+0000] {dag.py:3239} INFO - Sync 10 DAGs
[2025-01-11T08:06:59.676+0000] {logging_mixin.py:190} INFO - [2025-01-11T08:06:59.676+0000] {dag.py:4180} INFO - Setting next_dagrun for conditional_dataset_and_time_based_timetable to 2025-01-08 01:00:00+00:00, run_after=2025-01-08 01:00:00+00:00
[2025-01-11T08:06:59.684+0000] {logging_mixin.py:190} INFO - [2025-01-11T08:06:59.684+0000] {dag.py:4180} INFO - Setting next_dagrun for consume_1_and_2_with_dataset_expressions to None, run_after=None
[2025-01-11T08:06:59.687+0000] {logging_mixin.py:190} INFO - [2025-01-11T08:06:59.687+0000] {dag.py:4180} INFO - Setting next_dagrun for consume_1_or_2_with_dataset_expressions to None, run_after=None
[2025-01-11T08:06:59.690+0000] {logging_mixin.py:190} INFO - [2025-01-11T08:06:59.689+0000] {dag.py:4180} INFO - Setting next_dagrun for consume_1_or_both_2_and_3_with_dataset_expressions to None, run_after=None
[2025-01-11T08:06:59.693+0000] {logging_mixin.py:190} INFO - [2025-01-11T08:06:59.693+0000] {dag.py:4180} INFO - Setting next_dagrun for dataset_consumes_1 to None, run_after=None
[2025-01-11T08:06:59.696+0000] {logging_mixin.py:190} INFO - [2025-01-11T08:06:59.696+0000] {dag.py:4180} INFO - Setting next_dagrun for dataset_consumes_1_and_2 to None, run_after=None
[2025-01-11T08:06:59.699+0000] {logging_mixin.py:190} INFO - [2025-01-11T08:06:59.698+0000] {dag.py:4180} INFO - Setting next_dagrun for dataset_consumes_1_never_scheduled to None, run_after=None
[2025-01-11T08:06:59.701+0000] {logging_mixin.py:190} INFO - [2025-01-11T08:06:59.701+0000] {dag.py:4180} INFO - Setting next_dagrun for dataset_consumes_unknown_never_scheduled to None, run_after=None
[2025-01-11T08:06:59.707+0000] {logging_mixin.py:190} INFO - [2025-01-11T08:06:59.706+0000] {dag.py:4180} INFO - Setting next_dagrun for dataset_produces_1 to 2025-01-10 00:00:00+00:00, run_after=2025-01-11 00:00:00+00:00
[2025-01-11T08:06:59.710+0000] {logging_mixin.py:190} INFO - [2025-01-11T08:06:59.710+0000] {dag.py:4180} INFO - Setting next_dagrun for dataset_produces_2 to None, run_after=None
[2025-01-11T08:06:59.811+0000] {processor.py:208} INFO - Processing /home/airflow/.local/lib/python3.12/site-packages/airflow/example_dags/example_datasets.py took 1.664 seconds
[2025-01-11T08:07:30.074+0000] {processor.py:186} INFO - Started process (PID=948) to work on /home/airflow/.local/lib/python3.12/site-packages/airflow/example_dags/example_datasets.py
[2025-01-11T08:07:30.076+0000] {processor.py:914} INFO - Processing file /home/airflow/.local/lib/python3.12/site-packages/airflow/example_dags/example_datasets.py for tasks to queue
[2025-01-11T08:07:30.081+0000] {logging_mixin.py:190} INFO - [2025-01-11T08:07:30.080+0000] {dagbag.py:588} INFO - Filling up the DagBag from /home/airflow/.local/lib/python3.12/site-packages/airflow/example_dags/example_datasets.py
[2025-01-11T08:07:31.426+0000] {processor.py:925} INFO - DAG(s) 'dataset_produces_2', 'dataset_produces_1', 'conditional_dataset_and_time_based_timetable', 'dataset_consumes_unknown_never_scheduled', 'dataset_consumes_1', 'consume_1_and_2_with_dataset_expressions', 'consume_1_or_2_with_dataset_expressions', 'dataset_consumes_1_and_2', 'dataset_consumes_1_never_scheduled', 'consume_1_or_both_2_and_3_with_dataset_expressions' retrieved from /home/airflow/.local/lib/python3.12/site-packages/airflow/example_dags/example_datasets.py
[2025-01-11T08:07:31.556+0000] {logging_mixin.py:190} INFO - [2025-01-11T08:07:31.556+0000] {dag.py:3239} INFO - Sync 10 DAGs
[2025-01-11T08:07:31.634+0000] {logging_mixin.py:190} INFO - [2025-01-11T08:07:31.633+0000] {dag.py:4180} INFO - Setting next_dagrun for conditional_dataset_and_time_based_timetable to 2025-01-08 01:00:00+00:00, run_after=2025-01-08 01:00:00+00:00
[2025-01-11T08:07:31.644+0000] {logging_mixin.py:190} INFO - [2025-01-11T08:07:31.643+0000] {dag.py:4180} INFO - Setting next_dagrun for consume_1_and_2_with_dataset_expressions to None, run_after=None
[2025-01-11T08:07:31.648+0000] {logging_mixin.py:190} INFO - [2025-01-11T08:07:31.647+0000] {dag.py:4180} INFO - Setting next_dagrun for consume_1_or_2_with_dataset_expressions to None, run_after=None
[2025-01-11T08:07:31.652+0000] {logging_mixin.py:190} INFO - [2025-01-11T08:07:31.651+0000] {dag.py:4180} INFO - Setting next_dagrun for consume_1_or_both_2_and_3_with_dataset_expressions to None, run_after=None
[2025-01-11T08:07:31.655+0000] {logging_mixin.py:190} INFO - [2025-01-11T08:07:31.655+0000] {dag.py:4180} INFO - Setting next_dagrun for dataset_consumes_1 to None, run_after=None
[2025-01-11T08:07:31.658+0000] {logging_mixin.py:190} INFO - [2025-01-11T08:07:31.658+0000] {dag.py:4180} INFO - Setting next_dagrun for dataset_consumes_1_and_2 to None, run_after=None
[2025-01-11T08:07:31.661+0000] {logging_mixin.py:190} INFO - [2025-01-11T08:07:31.660+0000] {dag.py:4180} INFO - Setting next_dagrun for dataset_consumes_1_never_scheduled to None, run_after=None
[2025-01-11T08:07:31.665+0000] {logging_mixin.py:190} INFO - [2025-01-11T08:07:31.664+0000] {dag.py:4180} INFO - Setting next_dagrun for dataset_consumes_unknown_never_scheduled to None, run_after=None
[2025-01-11T08:07:31.670+0000] {logging_mixin.py:190} INFO - [2025-01-11T08:07:31.669+0000] {dag.py:4180} INFO - Setting next_dagrun for dataset_produces_1 to 2025-01-10 00:00:00+00:00, run_after=2025-01-11 00:00:00+00:00
[2025-01-11T08:07:31.673+0000] {logging_mixin.py:190} INFO - [2025-01-11T08:07:31.672+0000] {dag.py:4180} INFO - Setting next_dagrun for dataset_produces_2 to None, run_after=None
[2025-01-11T08:07:31.741+0000] {processor.py:208} INFO - Processing /home/airflow/.local/lib/python3.12/site-packages/airflow/example_dags/example_datasets.py took 1.679 seconds
[2025-01-11T08:08:02.430+0000] {processor.py:186} INFO - Started process (PID=1239) to work on /home/airflow/.local/lib/python3.12/site-packages/airflow/example_dags/example_datasets.py
[2025-01-11T08:08:02.432+0000] {processor.py:914} INFO - Processing file /home/airflow/.local/lib/python3.12/site-packages/airflow/example_dags/example_datasets.py for tasks to queue
[2025-01-11T08:08:02.437+0000] {logging_mixin.py:190} INFO - [2025-01-11T08:08:02.436+0000] {dagbag.py:588} INFO - Filling up the DagBag from /home/airflow/.local/lib/python3.12/site-packages/airflow/example_dags/example_datasets.py
[2025-01-11T08:08:03.669+0000] {processor.py:925} INFO - DAG(s) 'consume_1_or_both_2_and_3_with_dataset_expressions', 'consume_1_and_2_with_dataset_expressions', 'dataset_consumes_1', 'consume_1_or_2_with_dataset_expressions', 'dataset_consumes_1_never_scheduled', 'dataset_produces_2', 'dataset_consumes_unknown_never_scheduled', 'conditional_dataset_and_time_based_timetable', 'dataset_consumes_1_and_2', 'dataset_produces_1' retrieved from /home/airflow/.local/lib/python3.12/site-packages/airflow/example_dags/example_datasets.py
[2025-01-11T08:08:03.770+0000] {logging_mixin.py:190} INFO - [2025-01-11T08:08:03.770+0000] {dag.py:3239} INFO - Sync 10 DAGs
[2025-01-11T08:08:03.817+0000] {logging_mixin.py:190} INFO - [2025-01-11T08:08:03.817+0000] {dag.py:4180} INFO - Setting next_dagrun for conditional_dataset_and_time_based_timetable to 2025-01-08 01:00:00+00:00, run_after=2025-01-08 01:00:00+00:00
[2025-01-11T08:08:03.825+0000] {logging_mixin.py:190} INFO - [2025-01-11T08:08:03.824+0000] {dag.py:4180} INFO - Setting next_dagrun for consume_1_and_2_with_dataset_expressions to None, run_after=None
[2025-01-11T08:08:03.828+0000] {logging_mixin.py:190} INFO - [2025-01-11T08:08:03.828+0000] {dag.py:4180} INFO - Setting next_dagrun for consume_1_or_2_with_dataset_expressions to None, run_after=None
[2025-01-11T08:08:03.831+0000] {logging_mixin.py:190} INFO - [2025-01-11T08:08:03.831+0000] {dag.py:4180} INFO - Setting next_dagrun for consume_1_or_both_2_and_3_with_dataset_expressions to None, run_after=None
[2025-01-11T08:08:03.834+0000] {logging_mixin.py:190} INFO - [2025-01-11T08:08:03.833+0000] {dag.py:4180} INFO - Setting next_dagrun for dataset_consumes_1 to None, run_after=None
[2025-01-11T08:08:03.836+0000] {logging_mixin.py:190} INFO - [2025-01-11T08:08:03.836+0000] {dag.py:4180} INFO - Setting next_dagrun for dataset_consumes_1_and_2 to None, run_after=None
[2025-01-11T08:08:03.839+0000] {logging_mixin.py:190} INFO - [2025-01-11T08:08:03.838+0000] {dag.py:4180} INFO - Setting next_dagrun for dataset_consumes_1_never_scheduled to None, run_after=None
[2025-01-11T08:08:03.842+0000] {logging_mixin.py:190} INFO - [2025-01-11T08:08:03.841+0000] {dag.py:4180} INFO - Setting next_dagrun for dataset_consumes_unknown_never_scheduled to None, run_after=None
[2025-01-11T08:08:03.847+0000] {logging_mixin.py:190} INFO - [2025-01-11T08:08:03.847+0000] {dag.py:4180} INFO - Setting next_dagrun for dataset_produces_1 to 2025-01-10 00:00:00+00:00, run_after=2025-01-11 00:00:00+00:00
[2025-01-11T08:08:03.850+0000] {logging_mixin.py:190} INFO - [2025-01-11T08:08:03.850+0000] {dag.py:4180} INFO - Setting next_dagrun for dataset_produces_2 to None, run_after=None
[2025-01-11T08:08:03.918+0000] {processor.py:208} INFO - Processing /home/airflow/.local/lib/python3.12/site-packages/airflow/example_dags/example_datasets.py took 1.498 seconds
[2025-01-11T08:08:34.194+0000] {processor.py:186} INFO - Started process (PID=1535) to work on /home/airflow/.local/lib/python3.12/site-packages/airflow/example_dags/example_datasets.py
[2025-01-11T08:08:34.196+0000] {processor.py:914} INFO - Processing file /home/airflow/.local/lib/python3.12/site-packages/airflow/example_dags/example_datasets.py for tasks to queue
[2025-01-11T08:08:34.201+0000] {logging_mixin.py:190} INFO - [2025-01-11T08:08:34.201+0000] {dagbag.py:588} INFO - Filling up the DagBag from /home/airflow/.local/lib/python3.12/site-packages/airflow/example_dags/example_datasets.py
[2025-01-11T08:08:35.551+0000] {processor.py:925} INFO - DAG(s) 'consume_1_and_2_with_dataset_expressions', 'consume_1_or_2_with_dataset_expressions', 'consume_1_or_both_2_and_3_with_dataset_expressions', 'dataset_produces_2', 'conditional_dataset_and_time_based_timetable', 'dataset_consumes_1_never_scheduled', 'dataset_consumes_unknown_never_scheduled', 'dataset_produces_1', 'dataset_consumes_1_and_2', 'dataset_consumes_1' retrieved from /home/airflow/.local/lib/python3.12/site-packages/airflow/example_dags/example_datasets.py
[2025-01-11T08:08:35.656+0000] {logging_mixin.py:190} INFO - [2025-01-11T08:08:35.655+0000] {dag.py:3239} INFO - Sync 10 DAGs
[2025-01-11T08:08:35.728+0000] {logging_mixin.py:190} INFO - [2025-01-11T08:08:35.727+0000] {dag.py:4180} INFO - Setting next_dagrun for conditional_dataset_and_time_based_timetable to 2025-01-08 01:00:00+00:00, run_after=2025-01-08 01:00:00+00:00
[2025-01-11T08:08:35.737+0000] {logging_mixin.py:190} INFO - [2025-01-11T08:08:35.736+0000] {dag.py:4180} INFO - Setting next_dagrun for consume_1_and_2_with_dataset_expressions to None, run_after=None
[2025-01-11T08:08:35.741+0000] {logging_mixin.py:190} INFO - [2025-01-11T08:08:35.740+0000] {dag.py:4180} INFO - Setting next_dagrun for consume_1_or_2_with_dataset_expressions to None, run_after=None
[2025-01-11T08:08:35.745+0000] {logging_mixin.py:190} INFO - [2025-01-11T08:08:35.744+0000] {dag.py:4180} INFO - Setting next_dagrun for consume_1_or_both_2_and_3_with_dataset_expressions to None, run_after=None
[2025-01-11T08:08:35.748+0000] {logging_mixin.py:190} INFO - [2025-01-11T08:08:35.747+0000] {dag.py:4180} INFO - Setting next_dagrun for dataset_consumes_1 to None, run_after=None
[2025-01-11T08:08:35.751+0000] {logging_mixin.py:190} INFO - [2025-01-11T08:08:35.751+0000] {dag.py:4180} INFO - Setting next_dagrun for dataset_consumes_1_and_2 to None, run_after=None
[2025-01-11T08:08:35.755+0000] {logging_mixin.py:190} INFO - [2025-01-11T08:08:35.754+0000] {dag.py:4180} INFO - Setting next_dagrun for dataset_consumes_1_never_scheduled to None, run_after=None
[2025-01-11T08:08:35.757+0000] {logging_mixin.py:190} INFO - [2025-01-11T08:08:35.757+0000] {dag.py:4180} INFO - Setting next_dagrun for dataset_consumes_unknown_never_scheduled to None, run_after=None
[2025-01-11T08:08:35.763+0000] {logging_mixin.py:190} INFO - [2025-01-11T08:08:35.762+0000] {dag.py:4180} INFO - Setting next_dagrun for dataset_produces_1 to 2025-01-10 00:00:00+00:00, run_after=2025-01-11 00:00:00+00:00
[2025-01-11T08:08:35.766+0000] {logging_mixin.py:190} INFO - [2025-01-11T08:08:35.766+0000] {dag.py:4180} INFO - Setting next_dagrun for dataset_produces_2 to None, run_after=None
[2025-01-11T08:08:35.843+0000] {processor.py:208} INFO - Processing /home/airflow/.local/lib/python3.12/site-packages/airflow/example_dags/example_datasets.py took 1.660 seconds
[2025-01-11T08:09:06.612+0000] {processor.py:186} INFO - Started process (PID=1829) to work on /home/airflow/.local/lib/python3.12/site-packages/airflow/example_dags/example_datasets.py
[2025-01-11T08:09:06.614+0000] {processor.py:914} INFO - Processing file /home/airflow/.local/lib/python3.12/site-packages/airflow/example_dags/example_datasets.py for tasks to queue
[2025-01-11T08:09:06.619+0000] {logging_mixin.py:190} INFO - [2025-01-11T08:09:06.618+0000] {dagbag.py:588} INFO - Filling up the DagBag from /home/airflow/.local/lib/python3.12/site-packages/airflow/example_dags/example_datasets.py
[2025-01-11T08:09:07.970+0000] {processor.py:925} INFO - DAG(s) 'dataset_produces_1', 'dataset_consumes_1_never_scheduled', 'dataset_consumes_unknown_never_scheduled', 'consume_1_or_both_2_and_3_with_dataset_expressions', 'consume_1_and_2_with_dataset_expressions', 'consume_1_or_2_with_dataset_expressions', 'dataset_produces_2', 'conditional_dataset_and_time_based_timetable', 'dataset_consumes_1_and_2', 'dataset_consumes_1' retrieved from /home/airflow/.local/lib/python3.12/site-packages/airflow/example_dags/example_datasets.py
[2025-01-11T08:09:08.091+0000] {logging_mixin.py:190} INFO - [2025-01-11T08:09:08.090+0000] {dag.py:3239} INFO - Sync 10 DAGs
[2025-01-11T08:09:08.155+0000] {logging_mixin.py:190} INFO - [2025-01-11T08:09:08.154+0000] {dag.py:4180} INFO - Setting next_dagrun for conditional_dataset_and_time_based_timetable to 2025-01-08 01:00:00+00:00, run_after=2025-01-08 01:00:00+00:00
[2025-01-11T08:09:08.164+0000] {logging_mixin.py:190} INFO - [2025-01-11T08:09:08.164+0000] {dag.py:4180} INFO - Setting next_dagrun for consume_1_and_2_with_dataset_expressions to None, run_after=None
[2025-01-11T08:09:08.170+0000] {logging_mixin.py:190} INFO - [2025-01-11T08:09:08.169+0000] {dag.py:4180} INFO - Setting next_dagrun for consume_1_or_2_with_dataset_expressions to None, run_after=None
[2025-01-11T08:09:08.174+0000] {logging_mixin.py:190} INFO - [2025-01-11T08:09:08.174+0000] {dag.py:4180} INFO - Setting next_dagrun for consume_1_or_both_2_and_3_with_dataset_expressions to None, run_after=None
[2025-01-11T08:09:08.178+0000] {logging_mixin.py:190} INFO - [2025-01-11T08:09:08.177+0000] {dag.py:4180} INFO - Setting next_dagrun for dataset_consumes_1 to None, run_after=None
[2025-01-11T08:09:08.184+0000] {logging_mixin.py:190} INFO - [2025-01-11T08:09:08.184+0000] {dag.py:4180} INFO - Setting next_dagrun for dataset_consumes_1_and_2 to None, run_after=None
[2025-01-11T08:09:08.191+0000] {logging_mixin.py:190} INFO - [2025-01-11T08:09:08.190+0000] {dag.py:4180} INFO - Setting next_dagrun for dataset_consumes_1_never_scheduled to None, run_after=None
[2025-01-11T08:09:08.194+0000] {logging_mixin.py:190} INFO - [2025-01-11T08:09:08.193+0000] {dag.py:4180} INFO - Setting next_dagrun for dataset_consumes_unknown_never_scheduled to None, run_after=None
[2025-01-11T08:09:08.202+0000] {logging_mixin.py:190} INFO - [2025-01-11T08:09:08.201+0000] {dag.py:4180} INFO - Setting next_dagrun for dataset_produces_1 to 2025-01-10 00:00:00+00:00, run_after=2025-01-11 00:00:00+00:00
[2025-01-11T08:09:08.207+0000] {logging_mixin.py:190} INFO - [2025-01-11T08:09:08.206+0000] {dag.py:4180} INFO - Setting next_dagrun for dataset_produces_2 to None, run_after=None
[2025-01-11T08:09:08.334+0000] {processor.py:208} INFO - Processing /home/airflow/.local/lib/python3.12/site-packages/airflow/example_dags/example_datasets.py took 1.733 seconds
[2025-01-11T08:09:38.821+0000] {processor.py:186} INFO - Started process (PID=2137) to work on /home/airflow/.local/lib/python3.12/site-packages/airflow/example_dags/example_datasets.py
[2025-01-11T08:09:38.823+0000] {processor.py:914} INFO - Processing file /home/airflow/.local/lib/python3.12/site-packages/airflow/example_dags/example_datasets.py for tasks to queue
[2025-01-11T08:09:38.827+0000] {logging_mixin.py:190} INFO - [2025-01-11T08:09:38.826+0000] {dagbag.py:588} INFO - Filling up the DagBag from /home/airflow/.local/lib/python3.12/site-packages/airflow/example_dags/example_datasets.py
[2025-01-11T08:09:39.363+0000] {processor.py:925} INFO - DAG(s) 'consume_1_and_2_with_dataset_expressions', 'consume_1_or_both_2_and_3_with_dataset_expressions', 'dataset_produces_1', 'dataset_consumes_1_and_2', 'dataset_produces_2', 'conditional_dataset_and_time_based_timetable', 'dataset_consumes_1_never_scheduled', 'consume_1_or_2_with_dataset_expressions', 'dataset_consumes_1', 'dataset_consumes_unknown_never_scheduled' retrieved from /home/airflow/.local/lib/python3.12/site-packages/airflow/example_dags/example_datasets.py
[2025-01-11T08:09:39.454+0000] {logging_mixin.py:190} INFO - [2025-01-11T08:09:39.454+0000] {dag.py:3239} INFO - Sync 10 DAGs
[2025-01-11T08:09:39.506+0000] {logging_mixin.py:190} INFO - [2025-01-11T08:09:39.505+0000] {dag.py:4180} INFO - Setting next_dagrun for conditional_dataset_and_time_based_timetable to 2025-01-08 01:00:00+00:00, run_after=2025-01-08 01:00:00+00:00
[2025-01-11T08:09:39.516+0000] {logging_mixin.py:190} INFO - [2025-01-11T08:09:39.516+0000] {dag.py:4180} INFO - Setting next_dagrun for consume_1_and_2_with_dataset_expressions to None, run_after=None
[2025-01-11T08:09:39.520+0000] {logging_mixin.py:190} INFO - [2025-01-11T08:09:39.519+0000] {dag.py:4180} INFO - Setting next_dagrun for consume_1_or_2_with_dataset_expressions to None, run_after=None
[2025-01-11T08:09:39.523+0000] {logging_mixin.py:190} INFO - [2025-01-11T08:09:39.523+0000] {dag.py:4180} INFO - Setting next_dagrun for consume_1_or_both_2_and_3_with_dataset_expressions to None, run_after=None
[2025-01-11T08:09:39.526+0000] {logging_mixin.py:190} INFO - [2025-01-11T08:09:39.525+0000] {dag.py:4180} INFO - Setting next_dagrun for dataset_consumes_1 to None, run_after=None
[2025-01-11T08:09:39.529+0000] {logging_mixin.py:190} INFO - [2025-01-11T08:09:39.529+0000] {dag.py:4180} INFO - Setting next_dagrun for dataset_consumes_1_and_2 to None, run_after=None
[2025-01-11T08:09:39.532+0000] {logging_mixin.py:190} INFO - [2025-01-11T08:09:39.532+0000] {dag.py:4180} INFO - Setting next_dagrun for dataset_consumes_1_never_scheduled to None, run_after=None
[2025-01-11T08:09:39.535+0000] {logging_mixin.py:190} INFO - [2025-01-11T08:09:39.535+0000] {dag.py:4180} INFO - Setting next_dagrun for dataset_consumes_unknown_never_scheduled to None, run_after=None
[2025-01-11T08:09:39.541+0000] {logging_mixin.py:190} INFO - [2025-01-11T08:09:39.541+0000] {dag.py:4180} INFO - Setting next_dagrun for dataset_produces_1 to 2025-01-10 00:00:00+00:00, run_after=2025-01-11 00:00:00+00:00
[2025-01-11T08:09:39.544+0000] {logging_mixin.py:190} INFO - [2025-01-11T08:09:39.543+0000] {dag.py:4180} INFO - Setting next_dagrun for dataset_produces_2 to None, run_after=None
[2025-01-11T08:09:39.649+0000] {processor.py:208} INFO - Processing /home/airflow/.local/lib/python3.12/site-packages/airflow/example_dags/example_datasets.py took 1.741 seconds
