[2025-01-11T08:06:22.181+0000] {processor.py:186} INFO - Started process (PID=264) to work on /home/airflow/.local/lib/python3.12/site-packages/airflow/example_dags/example_display_name.py
[2025-01-11T08:06:22.183+0000] {processor.py:914} INFO - Processing file /home/airflow/.local/lib/python3.12/site-packages/airflow/example_dags/example_display_name.py for tasks to queue
[2025-01-11T08:06:22.187+0000] {logging_mixin.py:190} INFO - [2025-01-11T08:06:22.187+0000] {dagbag.py:588} INFO - Filling up the DagBag from /home/airflow/.local/lib/python3.12/site-packages/airflow/example_dags/example_display_name.py
[2025-01-11T08:06:22.205+0000] {processor.py:925} INFO - DAG(s) 'example_display_name' retrieved from /home/airflow/.local/lib/python3.12/site-packages/airflow/example_dags/example_display_name.py
[2025-01-11T08:06:22.256+0000] {logging_mixin.py:190} INFO - [2025-01-11T08:06:22.255+0000] {dag.py:3239} INFO - Sync 1 DAGs
[2025-01-11T08:06:22.290+0000] {logging_mixin.py:190} INFO - [2025-01-11T08:06:22.290+0000] {dag.py:4180} INFO - Setting next_dagrun for example_display_name to None, run_after=None
[2025-01-11T08:06:22.330+0000] {processor.py:208} INFO - Processing /home/airflow/.local/lib/python3.12/site-packages/airflow/example_dags/example_display_name.py took 0.160 seconds
[2025-01-11T08:06:53.447+0000] {processor.py:186} INFO - Started process (PID=555) to work on /home/airflow/.local/lib/python3.12/site-packages/airflow/example_dags/example_display_name.py
[2025-01-11T08:06:53.449+0000] {processor.py:914} INFO - Processing file /home/airflow/.local/lib/python3.12/site-packages/airflow/example_dags/example_display_name.py for tasks to queue
[2025-01-11T08:06:53.454+0000] {logging_mixin.py:190} INFO - [2025-01-11T08:06:53.454+0000] {dagbag.py:588} INFO - Filling up the DagBag from /home/airflow/.local/lib/python3.12/site-packages/airflow/example_dags/example_display_name.py
[2025-01-11T08:06:53.471+0000] {processor.py:925} INFO - DAG(s) 'example_display_name' retrieved from /home/airflow/.local/lib/python3.12/site-packages/airflow/example_dags/example_display_name.py
[2025-01-11T08:06:53.516+0000] {logging_mixin.py:190} INFO - [2025-01-11T08:06:53.515+0000] {dag.py:3239} INFO - Sync 1 DAGs
[2025-01-11T08:06:53.552+0000] {logging_mixin.py:190} INFO - [2025-01-11T08:06:53.551+0000] {dag.py:4180} INFO - Setting next_dagrun for example_display_name to None, run_after=None
[2025-01-11T08:06:53.595+0000] {processor.py:208} INFO - Processing /home/airflow/.local/lib/python3.12/site-packages/airflow/example_dags/example_display_name.py took 0.159 seconds
[2025-01-11T08:07:24.288+0000] {processor.py:186} INFO - Started process (PID=848) to work on /home/airflow/.local/lib/python3.12/site-packages/airflow/example_dags/example_display_name.py
[2025-01-11T08:07:24.290+0000] {processor.py:914} INFO - Processing file /home/airflow/.local/lib/python3.12/site-packages/airflow/example_dags/example_display_name.py for tasks to queue
[2025-01-11T08:07:24.295+0000] {logging_mixin.py:190} INFO - [2025-01-11T08:07:24.294+0000] {dagbag.py:588} INFO - Filling up the DagBag from /home/airflow/.local/lib/python3.12/site-packages/airflow/example_dags/example_display_name.py
[2025-01-11T08:07:24.312+0000] {processor.py:925} INFO - DAG(s) 'example_display_name' retrieved from /home/airflow/.local/lib/python3.12/site-packages/airflow/example_dags/example_display_name.py
[2025-01-11T08:07:24.352+0000] {logging_mixin.py:190} INFO - [2025-01-11T08:07:24.351+0000] {dag.py:3239} INFO - Sync 1 DAGs
[2025-01-11T08:07:24.383+0000] {logging_mixin.py:190} INFO - [2025-01-11T08:07:24.382+0000] {dag.py:4180} INFO - Setting next_dagrun for example_display_name to None, run_after=None
[2025-01-11T08:07:24.418+0000] {processor.py:208} INFO - Processing /home/airflow/.local/lib/python3.12/site-packages/airflow/example_dags/example_display_name.py took 0.143 seconds
[2025-01-11T08:07:54.738+0000] {processor.py:186} INFO - Started process (PID=1139) to work on /home/airflow/.local/lib/python3.12/site-packages/airflow/example_dags/example_display_name.py
[2025-01-11T08:07:54.740+0000] {processor.py:914} INFO - Processing file /home/airflow/.local/lib/python3.12/site-packages/airflow/example_dags/example_display_name.py for tasks to queue
[2025-01-11T08:07:54.745+0000] {logging_mixin.py:190} INFO - [2025-01-11T08:07:54.745+0000] {dagbag.py:588} INFO - Filling up the DagBag from /home/airflow/.local/lib/python3.12/site-packages/airflow/example_dags/example_display_name.py
[2025-01-11T08:07:54.762+0000] {processor.py:925} INFO - DAG(s) 'example_display_name' retrieved from /home/airflow/.local/lib/python3.12/site-packages/airflow/example_dags/example_display_name.py
[2025-01-11T08:07:54.803+0000] {logging_mixin.py:190} INFO - [2025-01-11T08:07:54.803+0000] {dag.py:3239} INFO - Sync 1 DAGs
[2025-01-11T08:07:54.834+0000] {logging_mixin.py:190} INFO - [2025-01-11T08:07:54.834+0000] {dag.py:4180} INFO - Setting next_dagrun for example_display_name to None, run_after=None
[2025-01-11T08:07:54.880+0000] {processor.py:208} INFO - Processing /home/airflow/.local/lib/python3.12/site-packages/airflow/example_dags/example_display_name.py took 0.155 seconds
[2025-01-11T08:08:25.065+0000] {processor.py:186} INFO - Started process (PID=1428) to work on /home/airflow/.local/lib/python3.12/site-packages/airflow/example_dags/example_display_name.py
[2025-01-11T08:08:25.067+0000] {processor.py:914} INFO - Processing file /home/airflow/.local/lib/python3.12/site-packages/airflow/example_dags/example_display_name.py for tasks to queue
[2025-01-11T08:08:25.071+0000] {logging_mixin.py:190} INFO - [2025-01-11T08:08:25.071+0000] {dagbag.py:588} INFO - Filling up the DagBag from /home/airflow/.local/lib/python3.12/site-packages/airflow/example_dags/example_display_name.py
[2025-01-11T08:08:25.087+0000] {processor.py:925} INFO - DAG(s) 'example_display_name' retrieved from /home/airflow/.local/lib/python3.12/site-packages/airflow/example_dags/example_display_name.py
[2025-01-11T08:08:25.126+0000] {logging_mixin.py:190} INFO - [2025-01-11T08:08:25.126+0000] {dag.py:3239} INFO - Sync 1 DAGs
[2025-01-11T08:08:25.159+0000] {logging_mixin.py:190} INFO - [2025-01-11T08:08:25.159+0000] {dag.py:4180} INFO - Setting next_dagrun for example_display_name to None, run_after=None
[2025-01-11T08:08:25.227+0000] {processor.py:208} INFO - Processing /home/airflow/.local/lib/python3.12/site-packages/airflow/example_dags/example_display_name.py took 0.170 seconds
[2025-01-11T08:08:55.787+0000] {processor.py:186} INFO - Started process (PID=1721) to work on /home/airflow/.local/lib/python3.12/site-packages/airflow/example_dags/example_display_name.py
[2025-01-11T08:08:55.790+0000] {processor.py:914} INFO - Processing file /home/airflow/.local/lib/python3.12/site-packages/airflow/example_dags/example_display_name.py for tasks to queue
[2025-01-11T08:08:55.795+0000] {logging_mixin.py:190} INFO - [2025-01-11T08:08:55.794+0000] {dagbag.py:588} INFO - Filling up the DagBag from /home/airflow/.local/lib/python3.12/site-packages/airflow/example_dags/example_display_name.py
[2025-01-11T08:08:55.810+0000] {processor.py:925} INFO - DAG(s) 'example_display_name' retrieved from /home/airflow/.local/lib/python3.12/site-packages/airflow/example_dags/example_display_name.py
[2025-01-11T08:08:55.847+0000] {logging_mixin.py:190} INFO - [2025-01-11T08:08:55.847+0000] {dag.py:3239} INFO - Sync 1 DAGs
[2025-01-11T08:08:55.879+0000] {logging_mixin.py:190} INFO - [2025-01-11T08:08:55.879+0000] {dag.py:4180} INFO - Setting next_dagrun for example_display_name to None, run_after=None
[2025-01-11T08:08:55.921+0000] {processor.py:208} INFO - Processing /home/airflow/.local/lib/python3.12/site-packages/airflow/example_dags/example_display_name.py took 0.147 seconds
[2025-01-11T08:09:26.197+0000] {processor.py:186} INFO - Started process (PID=2010) to work on /home/airflow/.local/lib/python3.12/site-packages/airflow/example_dags/example_display_name.py
[2025-01-11T08:09:26.199+0000] {processor.py:914} INFO - Processing file /home/airflow/.local/lib/python3.12/site-packages/airflow/example_dags/example_display_name.py for tasks to queue
[2025-01-11T08:09:26.203+0000] {logging_mixin.py:190} INFO - [2025-01-11T08:09:26.202+0000] {dagbag.py:588} INFO - Filling up the DagBag from /home/airflow/.local/lib/python3.12/site-packages/airflow/example_dags/example_display_name.py
[2025-01-11T08:09:26.219+0000] {processor.py:925} INFO - DAG(s) 'example_display_name' retrieved from /home/airflow/.local/lib/python3.12/site-packages/airflow/example_dags/example_display_name.py
[2025-01-11T08:09:26.273+0000] {logging_mixin.py:190} INFO - [2025-01-11T08:09:26.272+0000] {dag.py:3239} INFO - Sync 1 DAGs
[2025-01-11T08:09:26.312+0000] {logging_mixin.py:190} INFO - [2025-01-11T08:09:26.311+0000] {dag.py:4180} INFO - Setting next_dagrun for example_display_name to None, run_after=None
[2025-01-11T08:09:26.361+0000] {processor.py:208} INFO - Processing /home/airflow/.local/lib/python3.12/site-packages/airflow/example_dags/example_display_name.py took 0.174 seconds
[2025-01-11T08:09:56.936+0000] {processor.py:186} INFO - Started process (PID=2301) to work on /home/airflow/.local/lib/python3.12/site-packages/airflow/example_dags/example_display_name.py
[2025-01-11T08:09:56.938+0000] {processor.py:914} INFO - Processing file /home/airflow/.local/lib/python3.12/site-packages/airflow/example_dags/example_display_name.py for tasks to queue
[2025-01-11T08:09:56.943+0000] {logging_mixin.py:190} INFO - [2025-01-11T08:09:56.942+0000] {dagbag.py:588} INFO - Filling up the DagBag from /home/airflow/.local/lib/python3.12/site-packages/airflow/example_dags/example_display_name.py
[2025-01-11T08:09:56.961+0000] {processor.py:925} INFO - DAG(s) 'example_display_name' retrieved from /home/airflow/.local/lib/python3.12/site-packages/airflow/example_dags/example_display_name.py
[2025-01-11T08:09:57.013+0000] {logging_mixin.py:190} INFO - [2025-01-11T08:09:57.013+0000] {dag.py:3239} INFO - Sync 1 DAGs
[2025-01-11T08:09:57.052+0000] {logging_mixin.py:190} INFO - [2025-01-11T08:09:57.051+0000] {dag.py:4180} INFO - Setting next_dagrun for example_display_name to None, run_after=None
[2025-01-11T08:09:57.100+0000] {processor.py:208} INFO - Processing /home/airflow/.local/lib/python3.12/site-packages/airflow/example_dags/example_display_name.py took 0.179 seconds
