[2025-01-11T08:06:25.860+0000] {processor.py:186} INFO - Started process (PID=324) to work on /home/airflow/.local/lib/python3.12/site-packages/airflow/example_dags/tutorial.py
[2025-01-11T08:06:25.861+0000] {processor.py:914} INFO - Processing file /home/airflow/.local/lib/python3.12/site-packages/airflow/example_dags/tutorial.py for tasks to queue
[2025-01-11T08:06:25.866+0000] {logging_mixin.py:190} INFO - [2025-01-11T08:06:25.865+0000] {dagbag.py:588} INFO - Filling up the DagBag from /home/airflow/.local/lib/python3.12/site-packages/airflow/example_dags/tutorial.py
[2025-01-11T08:06:25.879+0000] {processor.py:925} INFO - DAG(s) 'tutorial' retrieved from /home/airflow/.local/lib/python3.12/site-packages/airflow/example_dags/tutorial.py
[2025-01-11T08:06:25.913+0000] {logging_mixin.py:190} INFO - [2025-01-11T08:06:25.913+0000] {dag.py:3239} INFO - Sync 1 DAGs
[2025-01-11T08:06:25.961+0000] {logging_mixin.py:190} INFO - [2025-01-11T08:06:25.960+0000] {dag.py:4180} INFO - Setting next_dagrun for tutorial to 2025-01-10 00:00:00+00:00, run_after=2025-01-11 00:00:00+00:00
[2025-01-11T08:06:25.997+0000] {processor.py:208} INFO - Processing /home/airflow/.local/lib/python3.12/site-packages/airflow/example_dags/tutorial.py took 0.147 seconds
[2025-01-11T08:06:57.351+0000] {processor.py:186} INFO - Started process (PID=612) to work on /home/airflow/.local/lib/python3.12/site-packages/airflow/example_dags/tutorial.py
[2025-01-11T08:06:57.353+0000] {processor.py:914} INFO - Processing file /home/airflow/.local/lib/python3.12/site-packages/airflow/example_dags/tutorial.py for tasks to queue
[2025-01-11T08:06:57.358+0000] {logging_mixin.py:190} INFO - [2025-01-11T08:06:57.357+0000] {dagbag.py:588} INFO - Filling up the DagBag from /home/airflow/.local/lib/python3.12/site-packages/airflow/example_dags/tutorial.py
[2025-01-11T08:06:57.372+0000] {processor.py:925} INFO - DAG(s) 'tutorial' retrieved from /home/airflow/.local/lib/python3.12/site-packages/airflow/example_dags/tutorial.py
[2025-01-11T08:06:57.412+0000] {logging_mixin.py:190} INFO - [2025-01-11T08:06:57.412+0000] {dag.py:3239} INFO - Sync 1 DAGs
[2025-01-11T08:06:57.459+0000] {logging_mixin.py:190} INFO - [2025-01-11T08:06:57.458+0000] {dag.py:4180} INFO - Setting next_dagrun for tutorial to 2025-01-10 00:00:00+00:00, run_after=2025-01-11 00:00:00+00:00
[2025-01-11T08:06:57.499+0000] {processor.py:208} INFO - Processing /home/airflow/.local/lib/python3.12/site-packages/airflow/example_dags/tutorial.py took 0.158 seconds
[2025-01-11T08:07:28.622+0000] {processor.py:186} INFO - Started process (PID=901) to work on /home/airflow/.local/lib/python3.12/site-packages/airflow/example_dags/tutorial.py
[2025-01-11T08:07:28.623+0000] {processor.py:914} INFO - Processing file /home/airflow/.local/lib/python3.12/site-packages/airflow/example_dags/tutorial.py for tasks to queue
[2025-01-11T08:07:28.628+0000] {logging_mixin.py:190} INFO - [2025-01-11T08:07:28.627+0000] {dagbag.py:588} INFO - Filling up the DagBag from /home/airflow/.local/lib/python3.12/site-packages/airflow/example_dags/tutorial.py
[2025-01-11T08:07:28.642+0000] {processor.py:925} INFO - DAG(s) 'tutorial' retrieved from /home/airflow/.local/lib/python3.12/site-packages/airflow/example_dags/tutorial.py
[2025-01-11T08:07:28.685+0000] {logging_mixin.py:190} INFO - [2025-01-11T08:07:28.685+0000] {dag.py:3239} INFO - Sync 1 DAGs
[2025-01-11T08:07:28.740+0000] {logging_mixin.py:190} INFO - [2025-01-11T08:07:28.739+0000] {dag.py:4180} INFO - Setting next_dagrun for tutorial to 2025-01-10 00:00:00+00:00, run_after=2025-01-11 00:00:00+00:00
[2025-01-11T08:07:28.803+0000] {processor.py:208} INFO - Processing /home/airflow/.local/lib/python3.12/site-packages/airflow/example_dags/tutorial.py took 0.192 seconds
[2025-01-11T08:08:00.823+0000] {processor.py:186} INFO - Started process (PID=1192) to work on /home/airflow/.local/lib/python3.12/site-packages/airflow/example_dags/tutorial.py
[2025-01-11T08:08:00.825+0000] {processor.py:914} INFO - Processing file /home/airflow/.local/lib/python3.12/site-packages/airflow/example_dags/tutorial.py for tasks to queue
[2025-01-11T08:08:00.829+0000] {logging_mixin.py:190} INFO - [2025-01-11T08:08:00.829+0000] {dagbag.py:588} INFO - Filling up the DagBag from /home/airflow/.local/lib/python3.12/site-packages/airflow/example_dags/tutorial.py
[2025-01-11T08:08:00.843+0000] {processor.py:925} INFO - DAG(s) 'tutorial' retrieved from /home/airflow/.local/lib/python3.12/site-packages/airflow/example_dags/tutorial.py
[2025-01-11T08:08:00.884+0000] {logging_mixin.py:190} INFO - [2025-01-11T08:08:00.884+0000] {dag.py:3239} INFO - Sync 1 DAGs
[2025-01-11T08:08:00.928+0000] {logging_mixin.py:190} INFO - [2025-01-11T08:08:00.928+0000] {dag.py:4180} INFO - Setting next_dagrun for tutorial to 2025-01-10 00:00:00+00:00, run_after=2025-01-11 00:00:00+00:00
[2025-01-11T08:08:00.992+0000] {processor.py:208} INFO - Processing /home/airflow/.local/lib/python3.12/site-packages/airflow/example_dags/tutorial.py took 0.183 seconds
[2025-01-11T08:08:32.667+0000] {processor.py:186} INFO - Started process (PID=1485) to work on /home/airflow/.local/lib/python3.12/site-packages/airflow/example_dags/tutorial.py
[2025-01-11T08:08:32.669+0000] {processor.py:914} INFO - Processing file /home/airflow/.local/lib/python3.12/site-packages/airflow/example_dags/tutorial.py for tasks to queue
[2025-01-11T08:08:32.675+0000] {logging_mixin.py:190} INFO - [2025-01-11T08:08:32.674+0000] {dagbag.py:588} INFO - Filling up the DagBag from /home/airflow/.local/lib/python3.12/site-packages/airflow/example_dags/tutorial.py
[2025-01-11T08:08:32.694+0000] {processor.py:925} INFO - DAG(s) 'tutorial' retrieved from /home/airflow/.local/lib/python3.12/site-packages/airflow/example_dags/tutorial.py
[2025-01-11T08:08:32.735+0000] {logging_mixin.py:190} INFO - [2025-01-11T08:08:32.735+0000] {dag.py:3239} INFO - Sync 1 DAGs
[2025-01-11T08:08:32.786+0000] {logging_mixin.py:190} INFO - [2025-01-11T08:08:32.786+0000] {dag.py:4180} INFO - Setting next_dagrun for tutorial to 2025-01-10 00:00:00+00:00, run_after=2025-01-11 00:00:00+00:00
[2025-01-11T08:08:32.827+0000] {processor.py:208} INFO - Processing /home/airflow/.local/lib/python3.12/site-packages/airflow/example_dags/tutorial.py took 0.172 seconds
[2025-01-11T08:09:04.790+0000] {processor.py:186} INFO - Started process (PID=1776) to work on /home/airflow/.local/lib/python3.12/site-packages/airflow/example_dags/tutorial.py
[2025-01-11T08:09:04.792+0000] {processor.py:914} INFO - Processing file /home/airflow/.local/lib/python3.12/site-packages/airflow/example_dags/tutorial.py for tasks to queue
[2025-01-11T08:09:04.797+0000] {logging_mixin.py:190} INFO - [2025-01-11T08:09:04.797+0000] {dagbag.py:588} INFO - Filling up the DagBag from /home/airflow/.local/lib/python3.12/site-packages/airflow/example_dags/tutorial.py
[2025-01-11T08:09:04.811+0000] {processor.py:925} INFO - DAG(s) 'tutorial' retrieved from /home/airflow/.local/lib/python3.12/site-packages/airflow/example_dags/tutorial.py
[2025-01-11T08:09:04.848+0000] {logging_mixin.py:190} INFO - [2025-01-11T08:09:04.847+0000] {dag.py:3239} INFO - Sync 1 DAGs
[2025-01-11T08:09:04.892+0000] {logging_mixin.py:190} INFO - [2025-01-11T08:09:04.892+0000] {dag.py:4180} INFO - Setting next_dagrun for tutorial to 2025-01-10 00:00:00+00:00, run_after=2025-01-11 00:00:00+00:00
[2025-01-11T08:09:04.932+0000] {processor.py:208} INFO - Processing /home/airflow/.local/lib/python3.12/site-packages/airflow/example_dags/tutorial.py took 0.155 seconds
[2025-01-11T08:09:36.403+0000] {processor.py:186} INFO - Started process (PID=2067) to work on /home/airflow/.local/lib/python3.12/site-packages/airflow/example_dags/tutorial.py
[2025-01-11T08:09:36.405+0000] {processor.py:914} INFO - Processing file /home/airflow/.local/lib/python3.12/site-packages/airflow/example_dags/tutorial.py for tasks to queue
[2025-01-11T08:09:36.410+0000] {logging_mixin.py:190} INFO - [2025-01-11T08:09:36.409+0000] {dagbag.py:588} INFO - Filling up the DagBag from /home/airflow/.local/lib/python3.12/site-packages/airflow/example_dags/tutorial.py
[2025-01-11T08:09:36.424+0000] {processor.py:925} INFO - DAG(s) 'tutorial' retrieved from /home/airflow/.local/lib/python3.12/site-packages/airflow/example_dags/tutorial.py
[2025-01-11T08:09:36.466+0000] {logging_mixin.py:190} INFO - [2025-01-11T08:09:36.466+0000] {dag.py:3239} INFO - Sync 1 DAGs
[2025-01-11T08:09:36.533+0000] {logging_mixin.py:190} INFO - [2025-01-11T08:09:36.533+0000] {dag.py:4180} INFO - Setting next_dagrun for tutorial to 2025-01-10 00:00:00+00:00, run_after=2025-01-11 00:00:00+00:00
[2025-01-11T08:09:36.577+0000] {processor.py:208} INFO - Processing /home/airflow/.local/lib/python3.12/site-packages/airflow/example_dags/tutorial.py took 0.186 seconds
