[2025-01-10T10:02:29.593+0000] {local_task_job_runner.py:123} INFO - ::group::Pre task execution logs
[2025-01-10T10:02:29.642+0000] {taskinstance.py:2613} INFO - Dependencies all met for dep_context=non-requeueable deps ti=<TaskInstance: example_bash_decorator.also_run_this_again manual__2025-01-10T10:02:26.491835+00:00 [queued]>
[2025-01-10T10:02:29.666+0000] {taskinstance.py:2613} INFO - Dependencies all met for dep_context=requeueable deps ti=<TaskInstance: example_bash_decorator.also_run_this_again manual__2025-01-10T10:02:26.491835+00:00 [queued]>
[2025-01-10T10:02:29.668+0000] {taskinstance.py:2866} INFO - Starting attempt 1 of 1
[2025-01-10T10:02:29.704+0000] {taskinstance.py:2889} INFO - Executing <Task(_BashDecoratedOperator): also_run_this_again> on 2025-01-10 10:02:26.491835+00:00
[2025-01-10T10:02:29.736+0000] {standard_task_runner.py:104} INFO - Running: ['***', 'tasks', 'run', 'example_bash_decorator', 'also_run_this_again', 'manual__2025-01-10T10:02:26.491835+00:00', '--job-id', '23', '--raw', '--subdir', '/home/***/.local/lib/python3.12/site-packages/***/example_dags/example_bash_decorator.py', '--cfg-path', '/tmp/tmp8p2s83us']
[2025-01-10T10:02:29.743+0000] {standard_task_runner.py:105} INFO - Job 23: Subtask also_run_this_again
[2025-01-10T10:02:29.742+0000] {logging_mixin.py:190} WARNING - /home/***/.local/lib/python3.12/site-packages/***/task/task_runner/standard_task_runner.py:70 DeprecationWarning: This process (pid=7965) is multi-threaded, use of fork() may lead to deadlocks in the child.
[2025-01-10T10:02:29.745+0000] {standard_task_runner.py:72} INFO - Started process 7989 to run task
[2025-01-10T10:02:29.916+0000] {task_command.py:467} INFO - Running <TaskInstance: example_bash_decorator.also_run_this_again manual__2025-01-10T10:02:26.491835+00:00 [running]> on host f99ce696fe80
[2025-01-10T10:02:30.182+0000] {taskinstance.py:3132} INFO - Exporting env vars: AIRFLOW_CTX_DAG_OWNER='***' AIRFLOW_CTX_DAG_ID='example_bash_decorator' AIRFLOW_CTX_TASK_ID='also_run_this_again' AIRFLOW_CTX_EXECUTION_DATE='2025-01-10T10:02:26.491835+00:00' AIRFLOW_CTX_TRY_NUMBER='1' AIRFLOW_CTX_DAG_RUN_ID='manual__2025-01-10T10:02:26.491835+00:00'
[2025-01-10T10:02:30.190+0000] {logging_mixin.py:190} INFO - Task instance is in running state
[2025-01-10T10:02:30.192+0000] {logging_mixin.py:190} INFO -  Previous state of the Task instance: queued
[2025-01-10T10:02:30.194+0000] {logging_mixin.py:190} INFO - Current task name:also_run_this_again state:running start_date:2025-01-10 10:02:29.645228+00:00
[2025-01-10T10:02:30.196+0000] {logging_mixin.py:190} INFO - Dag name:example_bash_decorator and current dag run status:running
[2025-01-10T10:02:30.197+0000] {taskinstance.py:731} INFO - ::endgroup::
[2025-01-10T10:02:30.253+0000] {subprocess.py:78} INFO - Tmp dir root location: /tmp
[2025-01-10T10:02:30.258+0000] {subprocess.py:88} INFO - Running command: ['/usr/bin/bash', '-c', 'echo "ti_key=example_bash_decorator__also_run_this_again__20250110"']
[2025-01-10T10:02:30.312+0000] {subprocess.py:99} INFO - Output:
[2025-01-10T10:02:30.316+0000] {subprocess.py:106} INFO - ti_key=example_bash_decorator__also_run_this_again__20250110
[2025-01-10T10:02:30.318+0000] {subprocess.py:110} INFO - Command exited with return code 0
[2025-01-10T10:02:30.391+0000] {taskinstance.py:340} INFO - ::group::Post task execution logs
[2025-01-10T10:02:30.395+0000] {taskinstance.py:352} INFO - Marking task as SUCCESS. dag_id=example_bash_decorator, task_id=also_run_this_again, run_id=manual__2025-01-10T10:02:26.491835+00:00, execution_date=20250110T100226, start_date=20250110T100229, end_date=20250110T100230
[2025-01-10T10:02:30.424+0000] {logging_mixin.py:190} INFO - Task instance in success state
[2025-01-10T10:02:30.428+0000] {logging_mixin.py:190} INFO -  Previous state of the Task instance: running
[2025-01-10T10:02:30.430+0000] {logging_mixin.py:190} INFO - Dag name:example_bash_decorator queued_at:2025-01-10 10:02:26.511358+00:00
[2025-01-10T10:02:30.431+0000] {logging_mixin.py:190} INFO - Task hostname:f99ce696fe80 operator:_BashDecoratedOperator
[2025-01-10T10:02:30.510+0000] {local_task_job_runner.py:266} INFO - Task exited with return code 0
[2025-01-10T10:02:30.571+0000] {taskinstance.py:3895} INFO - 0 downstream tasks scheduled from follow-on schedule check
[2025-01-10T10:02:30.576+0000] {local_task_job_runner.py:245} INFO - ::endgroup::
