[2025-01-10T10:02:55.352+0000] {local_task_job_runner.py:123} INFO - ::group::Pre task execution logs
[2025-01-10T10:02:55.425+0000] {taskinstance.py:2613} INFO - Dependencies all met for dep_context=non-requeueable deps ti=<TaskInstance: example_bash_decorator.runme_1 manual__2025-01-10T10:01:12.886807+00:00 [queued]>
[2025-01-10T10:02:55.448+0000] {taskinstance.py:2613} INFO - Dependencies all met for dep_context=requeueable deps ti=<TaskInstance: example_bash_decorator.runme_1 manual__2025-01-10T10:01:12.886807+00:00 [queued]>
[2025-01-10T10:02:55.450+0000] {taskinstance.py:2866} INFO - Starting attempt 2 of 2
[2025-01-10T10:02:55.505+0000] {taskinstance.py:2889} INFO - Executing <Task(_BashDecoratedOperator): runme_1> on 2025-01-10 10:01:12.886807+00:00
[2025-01-10T10:02:55.530+0000] {standard_task_runner.py:104} INFO - Running: ['***', 'tasks', 'run', 'example_bash_decorator', 'runme_1', 'manual__2025-01-10T10:01:12.886807+00:00', '--job-id', '36', '--raw', '--subdir', '/home/***/.local/lib/python3.12/site-packages/***/example_dags/example_bash_decorator.py', '--cfg-path', '/tmp/tmprm7ptrvt']
[2025-01-10T10:02:55.534+0000] {standard_task_runner.py:105} INFO - Job 36: Subtask runme_1
[2025-01-10T10:02:55.539+0000] {logging_mixin.py:190} WARNING - /home/***/.local/lib/python3.12/site-packages/***/task/task_runner/standard_task_runner.py:70 DeprecationWarning: This process (pid=8291) is multi-threaded, use of fork() may lead to deadlocks in the child.
[2025-01-10T10:02:55.543+0000] {standard_task_runner.py:72} INFO - Started process 8297 to run task
[2025-01-10T10:02:55.671+0000] {task_command.py:467} INFO - Running <TaskInstance: example_bash_decorator.runme_1 manual__2025-01-10T10:01:12.886807+00:00 [running]> on host f99ce696fe80
[2025-01-10T10:02:55.868+0000] {taskinstance.py:3132} INFO - Exporting env vars: AIRFLOW_CTX_DAG_OWNER='***' AIRFLOW_CTX_DAG_ID='example_bash_decorator' AIRFLOW_CTX_TASK_ID='runme_1' AIRFLOW_CTX_EXECUTION_DATE='2025-01-10T10:01:12.886807+00:00' AIRFLOW_CTX_TRY_NUMBER='2' AIRFLOW_CTX_DAG_RUN_ID='manual__2025-01-10T10:01:12.886807+00:00'
[2025-01-10T10:02:55.875+0000] {logging_mixin.py:190} INFO - Task instance is in running state
[2025-01-10T10:02:55.876+0000] {logging_mixin.py:190} INFO -  Previous state of the Task instance: queued
[2025-01-10T10:02:55.877+0000] {logging_mixin.py:190} INFO - Current task name:runme_1 state:running start_date:2025-01-10 10:02:55.426622+00:00
[2025-01-10T10:02:55.877+0000] {logging_mixin.py:190} INFO - Dag name:example_bash_decorator and current dag run status:running
[2025-01-10T10:02:55.878+0000] {taskinstance.py:731} INFO - ::endgroup::
[2025-01-10T10:02:55.928+0000] {subprocess.py:78} INFO - Tmp dir root location: /tmp
[2025-01-10T10:02:55.931+0000] {subprocess.py:88} INFO - Running command: ['/usr/bin/bash', '-c', 'echo example_bash_decorator__runme_1__20250110 && sleep 1']
[2025-01-10T10:02:55.975+0000] {subprocess.py:99} INFO - Output:
[2025-01-10T10:02:55.980+0000] {subprocess.py:106} INFO - example_bash_decorator__runme_1__20250110
[2025-01-10T10:02:56.985+0000] {subprocess.py:110} INFO - Command exited with return code 0
[2025-01-10T10:02:57.014+0000] {taskinstance.py:340} INFO - ::group::Post task execution logs
[2025-01-10T10:02:57.015+0000] {taskinstance.py:352} INFO - Marking task as SUCCESS. dag_id=example_bash_decorator, task_id=runme_1, run_id=manual__2025-01-10T10:01:12.886807+00:00, execution_date=20250110T100112, start_date=20250110T100255, end_date=20250110T100257
[2025-01-10T10:02:57.029+0000] {logging_mixin.py:190} INFO - Task instance in success state
[2025-01-10T10:02:57.030+0000] {logging_mixin.py:190} INFO -  Previous state of the Task instance: running
[2025-01-10T10:02:57.030+0000] {logging_mixin.py:190} INFO - Dag name:example_bash_decorator queued_at:2025-01-10 10:02:52.663579+00:00
[2025-01-10T10:02:57.031+0000] {logging_mixin.py:190} INFO - Task hostname:f99ce696fe80 operator:_BashDecoratedOperator
[2025-01-10T10:02:57.064+0000] {local_task_job_runner.py:266} INFO - Task exited with return code 0
[2025-01-10T10:02:57.091+0000] {taskinstance.py:3895} INFO - 0 downstream tasks scheduled from follow-on schedule check
[2025-01-10T10:02:57.094+0000] {local_task_job_runner.py:245} INFO - ::endgroup::
