[2025-01-11T09:15:20.120+0000] {local_task_job_runner.py:123} INFO - ::group::Pre task execution logs
[2025-01-11T09:15:20.160+0000] {taskinstance.py:2613} INFO - Dependencies all met for dep_context=non-requeueable deps ti=<TaskInstance: first_dag.first_task scheduled__2025-01-11T05:00:00+00:00 [queued]>
[2025-01-11T09:15:20.182+0000] {taskinstance.py:2613} INFO - Dependencies all met for dep_context=requeueable deps ti=<TaskInstance: first_dag.first_task scheduled__2025-01-11T05:00:00+00:00 [queued]>
[2025-01-11T09:15:20.183+0000] {taskinstance.py:2866} INFO - Starting attempt 1 of 6
[2025-01-11T09:15:20.214+0000] {taskinstance.py:2889} INFO - Executing <Task(BashOperator): first_task> on 2025-01-11 05:00:00+00:00
[2025-01-11T09:15:20.231+0000] {standard_task_runner.py:104} INFO - Running: ['***', 'tasks', 'run', 'first_dag', 'first_task', 'scheduled__2025-01-11T05:00:00+00:00', '--job-id', '66', '--raw', '--subdir', 'DAGS_FOLDER/first_dag.py', '--cfg-path', '/tmp/tmpow870f5i']
[2025-01-11T09:15:20.236+0000] {standard_task_runner.py:105} INFO - Job 66: Subtask first_task
[2025-01-11T09:15:20.242+0000] {logging_mixin.py:190} WARNING - /home/***/.local/lib/python3.12/site-packages/***/task/task_runner/standard_task_runner.py:70 DeprecationWarning: This process (pid=1630) is multi-threaded, use of fork() may lead to deadlocks in the child.
[2025-01-11T09:15:20.244+0000] {standard_task_runner.py:72} INFO - Started process 1639 to run task
[2025-01-11T09:15:20.339+0000] {task_command.py:467} INFO - Running <TaskInstance: first_dag.first_task scheduled__2025-01-11T05:00:00+00:00 [running]> on host 8c99cb857b26
[2025-01-11T09:15:20.603+0000] {taskinstance.py:3132} INFO - Exporting env vars: AIRFLOW_CTX_DAG_OWNER='Khanh' AIRFLOW_CTX_DAG_ID='first_dag' AIRFLOW_CTX_TASK_ID='first_task' AIRFLOW_CTX_EXECUTION_DATE='2025-01-11T05:00:00+00:00' AIRFLOW_CTX_TRY_NUMBER='1' AIRFLOW_CTX_DAG_RUN_ID='scheduled__2025-01-11T05:00:00+00:00'
[2025-01-11T09:15:20.606+0000] {taskinstance.py:731} INFO - ::endgroup::
[2025-01-11T09:15:20.653+0000] {subprocess.py:78} INFO - Tmp dir root location: /tmp
[2025-01-11T09:15:20.655+0000] {subprocess.py:88} INFO - Running command: ['/usr/bin/bash', '-c', 'echo hello world!']
[2025-01-11T09:15:20.678+0000] {subprocess.py:99} INFO - Output:
[2025-01-11T09:15:20.683+0000] {subprocess.py:106} INFO - hello world!
[2025-01-11T09:15:20.684+0000] {subprocess.py:110} INFO - Command exited with return code 0
[2025-01-11T09:15:20.732+0000] {taskinstance.py:340} INFO - ::group::Post task execution logs
[2025-01-11T09:15:20.734+0000] {taskinstance.py:352} INFO - Marking task as SUCCESS. dag_id=first_dag, task_id=first_task, run_id=scheduled__2025-01-11T05:00:00+00:00, execution_date=20250111T050000, start_date=20250111T091520, end_date=20250111T091520
[2025-01-11T09:15:20.791+0000] {local_task_job_runner.py:266} INFO - Task exited with return code 0
[2025-01-11T09:15:20.826+0000] {taskinstance.py:3895} INFO - 0 downstream tasks scheduled from follow-on schedule check
[2025-01-11T09:15:20.830+0000] {local_task_job_runner.py:245} INFO - ::endgroup::
