[2025-01-10T10:02:55.402+0000] {local_task_job_runner.py:123} INFO - ::group::Pre task execution logs
[2025-01-10T10:02:55.457+0000] {taskinstance.py:2613} INFO - Dependencies all met for dep_context=non-requeueable deps ti=<TaskInstance: example_bash_decorator.also_run_this_again manual__2025-01-10T10:01:12.886807+00:00 [queued]>
[2025-01-10T10:02:55.485+0000] {taskinstance.py:2613} INFO - Dependencies all met for dep_context=requeueable deps ti=<TaskInstance: example_bash_decorator.also_run_this_again manual__2025-01-10T10:01:12.886807+00:00 [queued]>
[2025-01-10T10:02:55.487+0000] {taskinstance.py:2866} INFO - Starting attempt 2 of 2
[2025-01-10T10:02:55.562+0000] {taskinstance.py:2889} INFO - Executing <Task(_BashDecoratedOperator): also_run_this_again> on 2025-01-10 10:01:12.886807+00:00
[2025-01-10T10:02:55.591+0000] {logging_mixin.py:190} WARNING - /home/***/.local/lib/python3.12/site-packages/***/task/task_runner/standard_task_runner.py:70 DeprecationWarning: This process (pid=8293) is multi-threaded, use of fork() may lead to deadlocks in the child.
[2025-01-10T10:02:55.595+0000] {standard_task_runner.py:72} INFO - Started process 8307 to run task
[2025-01-10T10:02:55.587+0000] {standard_task_runner.py:104} INFO - Running: ['***', 'tasks', 'run', 'example_bash_decorator', 'also_run_this_again', 'manual__2025-01-10T10:01:12.886807+00:00', '--job-id', '39', '--raw', '--subdir', '/home/***/.local/lib/python3.12/site-packages/***/example_dags/example_bash_decorator.py', '--cfg-path', '/tmp/tmpiurgtbvw']
[2025-01-10T10:02:55.599+0000] {standard_task_runner.py:105} INFO - Job 39: Subtask also_run_this_again
[2025-01-10T10:02:55.706+0000] {task_command.py:467} INFO - Running <TaskInstance: example_bash_decorator.also_run_this_again manual__2025-01-10T10:01:12.886807+00:00 [running]> on host f99ce696fe80
[2025-01-10T10:02:55.900+0000] {taskinstance.py:3132} INFO - Exporting env vars: AIRFLOW_CTX_DAG_OWNER='***' AIRFLOW_CTX_DAG_ID='example_bash_decorator' AIRFLOW_CTX_TASK_ID='also_run_this_again' AIRFLOW_CTX_EXECUTION_DATE='2025-01-10T10:01:12.886807+00:00' AIRFLOW_CTX_TRY_NUMBER='2' AIRFLOW_CTX_DAG_RUN_ID='manual__2025-01-10T10:01:12.886807+00:00'
[2025-01-10T10:02:55.903+0000] {logging_mixin.py:190} INFO - Task instance is in running state
[2025-01-10T10:02:55.905+0000] {logging_mixin.py:190} INFO -  Previous state of the Task instance: queued
[2025-01-10T10:02:55.906+0000] {logging_mixin.py:190} INFO - Current task name:also_run_this_again state:running start_date:2025-01-10 10:02:55.463257+00:00
[2025-01-10T10:02:55.907+0000] {logging_mixin.py:190} INFO - Dag name:example_bash_decorator and current dag run status:running
[2025-01-10T10:02:55.908+0000] {taskinstance.py:731} INFO - ::endgroup::
[2025-01-10T10:02:55.956+0000] {subprocess.py:78} INFO - Tmp dir root location: /tmp
[2025-01-10T10:02:55.962+0000] {subprocess.py:88} INFO - Running command: ['/usr/bin/bash', '-c', 'echo "ti_key=example_bash_decorator__also_run_this_again__20250110"']
[2025-01-10T10:02:56.004+0000] {subprocess.py:99} INFO - Output:
[2025-01-10T10:02:56.007+0000] {subprocess.py:106} INFO - ti_key=example_bash_decorator__also_run_this_again__20250110
[2025-01-10T10:02:56.008+0000] {subprocess.py:110} INFO - Command exited with return code 0
[2025-01-10T10:02:56.060+0000] {taskinstance.py:340} INFO - ::group::Post task execution logs
[2025-01-10T10:02:56.062+0000] {taskinstance.py:352} INFO - Marking task as SUCCESS. dag_id=example_bash_decorator, task_id=also_run_this_again, run_id=manual__2025-01-10T10:01:12.886807+00:00, execution_date=20250110T100112, start_date=20250110T100255, end_date=20250110T100256
[2025-01-10T10:02:56.084+0000] {logging_mixin.py:190} INFO - Task instance in success state
[2025-01-10T10:02:56.085+0000] {logging_mixin.py:190} INFO -  Previous state of the Task instance: running
[2025-01-10T10:02:56.086+0000] {logging_mixin.py:190} INFO - Dag name:example_bash_decorator queued_at:2025-01-10 10:02:52.663579+00:00
[2025-01-10T10:02:56.087+0000] {logging_mixin.py:190} INFO - Task hostname:f99ce696fe80 operator:_BashDecoratedOperator
[2025-01-10T10:02:56.140+0000] {local_task_job_runner.py:266} INFO - Task exited with return code 0
[2025-01-10T10:02:56.159+0000] {local_task_job_runner.py:245} INFO - ::endgroup::
