[2025-01-10T10:01:17.204+0000] {local_task_job_runner.py:123} INFO - ::group::Pre task execution logs
[2025-01-10T10:01:17.260+0000] {taskinstance.py:2613} INFO - Dependencies all met for dep_context=non-requeueable deps ti=<TaskInstance: example_bash_decorator.also_run_this_again manual__2025-01-10T10:01:12.886807+00:00 [queued]>
[2025-01-10T10:01:17.281+0000] {taskinstance.py:2613} INFO - Dependencies all met for dep_context=requeueable deps ti=<TaskInstance: example_bash_decorator.also_run_this_again manual__2025-01-10T10:01:12.886807+00:00 [queued]>
[2025-01-10T10:01:17.283+0000] {taskinstance.py:2866} INFO - Starting attempt 1 of 1
[2025-01-10T10:01:17.351+0000] {taskinstance.py:2889} INFO - Executing <Task(_BashDecoratedOperator): also_run_this_again> on 2025-01-10 10:01:12.886807+00:00
[2025-01-10T10:01:17.460+0000] {standard_task_runner.py:104} INFO - Running: ['***', 'tasks', 'run', 'example_bash_decorator', 'also_run_this_again', 'manual__2025-01-10T10:01:12.886807+00:00', '--job-id', '6', '--raw', '--subdir', '/home/***/.local/lib/python3.12/site-packages/***/example_dags/example_bash_decorator.py', '--cfg-path', '/tmp/tmprg4nef1q']
[2025-01-10T10:01:17.484+0000] {standard_task_runner.py:105} INFO - Job 6: Subtask also_run_this_again
[2025-01-10T10:01:17.484+0000] {logging_mixin.py:190} WARNING - /home/***/.local/lib/python3.12/site-packages/***/task/task_runner/standard_task_runner.py:70 DeprecationWarning: This process (pid=7293) is multi-threaded, use of fork() may lead to deadlocks in the child.
[2025-01-10T10:01:17.492+0000] {standard_task_runner.py:72} INFO - Started process 7307 to run task
[2025-01-10T10:01:17.754+0000] {task_command.py:467} INFO - Running <TaskInstance: example_bash_decorator.also_run_this_again manual__2025-01-10T10:01:12.886807+00:00 [running]> on host f99ce696fe80
[2025-01-10T10:01:18.044+0000] {taskinstance.py:3132} INFO - Exporting env vars: AIRFLOW_CTX_DAG_OWNER='***' AIRFLOW_CTX_DAG_ID='example_bash_decorator' AIRFLOW_CTX_TASK_ID='also_run_this_again' AIRFLOW_CTX_EXECUTION_DATE='2025-01-10T10:01:12.886807+00:00' AIRFLOW_CTX_TRY_NUMBER='1' AIRFLOW_CTX_DAG_RUN_ID='manual__2025-01-10T10:01:12.886807+00:00'
[2025-01-10T10:01:18.048+0000] {logging_mixin.py:190} INFO - Task instance is in running state
[2025-01-10T10:01:18.049+0000] {logging_mixin.py:190} INFO -  Previous state of the Task instance: queued
[2025-01-10T10:01:18.050+0000] {logging_mixin.py:190} INFO - Current task name:also_run_this_again state:running start_date:2025-01-10 10:01:17.261673+00:00
[2025-01-10T10:01:18.051+0000] {logging_mixin.py:190} INFO - Dag name:example_bash_decorator and current dag run status:running
[2025-01-10T10:01:18.052+0000] {taskinstance.py:731} INFO - ::endgroup::
[2025-01-10T10:01:18.092+0000] {subprocess.py:78} INFO - Tmp dir root location: /tmp
[2025-01-10T10:01:18.095+0000] {subprocess.py:88} INFO - Running command: ['/usr/bin/bash', '-c', 'echo "ti_key=example_bash_decorator__also_run_this_again__20250110"']
[2025-01-10T10:01:18.134+0000] {subprocess.py:99} INFO - Output:
[2025-01-10T10:01:18.137+0000] {subprocess.py:106} INFO - ti_key=example_bash_decorator__also_run_this_again__20250110
[2025-01-10T10:01:18.138+0000] {subprocess.py:110} INFO - Command exited with return code 0
[2025-01-10T10:01:18.193+0000] {taskinstance.py:340} INFO - ::group::Post task execution logs
[2025-01-10T10:01:18.195+0000] {taskinstance.py:352} INFO - Marking task as SUCCESS. dag_id=example_bash_decorator, task_id=also_run_this_again, run_id=manual__2025-01-10T10:01:12.886807+00:00, execution_date=20250110T100112, start_date=20250110T100117, end_date=20250110T100118
[2025-01-10T10:01:18.214+0000] {logging_mixin.py:190} INFO - Task instance in success state
[2025-01-10T10:01:18.215+0000] {logging_mixin.py:190} INFO -  Previous state of the Task instance: running
[2025-01-10T10:01:18.216+0000] {logging_mixin.py:190} INFO - Dag name:example_bash_decorator queued_at:2025-01-10 10:01:12.906719+00:00
[2025-01-10T10:01:18.217+0000] {logging_mixin.py:190} INFO - Task hostname:f99ce696fe80 operator:_BashDecoratedOperator
[2025-01-10T10:01:18.254+0000] {local_task_job_runner.py:266} INFO - Task exited with return code 0
[2025-01-10T10:01:18.278+0000] {local_task_job_runner.py:245} INFO - ::endgroup::
