[2025-01-11T09:23:23.219+0000] {local_task_job_runner.py:123} INFO - ::group::Pre task execution logs
[2025-01-11T09:23:23.262+0000] {taskinstance.py:2613} INFO - Dependencies all met for dep_context=non-requeueable deps ti=<TaskInstance: first_dag_v2.first_task manual__2025-01-11T09:23:22.369048+00:00 [queued]>
[2025-01-11T09:23:23.282+0000] {taskinstance.py:2613} INFO - Dependencies all met for dep_context=requeueable deps ti=<TaskInstance: first_dag_v2.first_task manual__2025-01-11T09:23:22.369048+00:00 [queued]>
[2025-01-11T09:23:23.284+0000] {taskinstance.py:2866} INFO - Starting attempt 1 of 6
[2025-01-11T09:23:23.353+0000] {taskinstance.py:2889} INFO - Executing <Task(BashOperator): first_task> on 2025-01-11 09:23:22.369048+00:00
[2025-01-11T09:23:23.372+0000] {standard_task_runner.py:104} INFO - Running: ['***', 'tasks', 'run', 'first_dag_v2', 'first_task', 'manual__2025-01-11T09:23:22.369048+00:00', '--job-id', '70', '--raw', '--subdir', 'DAGS_FOLDER/first_dag.py', '--cfg-path', '/tmp/tmpas9ak2te']
[2025-01-11T09:23:23.377+0000] {standard_task_runner.py:105} INFO - Job 70: Subtask first_task
[2025-01-11T09:23:23.390+0000] {logging_mixin.py:190} WARNING - /home/***/.local/lib/python3.12/site-packages/***/task/task_runner/standard_task_runner.py:70 DeprecationWarning: This process (pid=1898) is multi-threaded, use of fork() may lead to deadlocks in the child.
[2025-01-11T09:23:23.392+0000] {standard_task_runner.py:72} INFO - Started process 1899 to run task
[2025-01-11T09:23:23.472+0000] {task_command.py:467} INFO - Running <TaskInstance: first_dag_v2.first_task manual__2025-01-11T09:23:22.369048+00:00 [running]> on host 8c99cb857b26
[2025-01-11T09:23:23.843+0000] {taskinstance.py:3132} INFO - Exporting env vars: AIRFLOW_CTX_DAG_OWNER='Khanh' AIRFLOW_CTX_DAG_ID='first_dag_v2' AIRFLOW_CTX_TASK_ID='first_task' AIRFLOW_CTX_EXECUTION_DATE='2025-01-11T09:23:22.369048+00:00' AIRFLOW_CTX_TRY_NUMBER='1' AIRFLOW_CTX_DAG_RUN_ID='manual__2025-01-11T09:23:22.369048+00:00'
[2025-01-11T09:23:23.845+0000] {taskinstance.py:731} INFO - ::endgroup::
[2025-01-11T09:23:23.887+0000] {subprocess.py:78} INFO - Tmp dir root location: /tmp
[2025-01-11T09:23:23.889+0000] {subprocess.py:88} INFO - Running command: ['/usr/bin/bash', '-c', 'echo hello world!']
[2025-01-11T09:23:23.911+0000] {subprocess.py:99} INFO - Output:
[2025-01-11T09:23:23.915+0000] {subprocess.py:106} INFO - hello world!
[2025-01-11T09:23:23.917+0000] {subprocess.py:110} INFO - Command exited with return code 0
[2025-01-11T09:23:23.974+0000] {taskinstance.py:340} INFO - ::group::Post task execution logs
[2025-01-11T09:23:23.975+0000] {taskinstance.py:352} INFO - Marking task as SUCCESS. dag_id=first_dag_v2, task_id=first_task, run_id=manual__2025-01-11T09:23:22.369048+00:00, execution_date=20250111T092322, start_date=20250111T092323, end_date=20250111T092323
[2025-01-11T09:23:24.020+0000] {local_task_job_runner.py:266} INFO - Task exited with return code 0
[2025-01-11T09:23:24.071+0000] {taskinstance.py:3895} INFO - 1 downstream tasks scheduled from follow-on schedule check
[2025-01-11T09:23:24.075+0000] {local_task_job_runner.py:245} INFO - ::endgroup::
