[2025-01-11T09:15:18.531+0000] {local_task_job_runner.py:123} INFO - ::group::Pre task execution logs
[2025-01-11T09:15:18.581+0000] {taskinstance.py:2613} INFO - Dependencies all met for dep_context=non-requeueable deps ti=<TaskInstance: first_dag.first_task scheduled__2025-01-10T22:00:00+00:00 [queued]>
[2025-01-11T09:15:18.606+0000] {taskinstance.py:2613} INFO - Dependencies all met for dep_context=requeueable deps ti=<TaskInstance: first_dag.first_task scheduled__2025-01-10T22:00:00+00:00 [queued]>
[2025-01-11T09:15:18.608+0000] {taskinstance.py:2866} INFO - Starting attempt 1 of 6
[2025-01-11T09:15:18.708+0000] {taskinstance.py:2889} INFO - Executing <Task(BashOperator): first_task> on 2025-01-10 22:00:00+00:00
[2025-01-11T09:15:18.727+0000] {standard_task_runner.py:104} INFO - Running: ['***', 'tasks', 'run', 'first_dag', 'first_task', 'scheduled__2025-01-10T22:00:00+00:00', '--job-id', '59', '--raw', '--subdir', 'DAGS_FOLDER/first_dag.py', '--cfg-path', '/tmp/tmpz7orrmzt']
[2025-01-11T09:15:18.735+0000] {standard_task_runner.py:105} INFO - Job 59: Subtask first_task
[2025-01-11T09:15:18.738+0000] {logging_mixin.py:190} WARNING - /home/***/.local/lib/python3.12/site-packages/***/task/task_runner/standard_task_runner.py:70 DeprecationWarning: This process (pid=1603) is multi-threaded, use of fork() may lead to deadlocks in the child.
[2025-01-11T09:15:18.740+0000] {standard_task_runner.py:72} INFO - Started process 1609 to run task
[2025-01-11T09:15:18.882+0000] {task_command.py:467} INFO - Running <TaskInstance: first_dag.first_task scheduled__2025-01-10T22:00:00+00:00 [running]> on host 8c99cb857b26
[2025-01-11T09:15:19.220+0000] {taskinstance.py:3132} INFO - Exporting env vars: AIRFLOW_CTX_DAG_OWNER='Khanh' AIRFLOW_CTX_DAG_ID='first_dag' AIRFLOW_CTX_TASK_ID='first_task' AIRFLOW_CTX_EXECUTION_DATE='2025-01-10T22:00:00+00:00' AIRFLOW_CTX_TRY_NUMBER='1' AIRFLOW_CTX_DAG_RUN_ID='scheduled__2025-01-10T22:00:00+00:00'
[2025-01-11T09:15:19.225+0000] {taskinstance.py:731} INFO - ::endgroup::
[2025-01-11T09:15:19.279+0000] {subprocess.py:78} INFO - Tmp dir root location: /tmp
[2025-01-11T09:15:19.283+0000] {subprocess.py:88} INFO - Running command: ['/usr/bin/bash', '-c', 'echo hello world!']
[2025-01-11T09:15:19.318+0000] {subprocess.py:99} INFO - Output:
[2025-01-11T09:15:19.321+0000] {subprocess.py:106} INFO - hello world!
[2025-01-11T09:15:19.322+0000] {subprocess.py:110} INFO - Command exited with return code 0
[2025-01-11T09:15:19.402+0000] {taskinstance.py:340} INFO - ::group::Post task execution logs
[2025-01-11T09:15:19.404+0000] {taskinstance.py:352} INFO - Marking task as SUCCESS. dag_id=first_dag, task_id=first_task, run_id=scheduled__2025-01-10T22:00:00+00:00, execution_date=20250110T220000, start_date=20250111T091518, end_date=20250111T091519
[2025-01-11T09:15:19.625+0000] {local_task_job_runner.py:266} INFO - Task exited with return code 0
[2025-01-11T09:15:19.679+0000] {taskinstance.py:3895} INFO - 0 downstream tasks scheduled from follow-on schedule check
[2025-01-11T09:15:19.687+0000] {local_task_job_runner.py:245} INFO - ::endgroup::
