[2025-01-10T10:01:17.208+0000] {local_task_job_runner.py:123} INFO - ::group::Pre task execution logs
[2025-01-10T10:01:17.252+0000] {taskinstance.py:2613} INFO - Dependencies all met for dep_context=non-requeueable deps ti=<TaskInstance: example_bash_decorator.also_run_this manual__2025-01-10T10:01:12.886807+00:00 [queued]>
[2025-01-10T10:01:17.270+0000] {taskinstance.py:2613} INFO - Dependencies all met for dep_context=requeueable deps ti=<TaskInstance: example_bash_decorator.also_run_this manual__2025-01-10T10:01:12.886807+00:00 [queued]>
[2025-01-10T10:01:17.271+0000] {taskinstance.py:2866} INFO - Starting attempt 1 of 1
[2025-01-10T10:01:17.331+0000] {taskinstance.py:2889} INFO - Executing <Task(_BashDecoratedOperator): also_run_this> on 2025-01-10 10:01:12.886807+00:00
[2025-01-10T10:01:17.376+0000] {standard_task_runner.py:104} INFO - Running: ['***', 'tasks', 'run', 'example_bash_decorator', 'also_run_this', 'manual__2025-01-10T10:01:12.886807+00:00', '--job-id', '8', '--raw', '--subdir', '/home/***/.local/lib/python3.12/site-packages/***/example_dags/example_bash_decorator.py', '--cfg-path', '/tmp/tmpfj7qb0yp']
[2025-01-10T10:01:17.392+0000] {standard_task_runner.py:105} INFO - Job 8: Subtask also_run_this
[2025-01-10T10:01:17.388+0000] {logging_mixin.py:190} WARNING - /home/***/.local/lib/python3.12/site-packages/***/task/task_runner/standard_task_runner.py:70 DeprecationWarning: This process (pid=7292) is multi-threaded, use of fork() may lead to deadlocks in the child.
[2025-01-10T10:01:17.396+0000] {standard_task_runner.py:72} INFO - Started process 7300 to run task
[2025-01-10T10:01:17.691+0000] {task_command.py:467} INFO - Running <TaskInstance: example_bash_decorator.also_run_this manual__2025-01-10T10:01:12.886807+00:00 [running]> on host f99ce696fe80
[2025-01-10T10:01:17.986+0000] {taskinstance.py:3132} INFO - Exporting env vars: AIRFLOW_CTX_DAG_OWNER='***' AIRFLOW_CTX_DAG_ID='example_bash_decorator' AIRFLOW_CTX_TASK_ID='also_run_this' AIRFLOW_CTX_EXECUTION_DATE='2025-01-10T10:01:12.886807+00:00' AIRFLOW_CTX_TRY_NUMBER='1' AIRFLOW_CTX_DAG_RUN_ID='manual__2025-01-10T10:01:12.886807+00:00'
[2025-01-10T10:01:17.989+0000] {logging_mixin.py:190} INFO - Task instance is in running state
[2025-01-10T10:01:17.990+0000] {logging_mixin.py:190} INFO -  Previous state of the Task instance: queued
[2025-01-10T10:01:17.991+0000] {logging_mixin.py:190} INFO - Current task name:also_run_this state:running start_date:2025-01-10 10:01:17.254052+00:00
[2025-01-10T10:01:17.992+0000] {logging_mixin.py:190} INFO - Dag name:example_bash_decorator and current dag run status:running
[2025-01-10T10:01:17.993+0000] {taskinstance.py:731} INFO - ::endgroup::
[2025-01-10T10:01:18.041+0000] {subprocess.py:78} INFO - Tmp dir root location: /tmp
[2025-01-10T10:01:18.044+0000] {subprocess.py:88} INFO - Running command: ['/usr/bin/bash', '-c', 'echo "ti_key=example_bash_decorator__also_run_this__20250110"']
[2025-01-10T10:01:18.084+0000] {subprocess.py:99} INFO - Output:
[2025-01-10T10:01:18.087+0000] {subprocess.py:106} INFO - ti_key=example_bash_decorator__also_run_this__20250110
[2025-01-10T10:01:18.088+0000] {subprocess.py:110} INFO - Command exited with return code 0
[2025-01-10T10:01:18.144+0000] {taskinstance.py:340} INFO - ::group::Post task execution logs
[2025-01-10T10:01:18.146+0000] {taskinstance.py:352} INFO - Marking task as SUCCESS. dag_id=example_bash_decorator, task_id=also_run_this, run_id=manual__2025-01-10T10:01:12.886807+00:00, execution_date=20250110T100112, start_date=20250110T100117, end_date=20250110T100118
[2025-01-10T10:01:18.166+0000] {logging_mixin.py:190} INFO - Task instance in success state
[2025-01-10T10:01:18.167+0000] {logging_mixin.py:190} INFO -  Previous state of the Task instance: running
[2025-01-10T10:01:18.169+0000] {logging_mixin.py:190} INFO - Dag name:example_bash_decorator queued_at:2025-01-10 10:01:12.906719+00:00
[2025-01-10T10:01:18.169+0000] {logging_mixin.py:190} INFO - Task hostname:f99ce696fe80 operator:_BashDecoratedOperator
[2025-01-10T10:01:18.212+0000] {local_task_job_runner.py:266} INFO - Task exited with return code 0
[2025-01-10T10:01:18.231+0000] {local_task_job_runner.py:245} INFO - ::endgroup::
