[2025-01-11T09:15:19.919+0000] {local_task_job_runner.py:123} INFO - ::group::Pre task execution logs
[2025-01-11T09:15:19.962+0000] {taskinstance.py:2613} INFO - Dependencies all met for dep_context=non-requeueable deps ti=<TaskInstance: first_dag.first_task scheduled__2025-01-11T04:00:00+00:00 [queued]>
[2025-01-11T09:15:19.983+0000] {taskinstance.py:2613} INFO - Dependencies all met for dep_context=requeueable deps ti=<TaskInstance: first_dag.first_task scheduled__2025-01-11T04:00:00+00:00 [queued]>
[2025-01-11T09:15:19.985+0000] {taskinstance.py:2866} INFO - Starting attempt 1 of 6
[2025-01-11T09:15:20.026+0000] {taskinstance.py:2889} INFO - Executing <Task(BashOperator): first_task> on 2025-01-11 04:00:00+00:00
[2025-01-11T09:15:20.043+0000] {standard_task_runner.py:104} INFO - Running: ['***', 'tasks', 'run', 'first_dag', 'first_task', 'scheduled__2025-01-11T04:00:00+00:00', '--job-id', '65', '--raw', '--subdir', 'DAGS_FOLDER/first_dag.py', '--cfg-path', '/tmp/tmp9zygxy3_']
[2025-01-11T09:15:20.048+0000] {standard_task_runner.py:105} INFO - Job 65: Subtask first_task
[2025-01-11T09:15:20.052+0000] {logging_mixin.py:190} WARNING - /home/***/.local/lib/python3.12/site-packages/***/task/task_runner/standard_task_runner.py:70 DeprecationWarning: This process (pid=1623) is multi-threaded, use of fork() may lead to deadlocks in the child.
[2025-01-11T09:15:20.054+0000] {standard_task_runner.py:72} INFO - Started process 1635 to run task
[2025-01-11T09:15:20.153+0000] {task_command.py:467} INFO - Running <TaskInstance: first_dag.first_task scheduled__2025-01-11T04:00:00+00:00 [running]> on host 8c99cb857b26
[2025-01-11T09:15:20.357+0000] {taskinstance.py:3132} INFO - Exporting env vars: AIRFLOW_CTX_DAG_OWNER='Khanh' AIRFLOW_CTX_DAG_ID='first_dag' AIRFLOW_CTX_TASK_ID='first_task' AIRFLOW_CTX_EXECUTION_DATE='2025-01-11T04:00:00+00:00' AIRFLOW_CTX_TRY_NUMBER='1' AIRFLOW_CTX_DAG_RUN_ID='scheduled__2025-01-11T04:00:00+00:00'
[2025-01-11T09:15:20.359+0000] {taskinstance.py:731} INFO - ::endgroup::
[2025-01-11T09:15:20.403+0000] {subprocess.py:78} INFO - Tmp dir root location: /tmp
[2025-01-11T09:15:20.406+0000] {subprocess.py:88} INFO - Running command: ['/usr/bin/bash', '-c', 'echo hello world!']
[2025-01-11T09:15:20.437+0000] {subprocess.py:99} INFO - Output:
[2025-01-11T09:15:20.444+0000] {subprocess.py:106} INFO - hello world!
[2025-01-11T09:15:20.446+0000] {subprocess.py:110} INFO - Command exited with return code 0
[2025-01-11T09:15:20.526+0000] {taskinstance.py:340} INFO - ::group::Post task execution logs
[2025-01-11T09:15:20.528+0000] {taskinstance.py:352} INFO - Marking task as SUCCESS. dag_id=first_dag, task_id=first_task, run_id=scheduled__2025-01-11T04:00:00+00:00, execution_date=20250111T040000, start_date=20250111T091519, end_date=20250111T091520
[2025-01-11T09:15:20.599+0000] {local_task_job_runner.py:266} INFO - Task exited with return code 0
[2025-01-11T09:15:20.622+0000] {local_task_job_runner.py:245} INFO - ::endgroup::
