[2025-01-10T10:02:55.411+0000] {local_task_job_runner.py:123} INFO - ::group::Pre task execution logs
[2025-01-10T10:02:55.484+0000] {taskinstance.py:2613} INFO - Dependencies all met for dep_context=non-requeueable deps ti=<TaskInstance: example_bash_decorator.runme_2 manual__2025-01-10T10:01:12.886807+00:00 [queued]>
[2025-01-10T10:02:55.511+0000] {taskinstance.py:2613} INFO - Dependencies all met for dep_context=requeueable deps ti=<TaskInstance: example_bash_decorator.runme_2 manual__2025-01-10T10:01:12.886807+00:00 [queued]>
[2025-01-10T10:02:55.512+0000] {taskinstance.py:2866} INFO - Starting attempt 2 of 2
[2025-01-10T10:02:55.547+0000] {taskinstance.py:2889} INFO - Executing <Task(_BashDecoratedOperator): runme_2> on 2025-01-10 10:01:12.886807+00:00
[2025-01-10T10:02:55.579+0000] {logging_mixin.py:190} WARNING - /home/***/.local/lib/python3.12/site-packages/***/task/task_runner/standard_task_runner.py:70 DeprecationWarning: This process (pid=8287) is multi-threaded, use of fork() may lead to deadlocks in the child.
[2025-01-10T10:02:55.576+0000] {standard_task_runner.py:104} INFO - Running: ['***', 'tasks', 'run', 'example_bash_decorator', 'runme_2', 'manual__2025-01-10T10:01:12.886807+00:00', '--job-id', '40', '--raw', '--subdir', '/home/***/.local/lib/python3.12/site-packages/***/example_dags/example_bash_decorator.py', '--cfg-path', '/tmp/tmp6jkol_ju']
[2025-01-10T10:02:55.588+0000] {standard_task_runner.py:72} INFO - Started process 8305 to run task
[2025-01-10T10:02:55.589+0000] {standard_task_runner.py:105} INFO - Job 40: Subtask runme_2
[2025-01-10T10:02:55.706+0000] {task_command.py:467} INFO - Running <TaskInstance: example_bash_decorator.runme_2 manual__2025-01-10T10:01:12.886807+00:00 [running]> on host f99ce696fe80
[2025-01-10T10:02:55.908+0000] {taskinstance.py:3132} INFO - Exporting env vars: AIRFLOW_CTX_DAG_OWNER='***' AIRFLOW_CTX_DAG_ID='example_bash_decorator' AIRFLOW_CTX_TASK_ID='runme_2' AIRFLOW_CTX_EXECUTION_DATE='2025-01-10T10:01:12.886807+00:00' AIRFLOW_CTX_TRY_NUMBER='2' AIRFLOW_CTX_DAG_RUN_ID='manual__2025-01-10T10:01:12.886807+00:00'
[2025-01-10T10:02:55.911+0000] {logging_mixin.py:190} INFO - Task instance is in running state
[2025-01-10T10:02:55.912+0000] {logging_mixin.py:190} INFO -  Previous state of the Task instance: queued
[2025-01-10T10:02:55.914+0000] {logging_mixin.py:190} INFO - Current task name:runme_2 state:running start_date:2025-01-10 10:02:55.487101+00:00
[2025-01-10T10:02:55.915+0000] {logging_mixin.py:190} INFO - Dag name:example_bash_decorator and current dag run status:running
[2025-01-10T10:02:55.916+0000] {taskinstance.py:731} INFO - ::endgroup::
[2025-01-10T10:02:55.971+0000] {subprocess.py:78} INFO - Tmp dir root location: /tmp
[2025-01-10T10:02:55.974+0000] {subprocess.py:88} INFO - Running command: ['/usr/bin/bash', '-c', 'echo example_bash_decorator__runme_2__20250110 && sleep 2']
[2025-01-10T10:02:56.009+0000] {subprocess.py:99} INFO - Output:
[2025-01-10T10:02:56.013+0000] {subprocess.py:106} INFO - example_bash_decorator__runme_2__20250110
[2025-01-10T10:02:58.017+0000] {subprocess.py:110} INFO - Command exited with return code 0
[2025-01-10T10:02:58.049+0000] {taskinstance.py:340} INFO - ::group::Post task execution logs
[2025-01-10T10:02:58.050+0000] {taskinstance.py:352} INFO - Marking task as SUCCESS. dag_id=example_bash_decorator, task_id=runme_2, run_id=manual__2025-01-10T10:01:12.886807+00:00, execution_date=20250110T100112, start_date=20250110T100255, end_date=20250110T100258
[2025-01-10T10:02:58.064+0000] {logging_mixin.py:190} INFO - Task instance in success state
[2025-01-10T10:02:58.065+0000] {logging_mixin.py:190} INFO -  Previous state of the Task instance: running
[2025-01-10T10:02:58.065+0000] {logging_mixin.py:190} INFO - Dag name:example_bash_decorator queued_at:2025-01-10 10:02:52.663579+00:00
[2025-01-10T10:02:58.066+0000] {logging_mixin.py:190} INFO - Task hostname:f99ce696fe80 operator:_BashDecoratedOperator
[2025-01-10T10:02:58.114+0000] {local_task_job_runner.py:266} INFO - Task exited with return code 0
[2025-01-10T10:02:58.145+0000] {taskinstance.py:3895} INFO - 1 downstream tasks scheduled from follow-on schedule check
[2025-01-10T10:02:58.148+0000] {local_task_job_runner.py:245} INFO - ::endgroup::
