[2025-01-10T10:01:55.043+0000] {local_task_job_runner.py:123} INFO - ::group::Pre task execution logs
[2025-01-10T10:01:55.091+0000] {taskinstance.py:2613} INFO - Dependencies all met for dep_context=non-requeueable deps ti=<TaskInstance: example_bash_decorator.runme_0 manual__2025-01-10T10:01:51.890634+00:00 [queued]>
[2025-01-10T10:01:55.111+0000] {taskinstance.py:2613} INFO - Dependencies all met for dep_context=requeueable deps ti=<TaskInstance: example_bash_decorator.runme_0 manual__2025-01-10T10:01:51.890634+00:00 [queued]>
[2025-01-10T10:01:55.112+0000] {taskinstance.py:2866} INFO - Starting attempt 1 of 1
[2025-01-10T10:01:55.144+0000] {taskinstance.py:2889} INFO - Executing <Task(_BashDecoratedOperator): runme_0> on 2025-01-10 10:01:51.890634+00:00
[2025-01-10T10:01:55.169+0000] {standard_task_runner.py:104} INFO - Running: ['***', 'tasks', 'run', 'example_bash_decorator', 'runme_0', 'manual__2025-01-10T10:01:51.890634+00:00', '--job-id', '13', '--raw', '--subdir', '/home/***/.local/lib/python3.12/site-packages/***/example_dags/example_bash_decorator.py', '--cfg-path', '/tmp/tmp7no_f_d5']
[2025-01-10T10:01:55.173+0000] {standard_task_runner.py:105} INFO - Job 13: Subtask runme_0
[2025-01-10T10:01:55.180+0000] {logging_mixin.py:190} WARNING - /home/***/.local/lib/python3.12/site-packages/***/task/task_runner/standard_task_runner.py:70 DeprecationWarning: This process (pid=7625) is multi-threaded, use of fork() may lead to deadlocks in the child.
[2025-01-10T10:01:55.182+0000] {standard_task_runner.py:72} INFO - Started process 7638 to run task
[2025-01-10T10:01:55.456+0000] {task_command.py:467} INFO - Running <TaskInstance: example_bash_decorator.runme_0 manual__2025-01-10T10:01:51.890634+00:00 [running]> on host f99ce696fe80
[2025-01-10T10:01:55.782+0000] {taskinstance.py:3132} INFO - Exporting env vars: AIRFLOW_CTX_DAG_OWNER='***' AIRFLOW_CTX_DAG_ID='example_bash_decorator' AIRFLOW_CTX_TASK_ID='runme_0' AIRFLOW_CTX_EXECUTION_DATE='2025-01-10T10:01:51.890634+00:00' AIRFLOW_CTX_TRY_NUMBER='1' AIRFLOW_CTX_DAG_RUN_ID='manual__2025-01-10T10:01:51.890634+00:00'
[2025-01-10T10:01:55.790+0000] {logging_mixin.py:190} INFO - Task instance is in running state
[2025-01-10T10:01:55.798+0000] {logging_mixin.py:190} INFO -  Previous state of the Task instance: queued
[2025-01-10T10:01:55.801+0000] {logging_mixin.py:190} INFO - Current task name:runme_0 state:running start_date:2025-01-10 10:01:55.092764+00:00
[2025-01-10T10:01:55.803+0000] {logging_mixin.py:190} INFO - Dag name:example_bash_decorator and current dag run status:running
[2025-01-10T10:01:55.804+0000] {taskinstance.py:731} INFO - ::endgroup::
[2025-01-10T10:01:55.893+0000] {subprocess.py:78} INFO - Tmp dir root location: /tmp
[2025-01-10T10:01:55.901+0000] {subprocess.py:88} INFO - Running command: ['/usr/bin/bash', '-c', 'echo example_bash_decorator__runme_0__20250110 && sleep 0']
[2025-01-10T10:01:55.968+0000] {subprocess.py:99} INFO - Output:
[2025-01-10T10:01:55.972+0000] {subprocess.py:106} INFO - example_bash_decorator__runme_0__20250110
[2025-01-10T10:01:55.982+0000] {subprocess.py:110} INFO - Command exited with return code 0
[2025-01-10T10:01:56.057+0000] {taskinstance.py:340} INFO - ::group::Post task execution logs
[2025-01-10T10:01:56.060+0000] {taskinstance.py:352} INFO - Marking task as SUCCESS. dag_id=example_bash_decorator, task_id=runme_0, run_id=manual__2025-01-10T10:01:51.890634+00:00, execution_date=20250110T100151, start_date=20250110T100155, end_date=20250110T100156
[2025-01-10T10:01:56.088+0000] {logging_mixin.py:190} INFO - Task instance in success state
[2025-01-10T10:01:56.091+0000] {logging_mixin.py:190} INFO -  Previous state of the Task instance: running
[2025-01-10T10:01:56.095+0000] {logging_mixin.py:190} INFO - Dag name:example_bash_decorator queued_at:2025-01-10 10:01:51.911452+00:00
[2025-01-10T10:01:56.097+0000] {logging_mixin.py:190} INFO - Task hostname:f99ce696fe80 operator:_BashDecoratedOperator
[2025-01-10T10:01:56.147+0000] {local_task_job_runner.py:266} INFO - Task exited with return code 0
[2025-01-10T10:01:56.223+0000] {taskinstance.py:3895} INFO - 0 downstream tasks scheduled from follow-on schedule check
[2025-01-10T10:01:56.228+0000] {local_task_job_runner.py:245} INFO - ::endgroup::
